
*** Running vivado
    with args -log Counter8bit.vdi -applog -m64 -product Vivado -messageDb vivado.pb -mode batch -source Counter8bit.tcl -notrace


****** Vivado v2017.4 (64-bit)
  **** SW Build 2086221 on Fri Dec 15 20:55:39 MST 2017
  **** IP Build 2085800 on Fri Dec 15 22:25:07 MST 2017
    ** Copyright 1986-2017 Xilinx, Inc. All Rights Reserved.

source Counter8bit.tcl -notrace
Command: link_design -top Counter8bit -part xc7vx485tffg1157-1
Design is defaulting to srcset: sources_1
Design is defaulting to constrset: constrs_1
INFO: [Netlist 29-17] Analyzing 2 Unisim elements for replacement
INFO: [Netlist 29-28] Unisim Transformation completed in 0 CPU seconds
INFO: [Project 1-479] Netlist was created with Vivado 2017.4
INFO: [Device 21-403] Loading part xc7vx485tffg1157-1
INFO: [Project 1-570] Preparing netlist for logic optimization
INFO: [Opt 31-138] Pushed 0 inverter(s) to 0 load pin(s).
INFO: [Project 1-111] Unisim Transformation Summary:
No Unisim elements were transformed.

7 Infos, 0 Warnings, 0 Critical Warnings and 0 Errors encountered.
link_design completed successfully
link_design: Time (s): cpu = 00:00:08 ; elapsed = 00:00:14 . Memory (MB): peak = 772.965 ; gain = 491.008
Command: opt_design
Attempting to get a license for feature 'Implementation' and/or device 'xc7vx485t'
INFO: [Common 17-349] Got license for feature 'Implementation' and/or device 'xc7vx485t'
Running DRC as a precondition to command opt_design

Starting DRC Task
INFO: [DRC 23-27] Running DRC with 2 threads
INFO: [Project 1-461] DRC finished with 0 Errors
INFO: [Project 1-462] Please refer to the DRC report (report_drc) for more information.

Time (s): cpu = 00:00:01 ; elapsed = 00:00:00.619 . Memory (MB): peak = 788.543 ; gain = 7.023
INFO: [Timing 38-35] Done setting XDC timing constraints.

Starting Logic Optimization Task

Phase 1 Retarget
INFO: [Opt 31-138] Pushed 0 inverter(s) to 0 load pin(s).
INFO: [Opt 31-49] Retargeted 0 cell(s).
Phase 1 Retarget | Checksum: d92368d9

Time (s): cpu = 00:00:00 ; elapsed = 00:00:00.004 . Memory (MB): peak = 1449.645 ; gain = 0.000
INFO: [Opt 31-389] Phase Retarget created 0 cells and removed 0 cells

Phase 2 Constant propagation
INFO: [Opt 31-138] Pushed 0 inverter(s) to 0 load pin(s).
Phase 2 Constant propagation | Checksum: d92368d9

Time (s): cpu = 00:00:00 ; elapsed = 00:00:00.005 . Memory (MB): peak = 1449.645 ; gain = 0.000
INFO: [Opt 31-389] Phase Constant propagation created 0 cells and removed 0 cells

Phase 3 Sweep
Phase 3 Sweep | Checksum: d92368d9

Time (s): cpu = 00:00:00 ; elapsed = 00:00:00.006 . Memory (MB): peak = 1449.645 ; gain = 0.000
INFO: [Opt 31-389] Phase Sweep created 0 cells and removed 0 cells

Phase 4 BUFG optimization
Phase 4 BUFG optimization | Checksum: d92368d9

Time (s): cpu = 00:00:00 ; elapsed = 00:00:00.008 . Memory (MB): peak = 1449.645 ; gain = 0.000
INFO: [Opt 31-389] Phase BUFG optimization created 0 cells and removed 0 cells

Phase 5 Shift Register Optimization
Phase 5 Shift Register Optimization | Checksum: d92368d9

Time (s): cpu = 00:00:00 ; elapsed = 00:00:00.009 . Memory (MB): peak = 1449.645 ; gain = 0.000
INFO: [Opt 31-389] Phase Shift Register Optimization created 0 cells and removed 0 cells

Starting Connectivity Check Task

Time (s): cpu = 00:00:00 ; elapsed = 00:00:00 . Memory (MB): peak = 1449.645 ; gain = 0.000
Ending Logic Optimization Task | Checksum: d92368d9

Time (s): cpu = 00:00:00 ; elapsed = 00:00:00.010 . Memory (MB): peak = 1449.645 ; gain = 0.000

Starting Power Optimization Task
INFO: [Pwropt 34-132] Skipping clock gating for clocks with a period < 2.00 ns.
Ending Power Optimization Task | Checksum: d92368d9

Time (s): cpu = 00:00:00 ; elapsed = 00:00:00.006 . Memory (MB): peak = 1449.645 ; gain = 0.000
INFO: [Common 17-83] Releasing license: Implementation
22 Infos, 0 Warnings, 0 Critical Warnings and 0 Errors encountered.
opt_design completed successfully
opt_design: Time (s): cpu = 00:00:09 ; elapsed = 00:00:15 . Memory (MB): peak = 1449.645 ; gain = 676.680
INFO: [Common 17-1381] The checkpoint 'C:/Users/ADMIN/BoDemTien8Bit/BoDemTien8Bit.runs/impl_1/Counter8bit_opt.dcp' has been generated.
INFO: [runtcl-4] Executing : report_drc -file Counter8bit_drc_opted.rpt -pb Counter8bit_drc_opted.pb -rpx Counter8bit_drc_opted.rpx
Command: report_drc -file Counter8bit_drc_opted.rpt -pb Counter8bit_drc_opted.pb -rpx Counter8bit_drc_opted.rpx
INFO: [IP_Flow 19-234] Refreshing IP repositories
INFO: [IP_Flow 19-1704] No user IP repositories specified
INFO: [IP_Flow 19-2313] Loaded Vivado IP repository 'C:/Xilinx/Vivado/2017.4/data/ip'.
INFO: [DRC 23-27] Running DRC with 2 threads
INFO: [Coretcl 2-168] The results of DRC are in file C:/Users/ADMIN/BoDemTien8Bit/BoDemTien8Bit.runs/impl_1/Counter8bit_drc_opted.rpt.
report_drc completed successfully
INFO: [Chipscope 16-241] No debug cores found in the current design.
Before running the implement_debug_core command, either use the Set Up Debug wizard (GUI mode)
or use the create_debug_core and connect_debug_core Tcl commands to insert debug cores into the design.
Command: place_design
Attempting to get a license for feature 'Implementation' and/or device 'xc7vx485t'
INFO: [Common 17-349] Got license for feature 'Implementation' and/or device 'xc7vx485t'
INFO: [DRC 23-27] Running DRC with 2 threads
INFO: [Vivado_Tcl 4-198] DRC finished with 0 Errors
INFO: [Vivado_Tcl 4-199] Please refer to the DRC report (report_drc) for more information.
Running DRC as a precondition to command place_design
INFO: [DRC 23-27] Running DRC with 2 threads
INFO: [Vivado_Tcl 4-198] DRC finished with 0 Errors
INFO: [Vivado_Tcl 4-199] Please refer to the DRC report (report_drc) for more information.

Starting Placer Task
INFO: [Place 30-611] Multithreading enabled for place_design using a maximum of 2 CPUs

Phase 1 Placer Initialization

Phase 1.1 Placer Initialization Netlist Sorting
Netlist sorting complete. Time (s): cpu = 00:00:00 ; elapsed = 00:00:00 . Memory (MB): peak = 1449.645 ; gain = 0.000
Phase 1.1 Placer Initialization Netlist Sorting | Checksum: 4608a556

Time (s): cpu = 00:00:00 ; elapsed = 00:00:00.004 . Memory (MB): peak = 1449.645 ; gain = 0.000
Netlist sorting complete. Time (s): cpu = 00:00:00 ; elapsed = 00:00:00 . Memory (MB): peak = 1449.645 ; gain = 0.000

Phase 1.2 IO Placement/ Clock Placement/ Build Placer Device
INFO: [Timing 38-35] Done setting XDC timing constraints.
Phase 1.2 IO Placement/ Clock Placement/ Build Placer Device | Checksum: 171b2f893

Time (s): cpu = 00:00:05 ; elapsed = 00:00:06 . Memory (MB): peak = 1460.449 ; gain = 10.805

Phase 1.3 Build Placer Netlist Model
Phase 1.3 Build Placer Netlist Model | Checksum: 22fcc2042

Time (s): cpu = 00:00:05 ; elapsed = 00:00:06 . Memory (MB): peak = 1460.449 ; gain = 10.805

Phase 1.4 Constrain Clocks/Macros
Phase 1.4 Constrain Clocks/Macros | Checksum: 22fcc2042

Time (s): cpu = 00:00:05 ; elapsed = 00:00:06 . Memory (MB): peak = 1460.449 ; gain = 10.805
Phase 1 Placer Initialization | Checksum: 22fcc2042

Time (s): cpu = 00:00:05 ; elapsed = 00:00:06 . Memory (MB): peak = 1460.449 ; gain = 10.805

Phase 2 Global Placement
Phase 2 Global Placement | Checksum: 1d566f092

Time (s): cpu = 00:00:06 ; elapsed = 00:00:07 . Memory (MB): peak = 1482.547 ; gain = 32.902

Phase 3 Detail Placement

Phase 3.1 Commit Multi Column Macros
Phase 3.1 Commit Multi Column Macros | Checksum: 1d566f092

Time (s): cpu = 00:00:06 ; elapsed = 00:00:07 . Memory (MB): peak = 1482.547 ; gain = 32.902

Phase 3.2 Commit Most Macros & LUTRAMs
Phase 3.2 Commit Most Macros & LUTRAMs | Checksum: 180fd0b83

Time (s): cpu = 00:00:06 ; elapsed = 00:00:07 . Memory (MB): peak = 1484.168 ; gain = 34.523

Phase 3.3 Area Swap Optimization
Phase 3.3 Area Swap Optimization | Checksum: 21ff3fbf2

Time (s): cpu = 00:00:06 ; elapsed = 00:00:07 . Memory (MB): peak = 1484.168 ; gain = 34.523

Phase 3.4 Pipeline Register Optimization
Phase 3.4 Pipeline Register Optimization | Checksum: 21ff3fbf2

Time (s): cpu = 00:00:06 ; elapsed = 00:00:07 . Memory (MB): peak = 1484.168 ; gain = 34.523

Phase 3.5 Small Shape Detail Placement
Phase 3.5 Small Shape Detail Placement | Checksum: fc62961b

Time (s): cpu = 00:00:07 ; elapsed = 00:00:08 . Memory (MB): peak = 1512.168 ; gain = 62.523

Phase 3.6 Re-assign LUT pins
Phase 3.6 Re-assign LUT pins | Checksum: fc62961b

Time (s): cpu = 00:00:07 ; elapsed = 00:00:08 . Memory (MB): peak = 1512.168 ; gain = 62.523

Phase 3.7 Pipeline Register Optimization
Phase 3.7 Pipeline Register Optimization | Checksum: fc62961b

Time (s): cpu = 00:00:07 ; elapsed = 00:00:08 . Memory (MB): peak = 1512.168 ; gain = 62.523
Phase 3 Detail Placement | Checksum: fc62961b

Time (s): cpu = 00:00:07 ; elapsed = 00:00:08 . Memory (MB): peak = 1512.168 ; gain = 62.523

Phase 4 Post Placement Optimization and Clean-Up

Phase 4.1 Post Commit Optimization
Phase 4.1 Post Commit Optimization | Checksum: fc62961b

Time (s): cpu = 00:00:07 ; elapsed = 00:00:08 . Memory (MB): peak = 1512.168 ; gain = 62.523

Phase 4.2 Post Placement Cleanup
Phase 4.2 Post Placement Cleanup | Checksum: fc62961b

Time (s): cpu = 00:00:07 ; elapsed = 00:00:08 . Memory (MB): peak = 1512.168 ; gain = 62.523

Phase 4.3 Placer Reporting
Phase 4.3 Placer Reporting | Checksum: fc62961b

Time (s): cpu = 00:00:07 ; elapsed = 00:00:08 . Memory (MB): peak = 1512.168 ; gain = 62.523

Phase 4.4 Final Placement Cleanup
Phase 4.4 Final Placement Cleanup | Checksum: 5ff19447

Time (s): cpu = 00:00:07 ; elapsed = 00:00:08 . Memory (MB): peak = 1512.168 ; gain = 62.523
Phase 4 Post Placement Optimization and Clean-Up | Checksum: 5ff19447

Time (s): cpu = 00:00:07 ; elapsed = 00:00:08 . Memory (MB): peak = 1512.168 ; gain = 62.523
Ending Placer Task | Checksum: 27e2e365

Time (s): cpu = 00:00:07 ; elapsed = 00:00:08 . Memory (MB): peak = 1512.168 ; gain = 62.523
INFO: [Common 17-83] Releasing license: Implementation
40 Infos, 0 Warnings, 0 Critical Warnings and 0 Errors encountered.
place_design completed successfully
place_design: Time (s): cpu = 00:00:08 ; elapsed = 00:00:10 . Memory (MB): peak = 1512.168 ; gain = 62.523
Writing placer database...
Writing XDEF routing.
Writing XDEF routing logical nets.
Writing XDEF routing special nets.
Write XDEF Complete: Time (s): cpu = 00:00:00 ; elapsed = 00:00:00.142 . Memory (MB): peak = 1512.168 ; gain = 0.000
INFO: [Common 17-1381] The checkpoint 'C:/Users/ADMIN/BoDemTien8Bit/BoDemTien8Bit.runs/impl_1/Counter8bit_placed.dcp' has been generated.
INFO: [runtcl-4] Executing : report_io -file Counter8bit_io_placed.rpt
report_io: Time (s): cpu = 00:00:00 ; elapsed = 00:00:00.135 . Memory (MB): peak = 1512.168 ; gain = 0.000
INFO: [runtcl-4] Executing : report_utilization -file Counter8bit_utilization_placed.rpt -pb Counter8bit_utilization_placed.pb
report_utilization: Time (s): cpu = 00:00:00 ; elapsed = 00:00:00.297 . Memory (MB): peak = 1512.168 ; gain = 0.000
INFO: [runtcl-4] Executing : report_control_sets -verbose -file Counter8bit_control_sets_placed.rpt
report_control_sets: Time (s): cpu = 00:00:00 ; elapsed = 00:00:00.001 . Memory (MB): peak = 1512.168 ; gain = 0.000
Command: route_design
Attempting to get a license for feature 'Implementation' and/or device 'xc7vx485t'
INFO: [Common 17-349] Got license for feature 'Implementation' and/or device 'xc7vx485t'
Running DRC as a precondition to command route_design
INFO: [DRC 23-27] Running DRC with 2 threads
INFO: [Vivado_Tcl 4-198] DRC finished with 0 Errors
INFO: [Vivado_Tcl 4-199] Please refer to the DRC report (report_drc) for more information.


Starting Routing Task
INFO: [Route 35-254] Multithreading enabled for route_design using a maximum of 2 CPUs
Checksum: PlaceDB: 795d1ae ConstDB: 0 ShapeSum: 204d11b7 RouteDB: 0

Phase 1 Build RT Design
Phase 1 Build RT Design | Checksum: cedb4b38

Time (s): cpu = 00:00:45 ; elapsed = 00:00:52 . Memory (MB): peak = 1892.148 ; gain = 379.980
Post Restoration Checksum: NetGraph: a0ce30fb NumContArr: 2e0d1a3d Constraints: 0 Timing: 0

Phase 2 Router Initialization
INFO: [Route 35-64] No timing constraints were detected. The router will operate in resource-optimization mode.

Phase 2.1 Fix Topology Constraints
Phase 2.1 Fix Topology Constraints | Checksum: cedb4b38

Time (s): cpu = 00:00:45 ; elapsed = 00:00:53 . Memory (MB): peak = 1894.508 ; gain = 382.340

Phase 2.2 Pre Route Cleanup
Phase 2.2 Pre Route Cleanup | Checksum: cedb4b38

Time (s): cpu = 00:00:45 ; elapsed = 00:00:53 . Memory (MB): peak = 1894.508 ; gain = 382.340
 Number of Nodes with overlaps = 0
Phase 2 Router Initialization | Checksum: 1cdff7590

Time (s): cpu = 00:00:46 ; elapsed = 00:00:54 . Memory (MB): peak = 1977.188 ; gain = 465.020

Phase 3 Initial Routing
Phase 3 Initial Routing | Checksum: 12807ce07

Time (s): cpu = 00:00:46 ; elapsed = 00:00:54 . Memory (MB): peak = 1977.188 ; gain = 465.020

Phase 4 Rip-up And Reroute

Phase 4.1 Global Iteration 0
 Number of Nodes with overlaps = 0
Phase 4.1 Global Iteration 0 | Checksum: 109251d59

Time (s): cpu = 00:00:46 ; elapsed = 00:00:54 . Memory (MB): peak = 1977.188 ; gain = 465.020
Phase 4 Rip-up And Reroute | Checksum: 109251d59

Time (s): cpu = 00:00:46 ; elapsed = 00:00:54 . Memory (MB): peak = 1977.188 ; gain = 465.020

Phase 5 Delay and Skew Optimization
Phase 5 Delay and Skew Optimization | Checksum: 109251d59

Time (s): cpu = 00:00:46 ; elapsed = 00:00:54 . Memory (MB): peak = 1977.188 ; gain = 465.020

Phase 6 Post Hold Fix

Phase 6.1 Hold Fix Iter
Phase 6.1 Hold Fix Iter | Checksum: 109251d59

Time (s): cpu = 00:00:46 ; elapsed = 00:00:54 . Memory (MB): peak = 1977.188 ; gain = 465.020
Phase 6 Post Hold Fix | Checksum: 109251d59

Time (s): cpu = 00:00:46 ; elapsed = 00:00:54 . Memory (MB): peak = 1977.188 ; gain = 465.020

Phase 7 Route finalize

Router Utilization Summary
  Global Vertical Routing Utilization    = 0.000203593 %
  Global Horizontal Routing Utilization  = 0.000124626 %
  Routable Net Status*
  *Does not include unroutable nets such as driverless and loadless.
  Run report_route_status for detailed report.
  Number of Failed Nets               = 0
  Number of Unrouted Nets             = 0
  Number of Partially Routed Nets     = 0
  Number of Node Overlaps             = 0

Utilization threshold used for congestion level computation: 0.85
Congestion Report
North Dir 1x1 Area, Max Cong = 2.7027%, No Congested Regions.
South Dir 1x1 Area, Max Cong = 3.6036%, No Congested Regions.
East Dir 1x1 Area, Max Cong = 5.88235%, No Congested Regions.
West Dir 1x1 Area, Max Cong = 1.47059%, No Congested Regions.
Phase 7 Route finalize | Checksum: 109251d59

Time (s): cpu = 00:00:46 ; elapsed = 00:00:54 . Memory (MB): peak = 1977.188 ; gain = 465.020

Phase 8 Verifying routed nets

 Verification completed successfully
Phase 8 Verifying routed nets | Checksum: 109251d59

Time (s): cpu = 00:00:46 ; elapsed = 00:00:54 . Memory (MB): peak = 1977.188 ; gain = 465.020

Phase 9 Depositing Routes
Phase 9 Depositing Routes | Checksum: 8d80c21a

Time (s): cpu = 00:00:46 ; elapsed = 00:00:54 . Memory (MB): peak = 1977.188 ; gain = 465.020
INFO: [Route 35-16] Router Completed Successfully

Time (s): cpu = 00:00:46 ; elapsed = 00:00:54 . Memory (MB): peak = 1977.188 ; gain = 465.020

Routing Is Done.
INFO: [Common 17-83] Releasing license: Implementation
52 Infos, 0 Warnings, 0 Critical Warnings and 0 Errors encountered.
route_design completed successfully
route_design: Time (s): cpu = 00:00:48 ; elapsed = 00:00:56 . Memory (MB): peak = 1977.188 ; gain = 465.020
Writing placer database...
Writing XDEF routing.
Writing XDEF routing logical nets.
Writing XDEF routing special nets.
Write XDEF Complete: Time (s): cpu = 00:00:01 ; elapsed = 00:00:00.108 . Memory (MB): peak = 1977.188 ; gain = 0.000
INFO: [Common 17-1381] The checkpoint 'C:/Users/ADMIN/BoDemTien8Bit/BoDemTien8Bit.runs/impl_1/Counter8bit_routed.dcp' has been generated.
INFO: [runtcl-4] Executing : report_drc -file Counter8bit_drc_routed.rpt -pb Counter8bit_drc_routed.pb -rpx Counter8bit_drc_routed.rpx
Command: report_drc -file Counter8bit_drc_routed.rpt -pb Counter8bit_drc_routed.pb -rpx Counter8bit_drc_routed.rpx
INFO: [IP_Flow 19-1839] IP Catalog is up to date.
INFO: [DRC 23-27] Running DRC with 2 threads
INFO: [Coretcl 2-168] The results of DRC are in file C:/Users/ADMIN/BoDemTien8Bit/BoDemTien8Bit.runs/impl_1/Counter8bit_drc_routed.rpt.
report_drc completed successfully
INFO: [runtcl-4] Executing : report_methodology -file Counter8bit_methodology_drc_routed.rpt -pb Counter8bit_methodology_drc_routed.pb -rpx Counter8bit_methodology_drc_routed.rpx
Command: report_methodology -file Counter8bit_methodology_drc_routed.rpt -pb Counter8bit_methodology_drc_routed.pb -rpx Counter8bit_methodology_drc_routed.rpx
INFO: [Timing 38-35] Done setting XDC timing constraints.
INFO: [Timing 38-35] Done setting XDC timing constraints.
INFO: [DRC 23-133] Running Methodology with 2 threads
INFO: [Coretcl 2-1520] The results of Report Methodology are in file C:/Users/ADMIN/BoDemTien8Bit/BoDemTien8Bit.runs/impl_1/Counter8bit_methodology_drc_routed.rpt.
report_methodology completed successfully
INFO: [runtcl-4] Executing : report_power -file Counter8bit_power_routed.rpt -pb Counter8bit_power_summary_routed.pb -rpx Counter8bit_power_routed.rpx
Command: report_power -file Counter8bit_power_routed.rpt -pb Counter8bit_power_summary_routed.pb -rpx Counter8bit_power_routed.rpx
WARNING: [Power 33-232] No user defined clocks were found in the design!
Resolution: Please specify clocks using create_clock/create_generated_clock for sequential elements. For pure combinatorial circuits, please specify a virtual clock, otherwise the vectorless estimation might be inaccurate
INFO: [Timing 38-35] Done setting XDC timing constraints.
Running Vector-less Activity Propagation...

Finished Running Vector-less Activity Propagation
64 Infos, 1 Warnings, 0 Critical Warnings and 0 Errors encountered.
report_power completed successfully
INFO: [runtcl-4] Executing : report_route_status -file Counter8bit_route_status.rpt -pb Counter8bit_route_status.pb
INFO: [runtcl-4] Executing : report_timing_summary -max_paths 10 -file Counter8bit_timing_summary_routed.rpt -rpx Counter8bit_timing_summary_routed.rpx -warn_on_violation 
INFO: [Timing 38-91] UpdateTimingParams: Speed grade: -1, Delay Type: min_max.
INFO: [Timing 38-191] Multithreading enabled for timing update using a maximum of 2 CPUs
WARNING: [Timing 38-313] There are no user specified timing constraints. Timing constraints are needed for proper timing analysis.
INFO: [runtcl-4] Executing : report_incremental_reuse -file Counter8bit_incremental_reuse_routed.rpt
INFO: [Vivado_Tcl 4-545] No incremental reuse to report, no incremental placement and routing data was found.
INFO: [runtcl-4] Executing : report_clock_utilization -file Counter8bit_clock_utilization_routed.rpt
report_clock_utilization: Time (s): cpu = 00:00:05 ; elapsed = 00:00:07 . Memory (MB): peak = 1977.188 ; gain = 0.000
INFO: [Common 17-206] Exiting Vivado at Thu Feb  1 08:04:01 2024...
