#-----------------------------------------------------------
# Vivado v2017.4 (64-bit)
# SW Build 2086221 on Fri Dec 15 20:55:39 MST 2017
# IP Build 2085800 on Fri Dec 15 22:25:07 MST 2017
# Start of session at: Mon May 27 08:01:56 2024
# Process ID: 20704
# Current directory: C:/xilinx/Downloads/Sine_wave
# Command line: vivado.exe -gui_launcher_event rodinguilauncherevent2552 C:\xilinx\Downloads\Sine_wave\Sine_wave.xpr
# Log file: C:/xilinx/Downloads/Sine_wave/vivado.log
# Journal file: C:/xilinx/Downloads/Sine_wave\vivado.jou
#-----------------------------------------------------------
start_gui
open_project C:/xilinx/Downloads/Sine_wave/Sine_wave.xpr
Scanning sources...
Finished scanning sources
INFO: [IP_Flow 19-234] Refreshing IP repositories
INFO: [IP_Flow 19-1704] No user IP repositories specified
INFO: [IP_Flow 19-2313] Loaded Vivado IP repository 'C:/xilinx/Vivado/2017.4/data/ip'.
open_project: Time (s): cpu = 00:00:05 ; elapsed = 00:00:07 . Memory (MB): peak = 883.750 ; gain = 134.836
update_compile_order -fileset sources_1
open_hw
connect_hw_server
INFO: [Labtools 27-2285] Connecting to hw_server url TCP:localhost:3121
INFO: [Labtools 27-2222] Launching hw_server...
INFO: [Labtools 27-2221] Launch Output:

****** Xilinx hw_server v2017.4
  **** Build date : Dec 15 2017-21:08:27
    ** Copyright 1986-2017 Xilinx, Inc. All Rights Reserved.


open_hw_target
INFO: [Labtoolstcl 44-466] Opening hw_target localhost:3121/xilinx_tcf/Digilent/210512180081
ERROR: [Labtools 27-2269] No devices detected on target localhost:3121/xilinx_tcf/Digilent/210512180081.
Check cable connectivity and that the target board is powered up then
use the disconnect_hw_server and connect_hw_server to re-register this hardware target.
ERROR: [Common 17-39] 'open_hw_target' failed due to earlier errors.
set_property PROBES.FILE {C:/xilinx/Downloads/Sine_wave/Sine_wave.runs/impl_1/sine_wave.ltx} [get_hw_devices xc7a35t_0]
set_property FULL_PROBES.FILE {C:/xilinx/Downloads/Sine_wave/Sine_wave.runs/impl_1/sine_wave.ltx} [get_hw_devices xc7a35t_0]
set_property PROGRAM.FILE {C:/xilinx/Downloads/Sine_wave/Sine_wave.runs/impl_1/sine_wave.bit} [get_hw_devices xc7a35t_0]
program_hw_devices [get_hw_devices xc7a35t_0]
INFO: [Labtools 27-3164] End of startup status: HIGH
refresh_hw_device [lindex [get_hw_devices xc7a35t_0] 0]
INFO: [Labtools 27-2302] Device xc7a35t (JTAG device index = 0) is programmed with a design that has 1 ILA core(s).
display_hw_ila_data [ get_hw_ila_data hw_ila_data_1 -of_objects [get_hw_ilas -of_objects [get_hw_devices xc7a35t_0] -filter {CELL_NAME=~"ila"}]]
INFO: [Labtools 27-3304] ILA Waveform data saved to file C:/xilinx/Downloads/Sine_wave/Sine_wave.hw/backup/hw_ila_data_1.ila. Use Tcl command 'import_hw_ila_data' or Vivado File->Import->Import ILA Data menu item to import the previously saved data.
run_hw_ila [get_hw_ilas -of_objects [get_hw_devices xc7a35t_0] -filter {CELL_NAME=~"ila"}]
INFO: [Labtools 27-1964] The ILA core 'hw_ila_1' trigger was armed at 2024-May-27 08:04:33
wait_on_hw_ila [get_hw_ilas -of_objects [get_hw_devices xc7a35t_0] -filter {CELL_NAME=~"ila"}]
display_hw_ila_data [upload_hw_ila_data [get_hw_ilas -of_objects [get_hw_devices xc7a35t_0] -filter {CELL_NAME=~"ila"}]]
INFO: [Labtools 27-1966] The ILA core 'hw_ila_1' triggered at 2024-May-27 08:04:34
INFO: [Labtools 27-3304] ILA Waveform data saved to file C:/xilinx/Downloads/Sine_wave/Sine_wave.hw/backup/hw_ila_data_1.ila. Use Tcl command 'import_hw_ila_data' or Vivado File->Import->Import ILA Data menu item to import the previously saved data.
run_hw_ila [get_hw_ilas -of_objects [get_hw_devices xc7a35t_0] -filter {CELL_NAME=~"ila"}]
INFO: [Labtools 27-1964] The ILA core 'hw_ila_1' trigger was armed at 2024-May-27 08:05:47
wait_on_hw_ila [get_hw_ilas -of_objects [get_hw_devices xc7a35t_0] -filter {CELL_NAME=~"ila"}]
display_hw_ila_data [upload_hw_ila_data [get_hw_ilas -of_objects [get_hw_devices xc7a35t_0] -filter {CELL_NAME=~"ila"}]]
INFO: [Labtools 27-1966] The ILA core 'hw_ila_1' triggered at 2024-May-27 08:05:47
INFO: [Labtools 27-3304] ILA Waveform data saved to file C:/xilinx/Downloads/Sine_wave/Sine_wave.hw/backup/hw_ila_data_1.ila. Use Tcl command 'import_hw_ila_data' or Vivado File->Import->Import ILA Data menu item to import the previously saved data.
run_hw_ila [get_hw_ilas -of_objects [get_hw_devices xc7a35t_0] -filter {CELL_NAME=~"ila"}]
INFO: [Labtools 27-1964] The ILA core 'hw_ila_1' trigger was armed at 2024-May-27 08:05:50
wait_on_hw_ila [get_hw_ilas -of_objects [get_hw_devices xc7a35t_0] -filter {CELL_NAME=~"ila"}]
display_hw_ila_data [upload_hw_ila_data [get_hw_ilas -of_objects [get_hw_devices xc7a35t_0] -filter {CELL_NAME=~"ila"}]]
INFO: [Labtools 27-1966] The ILA core 'hw_ila_1' triggered at 2024-May-27 08:05:50
INFO: [Labtools 27-3304] ILA Waveform data saved to file C:/xilinx/Downloads/Sine_wave/Sine_wave.hw/backup/hw_ila_data_1.ila. Use Tcl command 'import_hw_ila_data' or Vivado File->Import->Import ILA Data menu item to import the previously saved data.
run_hw_ila [get_hw_ilas -of_objects [get_hw_devices xc7a35t_0] -filter {CELL_NAME=~"ila"}]
INFO: [Labtools 27-1964] The ILA core 'hw_ila_1' trigger was armed at 2024-May-27 08:05:54
wait_on_hw_ila [get_hw_ilas -of_objects [get_hw_devices xc7a35t_0] -filter {CELL_NAME=~"ila"}]
display_hw_ila_data [upload_hw_ila_data [get_hw_ilas -of_objects [get_hw_devices xc7a35t_0] -filter {CELL_NAME=~"ila"}]]
INFO: [Labtools 27-1966] The ILA core 'hw_ila_1' triggered at 2024-May-27 08:05:54
INFO: [Labtools 27-3304] ILA Waveform data saved to file C:/xilinx/Downloads/Sine_wave/Sine_wave.hw/backup/hw_ila_data_1.ila. Use Tcl command 'import_hw_ila_data' or Vivado File->Import->Import ILA Data menu item to import the previously saved data.
run_hw_ila [get_hw_ilas -of_objects [get_hw_devices xc7a35t_0] -filter {CELL_NAME=~"ila"}]
INFO: [Labtools 27-1964] The ILA core 'hw_ila_1' trigger was armed at 2024-May-27 08:05:57
wait_on_hw_ila [get_hw_ilas -of_objects [get_hw_devices xc7a35t_0] -filter {CELL_NAME=~"ila"}]
display_hw_ila_data [upload_hw_ila_data [get_hw_ilas -of_objects [get_hw_devices xc7a35t_0] -filter {CELL_NAME=~"ila"}]]
INFO: [Labtools 27-1966] The ILA core 'hw_ila_1' triggered at 2024-May-27 08:05:57
INFO: [Labtools 27-3304] ILA Waveform data saved to file C:/xilinx/Downloads/Sine_wave/Sine_wave.hw/backup/hw_ila_data_1.ila. Use Tcl command 'import_hw_ila_data' or Vivado File->Import->Import ILA Data menu item to import the previously saved data.
run_hw_ila [get_hw_ilas -of_objects [get_hw_devices xc7a35t_0] -filter {CELL_NAME=~"ila"}]
INFO: [Labtools 27-1964] The ILA core 'hw_ila_1' trigger was armed at 2024-May-27 08:06:01
wait_on_hw_ila [get_hw_ilas -of_objects [get_hw_devices xc7a35t_0] -filter {CELL_NAME=~"ila"}]
display_hw_ila_data [upload_hw_ila_data [get_hw_ilas -of_objects [get_hw_devices xc7a35t_0] -filter {CELL_NAME=~"ila"}]]
INFO: [Labtools 27-1966] The ILA core 'hw_ila_1' triggered at 2024-May-27 08:06:01
INFO: [Labtools 27-3304] ILA Waveform data saved to file C:/xilinx/Downloads/Sine_wave/Sine_wave.hw/backup/hw_ila_data_1.ila. Use Tcl command 'import_hw_ila_data' or Vivado File->Import->Import ILA Data menu item to import the previously saved data.
run_hw_ila [get_hw_ilas -of_objects [get_hw_devices xc7a35t_0] -filter {CELL_NAME=~"ila"}]
INFO: [Labtools 27-1964] The ILA core 'hw_ila_1' trigger was armed at 2024-May-27 08:06:04
wait_on_hw_ila [get_hw_ilas -of_objects [get_hw_devices xc7a35t_0] -filter {CELL_NAME=~"ila"}]
display_hw_ila_data [upload_hw_ila_data [get_hw_ilas -of_objects [get_hw_devices xc7a35t_0] -filter {CELL_NAME=~"ila"}]]
INFO: [Labtools 27-1966] The ILA core 'hw_ila_1' triggered at 2024-May-27 08:06:04
INFO: [Labtools 27-3304] ILA Waveform data saved to file C:/xilinx/Downloads/Sine_wave/Sine_wave.hw/backup/hw_ila_data_1.ila. Use Tcl command 'import_hw_ila_data' or Vivado File->Import->Import ILA Data menu item to import the previously saved data.
run_hw_ila [get_hw_ilas -of_objects [get_hw_devices xc7a35t_0] -filter {CELL_NAME=~"ila"}]
INFO: [Labtools 27-1964] The ILA core 'hw_ila_1' trigger was armed at 2024-May-27 08:06:08
wait_on_hw_ila [get_hw_ilas -of_objects [get_hw_devices xc7a35t_0] -filter {CELL_NAME=~"ila"}]
display_hw_ila_data [upload_hw_ila_data [get_hw_ilas -of_objects [get_hw_devices xc7a35t_0] -filter {CELL_NAME=~"ila"}]]
INFO: [Labtools 27-1966] The ILA core 'hw_ila_1' triggered at 2024-May-27 08:06:08
INFO: [Labtools 27-3304] ILA Waveform data saved to file C:/xilinx/Downloads/Sine_wave/Sine_wave.hw/backup/hw_ila_data_1.ila. Use Tcl command 'import_hw_ila_data' or Vivado File->Import->Import ILA Data menu item to import the previously saved data.
run_hw_ila [get_hw_ilas -of_objects [get_hw_devices xc7a35t_0] -filter {CELL_NAME=~"ila"}]
INFO: [Labtools 27-1964] The ILA core 'hw_ila_1' trigger was armed at 2024-May-27 08:06:11
wait_on_hw_ila [get_hw_ilas -of_objects [get_hw_devices xc7a35t_0] -filter {CELL_NAME=~"ila"}]
display_hw_ila_data [upload_hw_ila_data [get_hw_ilas -of_objects [get_hw_devices xc7a35t_0] -filter {CELL_NAME=~"ila"}]]
INFO: [Labtools 27-1966] The ILA core 'hw_ila_1' triggered at 2024-May-27 08:06:11
INFO: [Labtools 27-3304] ILA Waveform data saved to file C:/xilinx/Downloads/Sine_wave/Sine_wave.hw/backup/hw_ila_data_1.ila. Use Tcl command 'import_hw_ila_data' or Vivado File->Import->Import ILA Data menu item to import the previously saved data.
run_hw_ila [get_hw_ilas -of_objects [get_hw_devices xc7a35t_0] -filter {CELL_NAME=~"ila"}]
INFO: [Labtools 27-1964] The ILA core 'hw_ila_1' trigger was armed at 2024-May-27 08:06:14
wait_on_hw_ila [get_hw_ilas -of_objects [get_hw_devices xc7a35t_0] -filter {CELL_NAME=~"ila"}]
display_hw_ila_data [upload_hw_ila_data [get_hw_ilas -of_objects [get_hw_devices xc7a35t_0] -filter {CELL_NAME=~"ila"}]]
INFO: [Labtools 27-1966] The ILA core 'hw_ila_1' triggered at 2024-May-27 08:06:14
INFO: [Labtools 27-3304] ILA Waveform data saved to file C:/xilinx/Downloads/Sine_wave/Sine_wave.hw/backup/hw_ila_data_1.ila. Use Tcl command 'import_hw_ila_data' or Vivado File->Import->Import ILA Data menu item to import the previously saved data.
save_wave_config {C:/xilinx/Downloads/Sine_wave/Sine_wave.hw/hw_1/wave/hw_ila_data_1/hw_ila_data_1.wcfg}
close_hw
open_hw
connect_hw_server
INFO: [Labtools 27-2285] Connecting to hw_server url TCP:localhost:3121
open_hw_target
INFO: [Labtoolstcl 44-466] Opening hw_target localhost:3121/xilinx_tcf/Digilent/210512180081
set_property PROGRAM.FILE {C:/xilinx/Downloads/Sine_wave/Sine_wave.runs/impl_1/sine_wave.bit} [get_hw_devices xc7a35t_0]
set_property PROBES.FILE {C:/xilinx/Downloads/Sine_wave/Sine_wave.runs/impl_1/sine_wave.ltx} [get_hw_devices xc7a35t_0]
set_property FULL_PROBES.FILE {C:/xilinx/Downloads/Sine_wave/Sine_wave.runs/impl_1/sine_wave.ltx} [get_hw_devices xc7a35t_0]
current_hw_device [get_hw_devices xc7a35t_0]
refresh_hw_device [lindex [get_hw_devices xc7a35t_0] 0]
INFO: [Labtools 27-2302] Device xc7a35t (JTAG device index = 0) is programmed with a design that has 1 ILA core(s).
display_hw_ila_data [ get_hw_ila_data hw_ila_data_1 -of_objects [get_hw_ilas -of_objects [get_hw_devices xc7a35t_0] -filter {CELL_NAME=~"ila"}]]
INFO: [Labtools 27-3304] ILA Waveform data saved to file C:/xilinx/Downloads/Sine_wave/Sine_wave.hw/backup/hw_ila_data_1.ila. Use Tcl command 'import_hw_ila_data' or Vivado File->Import->Import ILA Data menu item to import the previously saved data.
run_hw_ila [get_hw_ilas -of_objects [get_hw_devices xc7a35t_0] -filter {CELL_NAME=~"ila"}]
INFO: [Labtools 27-1964] The ILA core 'hw_ila_1' trigger was armed at 2024-May-27 08:06:32
wait_on_hw_ila [get_hw_ilas -of_objects [get_hw_devices xc7a35t_0] -filter {CELL_NAME=~"ila"}]
display_hw_ila_data [upload_hw_ila_data [get_hw_ilas -of_objects [get_hw_devices xc7a35t_0] -filter {CELL_NAME=~"ila"}]]
INFO: [Labtools 27-1966] The ILA core 'hw_ila_1' triggered at 2024-May-27 08:06:32
INFO: [Labtools 27-3304] ILA Waveform data saved to file C:/xilinx/Downloads/Sine_wave/Sine_wave.hw/backup/hw_ila_data_1.ila. Use Tcl command 'import_hw_ila_data' or Vivado File->Import->Import ILA Data menu item to import the previously saved data.
run_hw_ila [get_hw_ilas -of_objects [get_hw_devices xc7a35t_0] -filter {CELL_NAME=~"ila"}]
INFO: [Labtools 27-1964] The ILA core 'hw_ila_1' trigger was armed at 2024-May-27 08:06:39
wait_on_hw_ila [get_hw_ilas -of_objects [get_hw_devices xc7a35t_0] -filter {CELL_NAME=~"ila"}]
display_hw_ila_data [upload_hw_ila_data [get_hw_ilas -of_objects [get_hw_devices xc7a35t_0] -filter {CELL_NAME=~"ila"}]]
INFO: [Labtools 27-1966] The ILA core 'hw_ila_1' triggered at 2024-May-27 08:06:39
INFO: [Labtools 27-3304] ILA Waveform data saved to file C:/xilinx/Downloads/Sine_wave/Sine_wave.hw/backup/hw_ila_data_1.ila. Use Tcl command 'import_hw_ila_data' or Vivado File->Import->Import ILA Data menu item to import the previously saved data.
run_hw_ila [get_hw_ilas -of_objects [get_hw_devices xc7a35t_0] -filter {CELL_NAME=~"ila"}]
INFO: [Labtools 27-1964] The ILA core 'hw_ila_1' trigger was armed at 2024-May-27 08:06:41
wait_on_hw_ila [get_hw_ilas -of_objects [get_hw_devices xc7a35t_0] -filter {CELL_NAME=~"ila"}]
display_hw_ila_data [upload_hw_ila_data [get_hw_ilas -of_objects [get_hw_devices xc7a35t_0] -filter {CELL_NAME=~"ila"}]]
INFO: [Labtools 27-1966] The ILA core 'hw_ila_1' triggered at 2024-May-27 08:06:41
INFO: [Labtools 27-3304] ILA Waveform data saved to file C:/xilinx/Downloads/Sine_wave/Sine_wave.hw/backup/hw_ila_data_1.ila. Use Tcl command 'import_hw_ila_data' or Vivado File->Import->Import ILA Data menu item to import the previously saved data.
run_hw_ila [get_hw_ilas -of_objects [get_hw_devices xc7a35t_0] -filter {CELL_NAME=~"ila"}] -trigger_now
INFO: [Labtools 27-1964] The ILA core 'hw_ila_1' trigger was armed at 2024-May-27 08:06:44
wait_on_hw_ila [get_hw_ilas -of_objects [get_hw_devices xc7a35t_0] -filter {CELL_NAME=~"ila"}]
display_hw_ila_data [upload_hw_ila_data [get_hw_ilas -of_objects [get_hw_devices xc7a35t_0] -filter {CELL_NAME=~"ila"}]]
INFO: [Labtools 27-1966] The ILA core 'hw_ila_1' triggered at 2024-May-27 08:06:44
INFO: [Labtools 27-3304] ILA Waveform data saved to file C:/xilinx/Downloads/Sine_wave/Sine_wave.hw/backup/hw_ila_data_1.ila. Use Tcl command 'import_hw_ila_data' or Vivado File->Import->Import ILA Data menu item to import the previously saved data.
ERROR: [Labtoolstcl 44-513] HW Target shutdown. Closing target: localhost:3121/xilinx_tcf/Digilent/210512180081
disconnect_hw_server localhost:3121
connect_hw_server
INFO: [Labtools 27-2285] Connecting to hw_server url TCP:localhost:3121
ERROR: [Labtoolstcl 44-494] There is no active target available for server at localhost.
 Targets(s) ", jsn-JTAG-HS1-210512180081" may be locked by another hw_server.
INFO: [Labtoolstcl 44-466] Opening hw_target localhost:3121/xilinx_tcf/Digilent/210512180081
INFO: [Labtools 27-2302] Device xc7a35t (JTAG device index = 0) is programmed with a design that has 1 ILA core(s).
INFO: [Labtools 27-3304] ILA Waveform data saved to file C:/xilinx/Downloads/Sine_wave/Sine_wave.hw/backup/hw_ila_data_1.ila. Use Tcl command 'import_hw_ila_data' or Vivado File->Import->Import ILA Data menu item to import the previously saved data.
run_hw_ila [get_hw_ilas -of_objects [get_hw_devices xc7a35t_0] -filter {CELL_NAME=~"ila"}]
INFO: [Labtools 27-1964] The ILA core 'hw_ila_1' trigger was armed at 2024-May-27 08:10:13
wait_on_hw_ila [get_hw_ilas -of_objects [get_hw_devices xc7a35t_0] -filter {CELL_NAME=~"ila"}]
display_hw_ila_data [upload_hw_ila_data [get_hw_ilas -of_objects [get_hw_devices xc7a35t_0] -filter {CELL_NAME=~"ila"}]]
INFO: [Labtools 27-1966] The ILA core 'hw_ila_1' triggered at 2024-May-27 08:10:13
INFO: [Labtools 27-3304] ILA Waveform data saved to file C:/xilinx/Downloads/Sine_wave/Sine_wave.hw/backup/hw_ila_data_1.ila. Use Tcl command 'import_hw_ila_data' or Vivado File->Import->Import ILA Data menu item to import the previously saved data.
save_wave_config {C:/xilinx/Downloads/Sine_wave/Sine_wave.hw/hw_1/wave/hw_ila_data_1/hw_ila_data_1.wcfg}
close_hw
WARNING: [IP_Flow 19-4067] Ignoring invalid widget type specified checkbox.Providing a default widget
WARNING: [IP_Flow 19-4067] Ignoring invalid widget type specified checkbox.Providing a default widget
exit
INFO: [Common 17-206] Exiting Vivado at Mon May 27 09:45:21 2024...
