Copyright 1986-2017 Xilinx, Inc. All Rights Reserved.
-----------------------------------------------------------------------------------------------
| Tool Version : Vivado v.2017.4 (win64) Build 2086221 Fri Dec 15 20:55:39 MST 2017
| Date         : Mon May 27 14:06:57 2024
| Host         : LAPTOP-HQ21H1CR running 64-bit major release  (build 9200)
| Command      : report_control_sets -verbose -file parallel_to_serial_control_sets_placed.rpt
| Design       : parallel_to_serial
| Device       : xc7a15t
-----------------------------------------------------------------------------------------------

Control Set Information

Table of Contents
-----------------
1. Summary
2. Flip-Flop Distribution
3. Detailed Control Set Information

1. Summary
----------

+----------------------------------------------------------+-------+
|                          Status                          | Count |
+----------------------------------------------------------+-------+
| Number of unique control sets                            |     3 |
| Unused register locations in slices containing registers |    12 |
+----------------------------------------------------------+-------+


2. Flip-Flop Distribution
-------------------------

+--------------+-----------------------+------------------------+-----------------+--------------+
| Clock Enable | Synchronous Set/Reset | Asynchronous Set/Reset | Total Registers | Total Slices |
+--------------+-----------------------+------------------------+-----------------+--------------+
| No           | No                    | No                     |               3 |            1 |
| No           | No                    | Yes                    |               0 |            0 |
| No           | Yes                   | No                     |               0 |            0 |
| Yes          | No                    | No                     |               0 |            0 |
| Yes          | No                    | Yes                    |               0 |            0 |
| Yes          | Yes                   | No                     |               9 |            2 |
+--------------+-----------------------+------------------------+-----------------+--------------+


3. Detailed Control Set Information
-----------------------------------

+----------------+----------------------+------------------+------------------+----------------+
|  Clock Signal  |     Enable Signal    | Set/Reset Signal | Slice Load Count | Bel Load Count |
+----------------+----------------------+------------------+------------------+----------------+
|  clk_IBUF_BUFG | tx_en                | p_0_in           |                1 |              1 |
|  clk_IBUF_BUFG |                      |                  |                1 |              3 |
|  clk_IBUF_BUFG | shift_reg[7]_i_1_n_0 | p_0_in           |                1 |              8 |
+----------------+----------------------+------------------+------------------+----------------+


+--------+-----------------------+
| Fanout | Number of ControlSets |
+--------+-----------------------+
| 1      |                     1 |
| 3      |                     1 |
| 8      |                     1 |
+--------+-----------------------+


