#-----------------------------------------------------------
# Vivado v2017.4 (64-bit)
# SW Build 2086221 on Fri Dec 15 20:55:39 MST 2017
# IP Build 2085800 on Fri Dec 15 22:25:07 MST 2017
# Start of session at: Sun May 19 16:33:34 2024
# Process ID: 29204
# Current directory: C:/Users/admin/Desktop/BTL_LM75/at7_prj_14/at7_prj
# Command line: vivado.exe -gui_launcher_event rodinguilauncherevent35768 C:\Users\admin\Desktop\BTL_LM75\at7_prj_14\at7_prj\temp_lm75_test.xpr
# Log file: C:/Users/admin/Desktop/BTL_LM75/at7_prj_14/at7_prj/vivado.log
# Journal file: C:/Users/admin/Desktop/BTL_LM75/at7_prj_14/at7_prj\vivado.jou
#-----------------------------------------------------------
start_gui
open_project C:/Users/admin/Desktop/BTL_LM75/at7_prj_14/at7_prj/temp_lm75_test.xpr
INFO: [Project 1-313] Project file moved from 'D:/xilinx_work/at7_prj/at7_prj_14/at7_prj' since last save.
Scanning sources...
Finished scanning sources
INFO: [IP_Flow 19-234] Refreshing IP repositories
INFO: [IP_Flow 19-1704] No user IP repositories specified
INFO: [IP_Flow 19-2313] Loaded Vivado IP repository 'C:/xilinx/Vivado/2017.4/data/ip'.
open_project: Time (s): cpu = 00:00:04 ; elapsed = 00:00:06 . Memory (MB): peak = 842.699 ; gain = 115.066
update_compile_order -fileset sources_1
reset_run synth_1
WARNING: [IP_Flow 19-4067] Ignoring invalid widget type specified checkbox.Providing a default widget
WARNING: [IP_Flow 19-4067] Ignoring invalid widget type specified checkbox.Providing a default widget
WARNING: [IP_Flow 19-4067] Ignoring invalid widget type specified checkbox.Providing a default widget
launch_runs impl_2 -to_step write_bitstream -jobs 8
[Sun May 19 21:55:36 2024] Launched synth_1...
Run output will be captured here: C:/Users/admin/Desktop/BTL_LM75/at7_prj_14/at7_prj/temp_lm75_test.runs/synth_1/runme.log
[Sun May 19 21:55:36 2024] Launched impl_2...
Run output will be captured here: C:/Users/admin/Desktop/BTL_LM75/at7_prj_14/at7_prj/temp_lm75_test.runs/impl_2/runme.log
reset_run synth_1
launch_runs impl_2 -to_step write_bitstream -jobs 8
[Sun May 19 21:58:48 2024] Launched synth_1...
Run output will be captured here: C:/Users/admin/Desktop/BTL_LM75/at7_prj_14/at7_prj/temp_lm75_test.runs/synth_1/runme.log
[Sun May 19 21:58:48 2024] Launched impl_2...
Run output will be captured here: C:/Users/admin/Desktop/BTL_LM75/at7_prj_14/at7_prj/temp_lm75_test.runs/impl_2/runme.log
open_hw
connect_hw_server
INFO: [Labtools 27-2285] Connecting to hw_server url TCP:localhost:3121
INFO: [Labtools 27-2222] Launching hw_server...
INFO: [Labtools 27-2221] Launch Output:

****** Xilinx hw_server v2017.4
  **** Build date : Dec 15 2017-21:08:27
    ** Copyright 1986-2017 Xilinx, Inc. All Rights Reserved.


open_hw_target
INFO: [Labtoolstcl 44-466] Opening hw_target localhost:3121/xilinx_tcf/Digilent/210512180081
current_hw_device [get_hw_devices xc7a35t_0]
refresh_hw_device -update_hw_probes false [lindex [get_hw_devices xc7a35t_0] 0]
INFO: [Labtools 27-1434] Device xc7a35t (JTAG device index = 0) is programmed with a design that has no supported debug core(s) in it.
WARNING: [Labtools 27-3361] The debug hub core was not detected.
Resolution: 
1. Make sure the clock connected to the debug hub (dbg_hub) core is a free running clock and is active.
2. Make sure the BSCAN_SWITCH_USER_MASK device property in Vivado Hardware Manager reflects the user scan chain setting in the design and refresh the device.  To determine the user scan chain setting in the design, open the implemented design and use 'get_property C_USER_SCAN_CHAIN [get_debug_cores dbg_hub]'.
For more details on setting the scan chain property, consult the Vivado Debug and Programming User Guide (UG908).
close_hw
reset_run impl_2 -prev_step 
launch_runs impl_2 -to_step write_bitstream -jobs 8
[Sun May 19 22:01:48 2024] Launched impl_2...
Run output will be captured here: C:/Users/admin/Desktop/BTL_LM75/at7_prj_14/at7_prj/temp_lm75_test.runs/impl_2/runme.log
reset_run impl_2 -prev_step 
launch_runs impl_2 -to_step write_bitstream -jobs 8
WARNING: [Vivado 12-872] Run step 'Design Initialization' is out-of-date.
[Sun May 19 22:02:40 2024] Launched impl_2...
Run output will be captured here: C:/Users/admin/Desktop/BTL_LM75/at7_prj_14/at7_prj/temp_lm75_test.runs/impl_2/runme.log
reset_run synth_1
launch_runs impl_2 -to_step write_bitstream -jobs 8
[Sun May 19 22:04:33 2024] Launched synth_1...
Run output will be captured here: C:/Users/admin/Desktop/BTL_LM75/at7_prj_14/at7_prj/temp_lm75_test.runs/synth_1/runme.log
[Sun May 19 22:04:33 2024] Launched impl_2...
Run output will be captured here: C:/Users/admin/Desktop/BTL_LM75/at7_prj_14/at7_prj/temp_lm75_test.runs/impl_2/runme.log
exit
INFO: [Common 17-206] Exiting Vivado at Sun May 19 22:07:27 2024...
