#-----------------------------------------------------------
# Vivado v2017.4 (64-bit)
# SW Build 2086221 on Fri Dec 15 20:55:39 MST 2017
# IP Build 2085800 on Fri Dec 15 22:25:07 MST 2017
# Start of session at: Thu Apr 11 18:47:59 2019
# Process ID: 4732
# Current directory: D:/xilinx_work/a7_prj_tst/a7_prj14_tst/20_temp_lm75_test/temp_lm75_test
# Command line: vivado.exe -gui_launcher_event rodinguilauncherevent14404 D:\xilinx_work\a7_prj_tst\a7_prj14_tst\20_temp_lm75_test\temp_lm75_test\temp_lm75_test.xpr
# Log file: D:/xilinx_work/a7_prj_tst/a7_prj14_tst/20_temp_lm75_test/temp_lm75_test/vivado.log
# Journal file: D:/xilinx_work/a7_prj_tst/a7_prj14_tst/20_temp_lm75_test/temp_lm75_test\vivado.jou
#-----------------------------------------------------------
start_gui
open_project D:/xilinx_work/a7_prj_tst/a7_prj14_tst/20_temp_lm75_test/temp_lm75_test/temp_lm75_test.xpr
Scanning sources...
Finished scanning sources
INFO: [IP_Flow 19-234] Refreshing IP repositories
INFO: [IP_Flow 19-1704] No user IP repositories specified
INFO: [IP_Flow 19-2313] Loaded Vivado IP repository 'D:/Xilinx/Vivado/2017.4/data/ip'.
open_project: Time (s): cpu = 00:00:15 ; elapsed = 00:00:08 . Memory (MB): peak = 772.754 ; gain = 91.656
update_compile_order -fileset sources_1
exit
INFO: [Common 17-206] Exiting Vivado at Thu Apr 11 18:49:04 2019...
