#-----------------------------------------------------------
# Vivado v2017.4 (64-bit)
# SW Build 2086221 on Fri Dec 15 20:55:39 MST 2017
# IP Build 2085800 on Fri Dec 15 22:25:07 MST 2017
# Start of session at: Thu Apr 18 16:34:55 2019
# Process ID: 12168
# Current directory: D:/xilinx_work/a7_prj_tst/a7_prj14_tst/20_temp_lm75_test/temp_lm75_test
# Command line: vivado.exe -gui_launcher_event rodinguilauncherevent9208 D:\xilinx_work\a7_prj_tst\a7_prj14_tst\20_temp_lm75_test\temp_lm75_test\temp_lm75_test.xpr
# Log file: D:/xilinx_work/a7_prj_tst/a7_prj14_tst/20_temp_lm75_test/temp_lm75_test/vivado.log
# Journal file: D:/xilinx_work/a7_prj_tst/a7_prj14_tst/20_temp_lm75_test/temp_lm75_test\vivado.jou
#-----------------------------------------------------------
start_gui
open_project D:/xilinx_work/a7_prj_tst/a7_prj14_tst/20_temp_lm75_test/temp_lm75_test/temp_lm75_test.xpr
Scanning sources...
Finished scanning sources
INFO: [IP_Flow 19-234] Refreshing IP repositories
INFO: [IP_Flow 19-1704] No user IP repositories specified
INFO: [IP_Flow 19-2313] Loaded Vivado IP repository 'D:/Xilinx/Vivado/2017.4/data/ip'.
open_project: Time (s): cpu = 00:00:13 ; elapsed = 00:00:06 . Memory (MB): peak = 763.570 ; gain = 51.957
update_compile_order -fileset sources_1
open_hw
connect_hw_server
INFO: [Labtools 27-2285] Connecting to hw_server url TCP:localhost:3121
open_hw_target
INFO: [Labtoolstcl 44-466] Opening hw_target localhost:3121/xilinx_tcf/Digilent/210512180081
set_property PROGRAM.FILE {D:/xilinx_work/a7_prj_tst/a7_prj14_tst/20_temp_lm75_test/temp_lm75_test/temp_lm75_test.runs/impl_2/temp_test.bit} [get_hw_devices xc7a50t_0]
set_property PROBES.FILE {D:/xilinx_work/a7_prj_tst/a7_prj14_tst/20_temp_lm75_test/temp_lm75_test/temp_lm75_test.runs/impl_2/temp_test.ltx} [get_hw_devices xc7a50t_0]
set_property FULL_PROBES.FILE {D:/xilinx_work/a7_prj_tst/a7_prj14_tst/20_temp_lm75_test/temp_lm75_test/temp_lm75_test.runs/impl_2/temp_test.ltx} [get_hw_devices xc7a50t_0]
current_hw_device [get_hw_devices xc7a50t_0]
refresh_hw_device [lindex [get_hw_devices xc7a50t_0] 0]
INFO: [Labtools 27-1434] Device xc7a50t (JTAG device index = 0) is programmed with a design that has no supported debug core(s) in it.
WARNING: [Labtools 27-3361] The debug hub core was not detected.
Resolution: 
1. Make sure the clock connected to the debug hub (dbg_hub) core is a free running clock and is active.
2. Make sure the BSCAN_SWITCH_USER_MASK device property in Vivado Hardware Manager reflects the user scan chain setting in the design and refresh the device.  To determine the user scan chain setting in the design, open the implemented design and use 'get_property C_USER_SCAN_CHAIN [get_debug_cores dbg_hub]'.
For more details on setting the scan chain property, consult the Vivado Debug and Programming User Guide (UG908).
WARNING: [Labtools 27-3403] Dropping logic core with cellname:'u_ila_0' from probes file, since it cannot be found on the programmed device.
set_property PROBES.FILE {D:/xilinx_work/a7_prj_tst/a7_prj14_tst/20_temp_lm75_test/temp_lm75_test/temp_lm75_test.runs/impl_2/temp_test.ltx} [get_hw_devices xc7a50t_0]
set_property FULL_PROBES.FILE {D:/xilinx_work/a7_prj_tst/a7_prj14_tst/20_temp_lm75_test/temp_lm75_test/temp_lm75_test.runs/impl_2/temp_test.ltx} [get_hw_devices xc7a50t_0]
set_property PROGRAM.FILE {D:/xilinx_work/a7_prj_tst/a7_prj14_tst/20_temp_lm75_test/temp_lm75_test/temp_lm75_test.runs/impl_2/temp_test.bit} [get_hw_devices xc7a50t_0]
program_hw_devices [get_hw_devices xc7a50t_0]
INFO: [Labtools 27-3164] End of startup status: HIGH
refresh_hw_device [lindex [get_hw_devices xc7a50t_0] 0]
INFO: [Labtools 27-2302] Device xc7a50t (JTAG device index = 0) is programmed with a design that has 1 ILA core(s).
display_hw_ila_data [ get_hw_ila_data hw_ila_data_1 -of_objects [get_hw_ilas -of_objects [get_hw_devices xc7a50t_0] -filter {CELL_NAME=~"u_ila_0"}]]
INFO: [Labtools 27-3304] ILA Waveform data saved to file D:/xilinx_work/a7_prj_tst/a7_prj14_tst/20_temp_lm75_test/temp_lm75_test/temp_lm75_test.hw/backup/hw_ila_data_1.ila. Use Tcl command 'import_hw_ila_data' or Vivado File->Import->Import ILA Data menu item to import the previously saved data.
run_hw_ila [get_hw_ilas -of_objects [get_hw_devices xc7a50t_0] -filter {CELL_NAME=~"u_ila_0"}]
INFO: [Labtools 27-1964] The ILA core 'hw_ila_1' trigger was armed at 2019-Apr-18 16:35:42
wait_on_hw_ila [get_hw_ilas -of_objects [get_hw_devices xc7a50t_0] -filter {CELL_NAME=~"u_ila_0"}]
display_hw_ila_data [upload_hw_ila_data [get_hw_ilas -of_objects [get_hw_devices xc7a50t_0] -filter {CELL_NAME=~"u_ila_0"}]]
INFO: [Labtools 27-1966] The ILA core 'hw_ila_1' triggered at 2019-Apr-18 16:35:42
INFO: [Labtools 27-3304] ILA Waveform data saved to file D:/xilinx_work/a7_prj_tst/a7_prj14_tst/20_temp_lm75_test/temp_lm75_test/temp_lm75_test.hw/backup/hw_ila_data_1.ila. Use Tcl command 'import_hw_ila_data' or Vivado File->Import->Import ILA Data menu item to import the previously saved data.
save_wave_config {D:/xilinx_work/a7_prj_tst/a7_prj14_tst/20_temp_lm75_test/temp_lm75_test/temp_lm75_test.hw/hw_1/wave/hw_ila_data_1/hw_ila_data_1.wcfg}
close_hw
reset_run synth_1
launch_runs impl_2 -to_step write_bitstream -jobs 4
[Thu Apr 18 16:44:54 2019] Launched synth_1...
Run output will be captured here: D:/xilinx_work/a7_prj_tst/a7_prj14_tst/20_temp_lm75_test/temp_lm75_test/temp_lm75_test.runs/synth_1/runme.log
[Thu Apr 18 16:44:54 2019] Launched impl_2...
Run output will be captured here: D:/xilinx_work/a7_prj_tst/a7_prj14_tst/20_temp_lm75_test/temp_lm75_test/temp_lm75_test.runs/impl_2/runme.log
reset_run synth_1
launch_runs impl_2 -to_step write_bitstream -jobs 4
[Thu Apr 18 16:51:17 2019] Launched synth_1...
Run output will be captured here: D:/xilinx_work/a7_prj_tst/a7_prj14_tst/20_temp_lm75_test/temp_lm75_test/temp_lm75_test.runs/synth_1/runme.log
[Thu Apr 18 16:51:18 2019] Launched impl_2...
Run output will be captured here: D:/xilinx_work/a7_prj_tst/a7_prj14_tst/20_temp_lm75_test/temp_lm75_test/temp_lm75_test.runs/impl_2/runme.log
open_hw
connect_hw_server
INFO: [Labtools 27-2285] Connecting to hw_server url TCP:localhost:3121
INFO: [Labtools 27-2222] Launching hw_server...
INFO: [Labtools 27-2221] Launch Output:

****** Xilinx hw_server v2017.4
  **** Build date : Dec 15 2017-21:08:27
    ** Copyright 1986-2017 Xilinx, Inc. All Rights Reserved.


open_hw_target
INFO: [Labtoolstcl 44-466] Opening hw_target localhost:3121/xilinx_tcf/Digilent/210512180081
set_property PROGRAM.FILE {D:/xilinx_work/a7_prj_tst/a7_prj14_tst/20_temp_lm75_test/temp_lm75_test/temp_lm75_test.runs/impl_2/temp_test.bit} [get_hw_devices xc7a50t_0]
set_property PROBES.FILE {D:/xilinx_work/a7_prj_tst/a7_prj14_tst/20_temp_lm75_test/temp_lm75_test/temp_lm75_test.runs/impl_2/temp_test.ltx} [get_hw_devices xc7a50t_0]
set_property FULL_PROBES.FILE {D:/xilinx_work/a7_prj_tst/a7_prj14_tst/20_temp_lm75_test/temp_lm75_test/temp_lm75_test.runs/impl_2/temp_test.ltx} [get_hw_devices xc7a50t_0]
current_hw_device [get_hw_devices xc7a50t_0]
refresh_hw_device [lindex [get_hw_devices xc7a50t_0] 0]
INFO: [Labtools 27-1434] Device xc7a50t (JTAG device index = 0) is programmed with a design that has no supported debug core(s) in it.
WARNING: [Labtools 27-3361] The debug hub core was not detected.
Resolution: 
1. Make sure the clock connected to the debug hub (dbg_hub) core is a free running clock and is active.
2. Make sure the BSCAN_SWITCH_USER_MASK device property in Vivado Hardware Manager reflects the user scan chain setting in the design and refresh the device.  To determine the user scan chain setting in the design, open the implemented design and use 'get_property C_USER_SCAN_CHAIN [get_debug_cores dbg_hub]'.
For more details on setting the scan chain property, consult the Vivado Debug and Programming User Guide (UG908).
WARNING: [Labtools 27-3403] Dropping logic core with cellname:'u_ila_0' from probes file, since it cannot be found on the programmed device.
set_property PROBES.FILE {D:/xilinx_work/a7_prj_tst/a7_prj14_tst/20_temp_lm75_test/temp_lm75_test/temp_lm75_test.runs/impl_2/temp_test.ltx} [get_hw_devices xc7a50t_0]
set_property FULL_PROBES.FILE {D:/xilinx_work/a7_prj_tst/a7_prj14_tst/20_temp_lm75_test/temp_lm75_test/temp_lm75_test.runs/impl_2/temp_test.ltx} [get_hw_devices xc7a50t_0]
set_property PROGRAM.FILE {D:/xilinx_work/a7_prj_tst/a7_prj14_tst/20_temp_lm75_test/temp_lm75_test/temp_lm75_test.runs/impl_2/temp_test.bit} [get_hw_devices xc7a50t_0]
program_hw_devices [get_hw_devices xc7a50t_0]
INFO: [Labtools 27-3164] End of startup status: HIGH
refresh_hw_device [lindex [get_hw_devices xc7a50t_0] 0]
INFO: [Labtools 27-2302] Device xc7a50t (JTAG device index = 0) is programmed with a design that has 1 ILA core(s).
display_hw_ila_data [ get_hw_ila_data hw_ila_data_1 -of_objects [get_hw_ilas -of_objects [get_hw_devices xc7a50t_0] -filter {CELL_NAME=~"u_ila_0"}]]
INFO: [Labtools 27-3304] ILA Waveform data saved to file D:/xilinx_work/a7_prj_tst/a7_prj14_tst/20_temp_lm75_test/temp_lm75_test/temp_lm75_test.hw/backup/hw_ila_data_1.ila. Use Tcl command 'import_hw_ila_data' or Vivado File->Import->Import ILA Data menu item to import the previously saved data.
run_hw_ila [get_hw_ilas -of_objects [get_hw_devices xc7a50t_0] -filter {CELL_NAME=~"u_ila_0"}]
INFO: [Labtools 27-1964] The ILA core 'hw_ila_1' trigger was armed at 2019-Apr-18 16:56:16
wait_on_hw_ila [get_hw_ilas -of_objects [get_hw_devices xc7a50t_0] -filter {CELL_NAME=~"u_ila_0"}]
display_hw_ila_data [upload_hw_ila_data [get_hw_ilas -of_objects [get_hw_devices xc7a50t_0] -filter {CELL_NAME=~"u_ila_0"}]]
INFO: [Labtools 27-1966] The ILA core 'hw_ila_1' triggered at 2019-Apr-18 16:56:16
INFO: [Labtools 27-3304] ILA Waveform data saved to file D:/xilinx_work/a7_prj_tst/a7_prj14_tst/20_temp_lm75_test/temp_lm75_test/temp_lm75_test.hw/backup/hw_ila_data_1.ila. Use Tcl command 'import_hw_ila_data' or Vivado File->Import->Import ILA Data menu item to import the previously saved data.
run_hw_ila [get_hw_ilas -of_objects [get_hw_devices xc7a50t_0] -filter {CELL_NAME=~"u_ila_0"}]
INFO: [Labtools 27-1964] The ILA core 'hw_ila_1' trigger was armed at 2019-Apr-18 16:56:18
wait_on_hw_ila [get_hw_ilas -of_objects [get_hw_devices xc7a50t_0] -filter {CELL_NAME=~"u_ila_0"}]
display_hw_ila_data [upload_hw_ila_data [get_hw_ilas -of_objects [get_hw_devices xc7a50t_0] -filter {CELL_NAME=~"u_ila_0"}]]
INFO: [Labtools 27-1966] The ILA core 'hw_ila_1' triggered at 2019-Apr-18 16:56:18
INFO: [Labtools 27-3304] ILA Waveform data saved to file D:/xilinx_work/a7_prj_tst/a7_prj14_tst/20_temp_lm75_test/temp_lm75_test/temp_lm75_test.hw/backup/hw_ila_data_1.ila. Use Tcl command 'import_hw_ila_data' or Vivado File->Import->Import ILA Data menu item to import the previously saved data.
run_hw_ila [get_hw_ilas -of_objects [get_hw_devices xc7a50t_0] -filter {CELL_NAME=~"u_ila_0"}]
INFO: [Labtools 27-1964] The ILA core 'hw_ila_1' trigger was armed at 2019-Apr-18 16:56:20
wait_on_hw_ila [get_hw_ilas -of_objects [get_hw_devices xc7a50t_0] -filter {CELL_NAME=~"u_ila_0"}]
display_hw_ila_data [upload_hw_ila_data [get_hw_ilas -of_objects [get_hw_devices xc7a50t_0] -filter {CELL_NAME=~"u_ila_0"}]]
INFO: [Labtools 27-1966] The ILA core 'hw_ila_1' triggered at 2019-Apr-18 16:56:20
INFO: [Labtools 27-3304] ILA Waveform data saved to file D:/xilinx_work/a7_prj_tst/a7_prj14_tst/20_temp_lm75_test/temp_lm75_test/temp_lm75_test.hw/backup/hw_ila_data_1.ila. Use Tcl command 'import_hw_ila_data' or Vivado File->Import->Import ILA Data menu item to import the previously saved data.
run_hw_ila [get_hw_ilas -of_objects [get_hw_devices xc7a50t_0] -filter {CELL_NAME=~"u_ila_0"}]
INFO: [Labtools 27-1964] The ILA core 'hw_ila_1' trigger was armed at 2019-Apr-18 16:56:22
wait_on_hw_ila [get_hw_ilas -of_objects [get_hw_devices xc7a50t_0] -filter {CELL_NAME=~"u_ila_0"}]
display_hw_ila_data [upload_hw_ila_data [get_hw_ilas -of_objects [get_hw_devices xc7a50t_0] -filter {CELL_NAME=~"u_ila_0"}]]
INFO: [Labtools 27-1966] The ILA core 'hw_ila_1' triggered at 2019-Apr-18 16:56:22
INFO: [Labtools 27-3304] ILA Waveform data saved to file D:/xilinx_work/a7_prj_tst/a7_prj14_tst/20_temp_lm75_test/temp_lm75_test/temp_lm75_test.hw/backup/hw_ila_data_1.ila. Use Tcl command 'import_hw_ila_data' or Vivado File->Import->Import ILA Data menu item to import the previously saved data.
run_hw_ila [get_hw_ilas -of_objects [get_hw_devices xc7a50t_0] -filter {CELL_NAME=~"u_ila_0"}]
INFO: [Labtools 27-1964] The ILA core 'hw_ila_1' trigger was armed at 2019-Apr-18 16:56:25
wait_on_hw_ila [get_hw_ilas -of_objects [get_hw_devices xc7a50t_0] -filter {CELL_NAME=~"u_ila_0"}]
display_hw_ila_data [upload_hw_ila_data [get_hw_ilas -of_objects [get_hw_devices xc7a50t_0] -filter {CELL_NAME=~"u_ila_0"}]]
INFO: [Labtools 27-1966] The ILA core 'hw_ila_1' triggered at 2019-Apr-18 16:56:25
INFO: [Labtools 27-3304] ILA Waveform data saved to file D:/xilinx_work/a7_prj_tst/a7_prj14_tst/20_temp_lm75_test/temp_lm75_test/temp_lm75_test.hw/backup/hw_ila_data_1.ila. Use Tcl command 'import_hw_ila_data' or Vivado File->Import->Import ILA Data menu item to import the previously saved data.
run_hw_ila [get_hw_ilas -of_objects [get_hw_devices xc7a50t_0] -filter {CELL_NAME=~"u_ila_0"}]
INFO: [Labtools 27-1964] The ILA core 'hw_ila_1' trigger was armed at 2019-Apr-18 16:56:29
wait_on_hw_ila [get_hw_ilas -of_objects [get_hw_devices xc7a50t_0] -filter {CELL_NAME=~"u_ila_0"}]
display_hw_ila_data [upload_hw_ila_data [get_hw_ilas -of_objects [get_hw_devices xc7a50t_0] -filter {CELL_NAME=~"u_ila_0"}]]
INFO: [Labtools 27-1966] The ILA core 'hw_ila_1' triggered at 2019-Apr-18 16:56:29
INFO: [Labtools 27-3304] ILA Waveform data saved to file D:/xilinx_work/a7_prj_tst/a7_prj14_tst/20_temp_lm75_test/temp_lm75_test/temp_lm75_test.hw/backup/hw_ila_data_1.ila. Use Tcl command 'import_hw_ila_data' or Vivado File->Import->Import ILA Data menu item to import the previously saved data.
run_hw_ila [get_hw_ilas -of_objects [get_hw_devices xc7a50t_0] -filter {CELL_NAME=~"u_ila_0"}]
INFO: [Labtools 27-1964] The ILA core 'hw_ila_1' trigger was armed at 2019-Apr-18 16:56:31
wait_on_hw_ila [get_hw_ilas -of_objects [get_hw_devices xc7a50t_0] -filter {CELL_NAME=~"u_ila_0"}]
display_hw_ila_data [upload_hw_ila_data [get_hw_ilas -of_objects [get_hw_devices xc7a50t_0] -filter {CELL_NAME=~"u_ila_0"}]]
INFO: [Labtools 27-1966] The ILA core 'hw_ila_1' triggered at 2019-Apr-18 16:56:31
INFO: [Labtools 27-3304] ILA Waveform data saved to file D:/xilinx_work/a7_prj_tst/a7_prj14_tst/20_temp_lm75_test/temp_lm75_test/temp_lm75_test.hw/backup/hw_ila_data_1.ila. Use Tcl command 'import_hw_ila_data' or Vivado File->Import->Import ILA Data menu item to import the previously saved data.
run_hw_ila [get_hw_ilas -of_objects [get_hw_devices xc7a50t_0] -filter {CELL_NAME=~"u_ila_0"}]
INFO: [Labtools 27-1964] The ILA core 'hw_ila_1' trigger was armed at 2019-Apr-18 16:56:35
wait_on_hw_ila [get_hw_ilas -of_objects [get_hw_devices xc7a50t_0] -filter {CELL_NAME=~"u_ila_0"}]
display_hw_ila_data [upload_hw_ila_data [get_hw_ilas -of_objects [get_hw_devices xc7a50t_0] -filter {CELL_NAME=~"u_ila_0"}]]
INFO: [Labtools 27-1966] The ILA core 'hw_ila_1' triggered at 2019-Apr-18 16:56:35
INFO: [Labtools 27-3304] ILA Waveform data saved to file D:/xilinx_work/a7_prj_tst/a7_prj14_tst/20_temp_lm75_test/temp_lm75_test/temp_lm75_test.hw/backup/hw_ila_data_1.ila. Use Tcl command 'import_hw_ila_data' or Vivado File->Import->Import ILA Data menu item to import the previously saved data.
run_hw_ila [get_hw_ilas -of_objects [get_hw_devices xc7a50t_0] -filter {CELL_NAME=~"u_ila_0"}]
INFO: [Labtools 27-1964] The ILA core 'hw_ila_1' trigger was armed at 2019-Apr-18 16:57:37
wait_on_hw_ila [get_hw_ilas -of_objects [get_hw_devices xc7a50t_0] -filter {CELL_NAME=~"u_ila_0"}]
display_hw_ila_data [upload_hw_ila_data [get_hw_ilas -of_objects [get_hw_devices xc7a50t_0] -filter {CELL_NAME=~"u_ila_0"}]]
INFO: [Labtools 27-1966] The ILA core 'hw_ila_1' triggered at 2019-Apr-18 16:57:37
INFO: [Labtools 27-3304] ILA Waveform data saved to file D:/xilinx_work/a7_prj_tst/a7_prj14_tst/20_temp_lm75_test/temp_lm75_test/temp_lm75_test.hw/backup/hw_ila_data_1.ila. Use Tcl command 'import_hw_ila_data' or Vivado File->Import->Import ILA Data menu item to import the previously saved data.
run_hw_ila [get_hw_ilas -of_objects [get_hw_devices xc7a50t_0] -filter {CELL_NAME=~"u_ila_0"}]
INFO: [Labtools 27-1964] The ILA core 'hw_ila_1' trigger was armed at 2019-Apr-18 16:57:39
wait_on_hw_ila [get_hw_ilas -of_objects [get_hw_devices xc7a50t_0] -filter {CELL_NAME=~"u_ila_0"}]
display_hw_ila_data [upload_hw_ila_data [get_hw_ilas -of_objects [get_hw_devices xc7a50t_0] -filter {CELL_NAME=~"u_ila_0"}]]
INFO: [Labtools 27-1966] The ILA core 'hw_ila_1' triggered at 2019-Apr-18 16:57:39
INFO: [Labtools 27-3304] ILA Waveform data saved to file D:/xilinx_work/a7_prj_tst/a7_prj14_tst/20_temp_lm75_test/temp_lm75_test/temp_lm75_test.hw/backup/hw_ila_data_1.ila. Use Tcl command 'import_hw_ila_data' or Vivado File->Import->Import ILA Data menu item to import the previously saved data.
run_hw_ila [get_hw_ilas -of_objects [get_hw_devices xc7a50t_0] -filter {CELL_NAME=~"u_ila_0"}]
INFO: [Labtools 27-1964] The ILA core 'hw_ila_1' trigger was armed at 2019-Apr-18 16:57:40
wait_on_hw_ila [get_hw_ilas -of_objects [get_hw_devices xc7a50t_0] -filter {CELL_NAME=~"u_ila_0"}]
display_hw_ila_data [upload_hw_ila_data [get_hw_ilas -of_objects [get_hw_devices xc7a50t_0] -filter {CELL_NAME=~"u_ila_0"}]]
INFO: [Labtools 27-1966] The ILA core 'hw_ila_1' triggered at 2019-Apr-18 16:57:40
INFO: [Labtools 27-3304] ILA Waveform data saved to file D:/xilinx_work/a7_prj_tst/a7_prj14_tst/20_temp_lm75_test/temp_lm75_test/temp_lm75_test.hw/backup/hw_ila_data_1.ila. Use Tcl command 'import_hw_ila_data' or Vivado File->Import->Import ILA Data menu item to import the previously saved data.
run_hw_ila [get_hw_ilas -of_objects [get_hw_devices xc7a50t_0] -filter {CELL_NAME=~"u_ila_0"}]
INFO: [Labtools 27-1964] The ILA core 'hw_ila_1' trigger was armed at 2019-Apr-18 16:57:42
wait_on_hw_ila [get_hw_ilas -of_objects [get_hw_devices xc7a50t_0] -filter {CELL_NAME=~"u_ila_0"}]
display_hw_ila_data [upload_hw_ila_data [get_hw_ilas -of_objects [get_hw_devices xc7a50t_0] -filter {CELL_NAME=~"u_ila_0"}]]
INFO: [Labtools 27-1966] The ILA core 'hw_ila_1' triggered at 2019-Apr-18 16:57:42
INFO: [Labtools 27-3304] ILA Waveform data saved to file D:/xilinx_work/a7_prj_tst/a7_prj14_tst/20_temp_lm75_test/temp_lm75_test/temp_lm75_test.hw/backup/hw_ila_data_1.ila. Use Tcl command 'import_hw_ila_data' or Vivado File->Import->Import ILA Data menu item to import the previously saved data.
run_hw_ila [get_hw_ilas -of_objects [get_hw_devices xc7a50t_0] -filter {CELL_NAME=~"u_ila_0"}]
INFO: [Labtools 27-1964] The ILA core 'hw_ila_1' trigger was armed at 2019-Apr-18 16:57:43
wait_on_hw_ila [get_hw_ilas -of_objects [get_hw_devices xc7a50t_0] -filter {CELL_NAME=~"u_ila_0"}]
display_hw_ila_data [upload_hw_ila_data [get_hw_ilas -of_objects [get_hw_devices xc7a50t_0] -filter {CELL_NAME=~"u_ila_0"}]]
INFO: [Labtools 27-1966] The ILA core 'hw_ila_1' triggered at 2019-Apr-18 16:57:43
INFO: [Labtools 27-3304] ILA Waveform data saved to file D:/xilinx_work/a7_prj_tst/a7_prj14_tst/20_temp_lm75_test/temp_lm75_test/temp_lm75_test.hw/backup/hw_ila_data_1.ila. Use Tcl command 'import_hw_ila_data' or Vivado File->Import->Import ILA Data menu item to import the previously saved data.
run_hw_ila [get_hw_ilas -of_objects [get_hw_devices xc7a50t_0] -filter {CELL_NAME=~"u_ila_0"}]
INFO: [Labtools 27-1964] The ILA core 'hw_ila_1' trigger was armed at 2019-Apr-18 16:57:46
wait_on_hw_ila [get_hw_ilas -of_objects [get_hw_devices xc7a50t_0] -filter {CELL_NAME=~"u_ila_0"}]
display_hw_ila_data [upload_hw_ila_data [get_hw_ilas -of_objects [get_hw_devices xc7a50t_0] -filter {CELL_NAME=~"u_ila_0"}]]
INFO: [Labtools 27-1966] The ILA core 'hw_ila_1' triggered at 2019-Apr-18 16:57:46
INFO: [Labtools 27-3304] ILA Waveform data saved to file D:/xilinx_work/a7_prj_tst/a7_prj14_tst/20_temp_lm75_test/temp_lm75_test/temp_lm75_test.hw/backup/hw_ila_data_1.ila. Use Tcl command 'import_hw_ila_data' or Vivado File->Import->Import ILA Data menu item to import the previously saved data.
reset_run synth_1
launch_runs impl_2 -to_step write_bitstream -jobs 4
[Thu Apr 18 16:58:52 2019] Launched synth_1...
Run output will be captured here: D:/xilinx_work/a7_prj_tst/a7_prj14_tst/20_temp_lm75_test/temp_lm75_test/temp_lm75_test.runs/synth_1/runme.log
[Thu Apr 18 16:58:52 2019] Launched impl_2...
Run output will be captured here: D:/xilinx_work/a7_prj_tst/a7_prj14_tst/20_temp_lm75_test/temp_lm75_test/temp_lm75_test.runs/impl_2/runme.log
ERROR: [Labtoolstcl 44-513] HW Target shutdown. Closing target: localhost:3121/xilinx_tcf/Digilent/210512180081
reset_run synth_1
launch_runs impl_2 -to_step write_bitstream -jobs 4
[Thu Apr 18 17:03:05 2019] Launched synth_1...
Run output will be captured here: D:/xilinx_work/a7_prj_tst/a7_prj14_tst/20_temp_lm75_test/temp_lm75_test/temp_lm75_test.runs/synth_1/runme.log
[Thu Apr 18 17:03:05 2019] Launched impl_2...
Run output will be captured here: D:/xilinx_work/a7_prj_tst/a7_prj14_tst/20_temp_lm75_test/temp_lm75_test/temp_lm75_test.runs/impl_2/runme.log
INFO: [Labtoolstcl 44-466] Opening hw_target localhost:3121/xilinx_tcf/Digilent/210512180081
INFO: [Labtools 27-1435] Device xc7a50t (JTAG device index = 0) is not programmed (DONE status = 0).
WARNING: [Labtoolstcl 44-129] No matching hw_ila_data was found.
set_property PROBES.FILE {D:/xilinx_work/a7_prj_tst/a7_prj14_tst/20_temp_lm75_test/temp_lm75_test/temp_lm75_test.runs/impl_2/temp_test.ltx} [get_hw_devices xc7a50t_0]
set_property FULL_PROBES.FILE {D:/xilinx_work/a7_prj_tst/a7_prj14_tst/20_temp_lm75_test/temp_lm75_test/temp_lm75_test.runs/impl_2/temp_test.ltx} [get_hw_devices xc7a50t_0]
set_property PROGRAM.FILE {D:/xilinx_work/a7_prj_tst/a7_prj14_tst/20_temp_lm75_test/temp_lm75_test/temp_lm75_test.runs/impl_2/temp_test.bit} [get_hw_devices xc7a50t_0]
program_hw_devices [get_hw_devices xc7a50t_0]
INFO: [Labtools 27-3164] End of startup status: HIGH
refresh_hw_device [lindex [get_hw_devices xc7a50t_0] 0]
INFO: [Labtools 27-2302] Device xc7a50t (JTAG device index = 0) is programmed with a design that has 1 ILA core(s).
display_hw_ila_data [ get_hw_ila_data hw_ila_data_1 -of_objects [get_hw_ilas -of_objects [get_hw_devices xc7a50t_0] -filter {CELL_NAME=~"u_ila_0"}]]
INFO: [Labtools 27-3304] ILA Waveform data saved to file D:/xilinx_work/a7_prj_tst/a7_prj14_tst/20_temp_lm75_test/temp_lm75_test/temp_lm75_test.hw/backup/hw_ila_data_1.ila. Use Tcl command 'import_hw_ila_data' or Vivado File->Import->Import ILA Data menu item to import the previously saved data.
run_hw_ila [get_hw_ilas -of_objects [get_hw_devices xc7a50t_0] -filter {CELL_NAME=~"u_ila_0"}]
INFO: [Labtools 27-1964] The ILA core 'hw_ila_1' trigger was armed at 2019-Apr-18 17:08:38
wait_on_hw_ila [get_hw_ilas -of_objects [get_hw_devices xc7a50t_0] -filter {CELL_NAME=~"u_ila_0"}]
display_hw_ila_data [upload_hw_ila_data [get_hw_ilas -of_objects [get_hw_devices xc7a50t_0] -filter {CELL_NAME=~"u_ila_0"}]]
INFO: [Labtools 27-1966] The ILA core 'hw_ila_1' triggered at 2019-Apr-18 17:08:38
INFO: [Labtools 27-3304] ILA Waveform data saved to file D:/xilinx_work/a7_prj_tst/a7_prj14_tst/20_temp_lm75_test/temp_lm75_test/temp_lm75_test.hw/backup/hw_ila_data_1.ila. Use Tcl command 'import_hw_ila_data' or Vivado File->Import->Import ILA Data menu item to import the previously saved data.
run_hw_ila [get_hw_ilas -of_objects [get_hw_devices xc7a50t_0] -filter {CELL_NAME=~"u_ila_0"}]
INFO: [Labtools 27-1964] The ILA core 'hw_ila_1' trigger was armed at 2019-Apr-18 17:08:40
wait_on_hw_ila [get_hw_ilas -of_objects [get_hw_devices xc7a50t_0] -filter {CELL_NAME=~"u_ila_0"}]
display_hw_ila_data [upload_hw_ila_data [get_hw_ilas -of_objects [get_hw_devices xc7a50t_0] -filter {CELL_NAME=~"u_ila_0"}]]
INFO: [Labtools 27-1966] The ILA core 'hw_ila_1' triggered at 2019-Apr-18 17:08:40
INFO: [Labtools 27-3304] ILA Waveform data saved to file D:/xilinx_work/a7_prj_tst/a7_prj14_tst/20_temp_lm75_test/temp_lm75_test/temp_lm75_test.hw/backup/hw_ila_data_1.ila. Use Tcl command 'import_hw_ila_data' or Vivado File->Import->Import ILA Data menu item to import the previously saved data.
run_hw_ila [get_hw_ilas -of_objects [get_hw_devices xc7a50t_0] -filter {CELL_NAME=~"u_ila_0"}]
INFO: [Labtools 27-1964] The ILA core 'hw_ila_1' trigger was armed at 2019-Apr-18 17:08:42
wait_on_hw_ila [get_hw_ilas -of_objects [get_hw_devices xc7a50t_0] -filter {CELL_NAME=~"u_ila_0"}]
display_hw_ila_data [upload_hw_ila_data [get_hw_ilas -of_objects [get_hw_devices xc7a50t_0] -filter {CELL_NAME=~"u_ila_0"}]]
INFO: [Labtools 27-1966] The ILA core 'hw_ila_1' triggered at 2019-Apr-18 17:08:42
INFO: [Labtools 27-3304] ILA Waveform data saved to file D:/xilinx_work/a7_prj_tst/a7_prj14_tst/20_temp_lm75_test/temp_lm75_test/temp_lm75_test.hw/backup/hw_ila_data_1.ila. Use Tcl command 'import_hw_ila_data' or Vivado File->Import->Import ILA Data menu item to import the previously saved data.
run_hw_ila [get_hw_ilas -of_objects [get_hw_devices xc7a50t_0] -filter {CELL_NAME=~"u_ila_0"}]
INFO: [Labtools 27-1964] The ILA core 'hw_ila_1' trigger was armed at 2019-Apr-18 17:08:44
wait_on_hw_ila [get_hw_ilas -of_objects [get_hw_devices xc7a50t_0] -filter {CELL_NAME=~"u_ila_0"}]
display_hw_ila_data [upload_hw_ila_data [get_hw_ilas -of_objects [get_hw_devices xc7a50t_0] -filter {CELL_NAME=~"u_ila_0"}]]
INFO: [Labtools 27-1966] The ILA core 'hw_ila_1' triggered at 2019-Apr-18 17:08:44
INFO: [Labtools 27-3304] ILA Waveform data saved to file D:/xilinx_work/a7_prj_tst/a7_prj14_tst/20_temp_lm75_test/temp_lm75_test/temp_lm75_test.hw/backup/hw_ila_data_1.ila. Use Tcl command 'import_hw_ila_data' or Vivado File->Import->Import ILA Data menu item to import the previously saved data.
run_hw_ila [get_hw_ilas -of_objects [get_hw_devices xc7a50t_0] -filter {CELL_NAME=~"u_ila_0"}]
INFO: [Labtools 27-1964] The ILA core 'hw_ila_1' trigger was armed at 2019-Apr-18 17:08:45
wait_on_hw_ila [get_hw_ilas -of_objects [get_hw_devices xc7a50t_0] -filter {CELL_NAME=~"u_ila_0"}]
display_hw_ila_data [upload_hw_ila_data [get_hw_ilas -of_objects [get_hw_devices xc7a50t_0] -filter {CELL_NAME=~"u_ila_0"}]]
INFO: [Labtools 27-1966] The ILA core 'hw_ila_1' triggered at 2019-Apr-18 17:08:45
INFO: [Labtools 27-3304] ILA Waveform data saved to file D:/xilinx_work/a7_prj_tst/a7_prj14_tst/20_temp_lm75_test/temp_lm75_test/temp_lm75_test.hw/backup/hw_ila_data_1.ila. Use Tcl command 'import_hw_ila_data' or Vivado File->Import->Import ILA Data menu item to import the previously saved data.
run_hw_ila [get_hw_ilas -of_objects [get_hw_devices xc7a50t_0] -filter {CELL_NAME=~"u_ila_0"}]
INFO: [Labtools 27-1964] The ILA core 'hw_ila_1' trigger was armed at 2019-Apr-18 17:08:58
wait_on_hw_ila [get_hw_ilas -of_objects [get_hw_devices xc7a50t_0] -filter {CELL_NAME=~"u_ila_0"}]
display_hw_ila_data [upload_hw_ila_data [get_hw_ilas -of_objects [get_hw_devices xc7a50t_0] -filter {CELL_NAME=~"u_ila_0"}]]
INFO: [Labtools 27-1966] The ILA core 'hw_ila_1' triggered at 2019-Apr-18 17:08:58
INFO: [Labtools 27-3304] ILA Waveform data saved to file D:/xilinx_work/a7_prj_tst/a7_prj14_tst/20_temp_lm75_test/temp_lm75_test/temp_lm75_test.hw/backup/hw_ila_data_1.ila. Use Tcl command 'import_hw_ila_data' or Vivado File->Import->Import ILA Data menu item to import the previously saved data.
run_hw_ila [get_hw_ilas -of_objects [get_hw_devices xc7a50t_0] -filter {CELL_NAME=~"u_ila_0"}]
INFO: [Labtools 27-1964] The ILA core 'hw_ila_1' trigger was armed at 2019-Apr-18 17:09:02
wait_on_hw_ila [get_hw_ilas -of_objects [get_hw_devices xc7a50t_0] -filter {CELL_NAME=~"u_ila_0"}]
display_hw_ila_data [upload_hw_ila_data [get_hw_ilas -of_objects [get_hw_devices xc7a50t_0] -filter {CELL_NAME=~"u_ila_0"}]]
INFO: [Labtools 27-1966] The ILA core 'hw_ila_1' triggered at 2019-Apr-18 17:09:02
INFO: [Labtools 27-3304] ILA Waveform data saved to file D:/xilinx_work/a7_prj_tst/a7_prj14_tst/20_temp_lm75_test/temp_lm75_test/temp_lm75_test.hw/backup/hw_ila_data_1.ila. Use Tcl command 'import_hw_ila_data' or Vivado File->Import->Import ILA Data menu item to import the previously saved data.
ERROR: [Labtoolstcl 44-513] HW Target shutdown. Closing target: localhost:3121/xilinx_tcf/Digilent/210512180081
INFO: [Labtoolstcl 44-466] Opening hw_target localhost:3121/xilinx_tcf/Digilent/210512180081
INFO: [Labtools 27-1434] Device xc7a50t (JTAG device index = 0) is programmed with a design that has no supported debug core(s) in it.
WARNING: [Labtools 27-3361] The debug hub core was not detected.
Resolution: 
1. Make sure the clock connected to the debug hub (dbg_hub) core is a free running clock and is active.
2. Make sure the BSCAN_SWITCH_USER_MASK device property in Vivado Hardware Manager reflects the user scan chain setting in the design and refresh the device.  To determine the user scan chain setting in the design, open the implemented design and use 'get_property C_USER_SCAN_CHAIN [get_debug_cores dbg_hub]'.
For more details on setting the scan chain property, consult the Vivado Debug and Programming User Guide (UG908).
WARNING: [Labtools 27-3403] Dropping logic core with cellname:'u_ila_0' from probes file, since it cannot be found on the programmed device.
WARNING: [Labtoolstcl 44-129] No matching hw_ila_data was found.
set_property PROBES.FILE {D:/xilinx_work/a7_prj_tst/a7_prj14_tst/20_temp_lm75_test/temp_lm75_test/temp_lm75_test.runs/impl_2/temp_test.ltx} [get_hw_devices xc7a50t_0]
set_property FULL_PROBES.FILE {D:/xilinx_work/a7_prj_tst/a7_prj14_tst/20_temp_lm75_test/temp_lm75_test/temp_lm75_test.runs/impl_2/temp_test.ltx} [get_hw_devices xc7a50t_0]
set_property PROGRAM.FILE {D:/xilinx_work/a7_prj_tst/a7_prj14_tst/20_temp_lm75_test/temp_lm75_test/temp_lm75_test.runs/impl_2/temp_test.bit} [get_hw_devices xc7a50t_0]
program_hw_devices [get_hw_devices xc7a50t_0]
INFO: [Labtools 27-3164] End of startup status: HIGH
refresh_hw_device [lindex [get_hw_devices xc7a50t_0] 0]
INFO: [Labtools 27-2302] Device xc7a50t (JTAG device index = 0) is programmed with a design that has 1 ILA core(s).
display_hw_ila_data [ get_hw_ila_data hw_ila_data_1 -of_objects [get_hw_ilas -of_objects [get_hw_devices xc7a50t_0] -filter {CELL_NAME=~"u_ila_0"}]]
INFO: [Labtools 27-3304] ILA Waveform data saved to file D:/xilinx_work/a7_prj_tst/a7_prj14_tst/20_temp_lm75_test/temp_lm75_test/temp_lm75_test.hw/backup/hw_ila_data_1.ila. Use Tcl command 'import_hw_ila_data' or Vivado File->Import->Import ILA Data menu item to import the previously saved data.
run_hw_ila [get_hw_ilas -of_objects [get_hw_devices xc7a50t_0] -filter {CELL_NAME=~"u_ila_0"}]
INFO: [Labtools 27-1964] The ILA core 'hw_ila_1' trigger was armed at 2019-Apr-18 17:52:02
wait_on_hw_ila [get_hw_ilas -of_objects [get_hw_devices xc7a50t_0] -filter {CELL_NAME=~"u_ila_0"}]
display_hw_ila_data [upload_hw_ila_data [get_hw_ilas -of_objects [get_hw_devices xc7a50t_0] -filter {CELL_NAME=~"u_ila_0"}]]
INFO: [Labtools 27-1966] The ILA core 'hw_ila_1' triggered at 2019-Apr-18 17:52:02
INFO: [Labtools 27-3304] ILA Waveform data saved to file D:/xilinx_work/a7_prj_tst/a7_prj14_tst/20_temp_lm75_test/temp_lm75_test/temp_lm75_test.hw/backup/hw_ila_data_1.ila. Use Tcl command 'import_hw_ila_data' or Vivado File->Import->Import ILA Data menu item to import the previously saved data.
run_hw_ila [get_hw_ilas -of_objects [get_hw_devices xc7a50t_0] -filter {CELL_NAME=~"u_ila_0"}]
INFO: [Labtools 27-1964] The ILA core 'hw_ila_1' trigger was armed at 2019-Apr-18 17:52:49
wait_on_hw_ila [get_hw_ilas -of_objects [get_hw_devices xc7a50t_0] -filter {CELL_NAME=~"u_ila_0"}]
display_hw_ila_data [upload_hw_ila_data [get_hw_ilas -of_objects [get_hw_devices xc7a50t_0] -filter {CELL_NAME=~"u_ila_0"}]]
INFO: [Labtools 27-1966] The ILA core 'hw_ila_1' triggered at 2019-Apr-18 17:52:49
INFO: [Labtools 27-3304] ILA Waveform data saved to file D:/xilinx_work/a7_prj_tst/a7_prj14_tst/20_temp_lm75_test/temp_lm75_test/temp_lm75_test.hw/backup/hw_ila_data_1.ila. Use Tcl command 'import_hw_ila_data' or Vivado File->Import->Import ILA Data menu item to import the previously saved data.
save_wave_config {D:/xilinx_work/a7_prj_tst/a7_prj14_tst/20_temp_lm75_test/temp_lm75_test/temp_lm75_test.hw/hw_1/wave/hw_ila_data_1/hw_ila_data_1.wcfg}
close_hw
reset_run synth_1
launch_runs impl_2 -to_step write_bitstream -jobs 4
[Thu Apr 18 18:03:14 2019] Launched synth_1...
Run output will be captured here: D:/xilinx_work/a7_prj_tst/a7_prj14_tst/20_temp_lm75_test/temp_lm75_test/temp_lm75_test.runs/synth_1/runme.log
[Thu Apr 18 18:03:14 2019] Launched impl_2...
Run output will be captured here: D:/xilinx_work/a7_prj_tst/a7_prj14_tst/20_temp_lm75_test/temp_lm75_test/temp_lm75_test.runs/impl_2/runme.log
open_hw
connect_hw_server
INFO: [Labtools 27-2285] Connecting to hw_server url TCP:localhost:3121
INFO: [Labtools 27-2222] Launching hw_server...
INFO: [Labtools 27-2221] Launch Output:

****** Xilinx hw_server v2017.4
  **** Build date : Dec 15 2017-21:08:27
    ** Copyright 1986-2017 Xilinx, Inc. All Rights Reserved.


disconnect_hw_server localhost:3121
connect_hw_server
INFO: [Labtools 27-2285] Connecting to hw_server url TCP:localhost:3121
INFO: [Labtoolstcl 44-466] Opening hw_target localhost:3121/xilinx_tcf/Digilent/210512180081
INFO: [Labtools 27-2302] Device xc7a50t (JTAG device index = 0) is programmed with a design that has 1 ILA core(s).
INFO: [Labtools 27-3304] ILA Waveform data saved to file D:/xilinx_work/a7_prj_tst/a7_prj14_tst/20_temp_lm75_test/temp_lm75_test/temp_lm75_test.hw/backup/hw_ila_data_1.ila. Use Tcl command 'import_hw_ila_data' or Vivado File->Import->Import ILA Data menu item to import the previously saved data.
set_property PROBES.FILE {D:/xilinx_work/a7_prj_tst/a7_prj14_tst/20_temp_lm75_test/temp_lm75_test/temp_lm75_test.runs/impl_2/temp_test.ltx} [get_hw_devices xc7a50t_0]
set_property FULL_PROBES.FILE {D:/xilinx_work/a7_prj_tst/a7_prj14_tst/20_temp_lm75_test/temp_lm75_test/temp_lm75_test.runs/impl_2/temp_test.ltx} [get_hw_devices xc7a50t_0]
set_property PROGRAM.FILE {D:/xilinx_work/a7_prj_tst/a7_prj14_tst/20_temp_lm75_test/temp_lm75_test/temp_lm75_test.runs/impl_2/temp_test.bit} [get_hw_devices xc7a50t_0]
program_hw_devices [get_hw_devices xc7a50t_0]
INFO: [Labtools 27-3164] End of startup status: HIGH
refresh_hw_device [lindex [get_hw_devices xc7a50t_0] 0]
INFO: [Labtools 27-2302] Device xc7a50t (JTAG device index = 0) is programmed with a design that has 1 ILA core(s).
INFO: [Labtools 27-3304] ILA Waveform data saved to file D:/xilinx_work/a7_prj_tst/a7_prj14_tst/20_temp_lm75_test/temp_lm75_test/temp_lm75_test.hw/backup/hw_ila_data_1.ila. Use Tcl command 'import_hw_ila_data' or Vivado File->Import->Import ILA Data menu item to import the previously saved data.
run_hw_ila [get_hw_ilas -of_objects [get_hw_devices xc7a50t_0] -filter {CELL_NAME=~"u_ila_0"}]
INFO: [Labtools 27-1964] The ILA core 'hw_ila_1' trigger was armed at 2019-Apr-18 18:08:36
wait_on_hw_ila [get_hw_ilas -of_objects [get_hw_devices xc7a50t_0] -filter {CELL_NAME=~"u_ila_0"}]
display_hw_ila_data [upload_hw_ila_data [get_hw_ilas -of_objects [get_hw_devices xc7a50t_0] -filter {CELL_NAME=~"u_ila_0"}]]
INFO: [Labtools 27-1966] The ILA core 'hw_ila_1' triggered at 2019-Apr-18 18:08:36
INFO: [Labtools 27-3304] ILA Waveform data saved to file D:/xilinx_work/a7_prj_tst/a7_prj14_tst/20_temp_lm75_test/temp_lm75_test/temp_lm75_test.hw/backup/hw_ila_data_1.ila. Use Tcl command 'import_hw_ila_data' or Vivado File->Import->Import ILA Data menu item to import the previously saved data.
reset_run synth_1
launch_runs impl_2 -to_step write_bitstream -jobs 4
[Thu Apr 18 18:10:03 2019] Launched synth_1...
Run output will be captured here: D:/xilinx_work/a7_prj_tst/a7_prj14_tst/20_temp_lm75_test/temp_lm75_test/temp_lm75_test.runs/synth_1/runme.log
[Thu Apr 18 18:10:03 2019] Launched impl_2...
Run output will be captured here: D:/xilinx_work/a7_prj_tst/a7_prj14_tst/20_temp_lm75_test/temp_lm75_test/temp_lm75_test.runs/impl_2/runme.log
save_wave_config {D:/xilinx_work/a7_prj_tst/a7_prj14_tst/20_temp_lm75_test/temp_lm75_test/temp_lm75_test.hw/hw_1/wave/hw_ila_data_1/hw_ila_data_1.wcfg}
close_hw
close_hw: Time (s): cpu = 00:00:09 ; elapsed = 00:00:11 . Memory (MB): peak = 1457.645 ; gain = 0.000
reset_run impl_2
reset_run synth_1
launch_runs impl_2 -to_step write_bitstream -jobs 4
[Thu Apr 18 18:17:52 2019] Launched synth_1...
Run output will be captured here: D:/xilinx_work/a7_prj_tst/a7_prj14_tst/20_temp_lm75_test/temp_lm75_test/temp_lm75_test.runs/synth_1/runme.log
[Thu Apr 18 18:17:52 2019] Launched impl_2...
Run output will be captured here: D:/xilinx_work/a7_prj_tst/a7_prj14_tst/20_temp_lm75_test/temp_lm75_test/temp_lm75_test.runs/impl_2/runme.log
open_hw
connect_hw_server
INFO: [Labtools 27-2285] Connecting to hw_server url TCP:localhost:3121
INFO: [Labtools 27-2222] Launching hw_server...
INFO: [Labtools 27-2221] Launch Output:

****** Xilinx hw_server v2017.4
  **** Build date : Dec 15 2017-21:08:27
    ** Copyright 1986-2017 Xilinx, Inc. All Rights Reserved.


open_hw_target
INFO: [Labtoolstcl 44-466] Opening hw_target localhost:3121/xilinx_tcf/Digilent/210512180081
set_property PROGRAM.FILE {D:/xilinx_work/a7_prj_tst/a7_prj14_tst/20_temp_lm75_test/temp_lm75_test/temp_lm75_test.runs/impl_2/temp_test.bit} [get_hw_devices xc7a50t_0]
set_property PROBES.FILE {D:/xilinx_work/a7_prj_tst/a7_prj14_tst/20_temp_lm75_test/temp_lm75_test/temp_lm75_test.runs/impl_2/temp_test.ltx} [get_hw_devices xc7a50t_0]
set_property FULL_PROBES.FILE {D:/xilinx_work/a7_prj_tst/a7_prj14_tst/20_temp_lm75_test/temp_lm75_test/temp_lm75_test.runs/impl_2/temp_test.ltx} [get_hw_devices xc7a50t_0]
current_hw_device [get_hw_devices xc7a50t_0]
refresh_hw_device [lindex [get_hw_devices xc7a50t_0] 0]
INFO: [Labtools 27-2302] Device xc7a50t (JTAG device index = 0) is programmed with a design that has 1 ILA core(s).
display_hw_ila_data [ get_hw_ila_data hw_ila_data_1 -of_objects [get_hw_ilas -of_objects [get_hw_devices xc7a50t_0] -filter {CELL_NAME=~"u_ila_0"}]]
INFO: [Labtools 27-3304] ILA Waveform data saved to file D:/xilinx_work/a7_prj_tst/a7_prj14_tst/20_temp_lm75_test/temp_lm75_test/temp_lm75_test.hw/backup/hw_ila_data_1.ila. Use Tcl command 'import_hw_ila_data' or Vivado File->Import->Import ILA Data menu item to import the previously saved data.
run_hw_ila [get_hw_ilas -of_objects [get_hw_devices xc7a50t_0] -filter {CELL_NAME=~"u_ila_0"}]
INFO: [Labtools 27-1964] The ILA core 'hw_ila_1' trigger was armed at 2019-Apr-18 18:24:29
wait_on_hw_ila [get_hw_ilas -of_objects [get_hw_devices xc7a50t_0] -filter {CELL_NAME=~"u_ila_0"}]
display_hw_ila_data [upload_hw_ila_data [get_hw_ilas -of_objects [get_hw_devices xc7a50t_0] -filter {CELL_NAME=~"u_ila_0"}]]
INFO: [Labtools 27-1966] The ILA core 'hw_ila_1' triggered at 2019-Apr-18 18:24:29
INFO: [Labtools 27-3304] ILA Waveform data saved to file D:/xilinx_work/a7_prj_tst/a7_prj14_tst/20_temp_lm75_test/temp_lm75_test/temp_lm75_test.hw/backup/hw_ila_data_1.ila. Use Tcl command 'import_hw_ila_data' or Vivado File->Import->Import ILA Data menu item to import the previously saved data.
run_hw_ila [get_hw_ilas -of_objects [get_hw_devices xc7a50t_0] -filter {CELL_NAME=~"u_ila_0"}]
INFO: [Labtools 27-1964] The ILA core 'hw_ila_1' trigger was armed at 2019-Apr-18 18:24:32
wait_on_hw_ila [get_hw_ilas -of_objects [get_hw_devices xc7a50t_0] -filter {CELL_NAME=~"u_ila_0"}]
display_hw_ila_data [upload_hw_ila_data [get_hw_ilas -of_objects [get_hw_devices xc7a50t_0] -filter {CELL_NAME=~"u_ila_0"}]]
INFO: [Labtools 27-1966] The ILA core 'hw_ila_1' triggered at 2019-Apr-18 18:24:32
INFO: [Labtools 27-3304] ILA Waveform data saved to file D:/xilinx_work/a7_prj_tst/a7_prj14_tst/20_temp_lm75_test/temp_lm75_test/temp_lm75_test.hw/backup/hw_ila_data_1.ila. Use Tcl command 'import_hw_ila_data' or Vivado File->Import->Import ILA Data menu item to import the previously saved data.
run_hw_ila [get_hw_ilas -of_objects [get_hw_devices xc7a50t_0] -filter {CELL_NAME=~"u_ila_0"}]
INFO: [Labtools 27-1964] The ILA core 'hw_ila_1' trigger was armed at 2019-Apr-18 18:24:34
wait_on_hw_ila [get_hw_ilas -of_objects [get_hw_devices xc7a50t_0] -filter {CELL_NAME=~"u_ila_0"}]
display_hw_ila_data [upload_hw_ila_data [get_hw_ilas -of_objects [get_hw_devices xc7a50t_0] -filter {CELL_NAME=~"u_ila_0"}]]
INFO: [Labtools 27-1966] The ILA core 'hw_ila_1' triggered at 2019-Apr-18 18:24:34
INFO: [Labtools 27-3304] ILA Waveform data saved to file D:/xilinx_work/a7_prj_tst/a7_prj14_tst/20_temp_lm75_test/temp_lm75_test/temp_lm75_test.hw/backup/hw_ila_data_1.ila. Use Tcl command 'import_hw_ila_data' or Vivado File->Import->Import ILA Data menu item to import the previously saved data.
run_hw_ila [get_hw_ilas -of_objects [get_hw_devices xc7a50t_0] -filter {CELL_NAME=~"u_ila_0"}]
INFO: [Labtools 27-1964] The ILA core 'hw_ila_1' trigger was armed at 2019-Apr-18 18:24:35
wait_on_hw_ila [get_hw_ilas -of_objects [get_hw_devices xc7a50t_0] -filter {CELL_NAME=~"u_ila_0"}]
display_hw_ila_data [upload_hw_ila_data [get_hw_ilas -of_objects [get_hw_devices xc7a50t_0] -filter {CELL_NAME=~"u_ila_0"}]]
INFO: [Labtools 27-1966] The ILA core 'hw_ila_1' triggered at 2019-Apr-18 18:24:35
INFO: [Labtools 27-3304] ILA Waveform data saved to file D:/xilinx_work/a7_prj_tst/a7_prj14_tst/20_temp_lm75_test/temp_lm75_test/temp_lm75_test.hw/backup/hw_ila_data_1.ila. Use Tcl command 'import_hw_ila_data' or Vivado File->Import->Import ILA Data menu item to import the previously saved data.
reset_run synth_1
launch_runs impl_2 -to_step write_bitstream -jobs 4
[Thu Apr 18 18:27:23 2019] Launched synth_1...
Run output will be captured here: D:/xilinx_work/a7_prj_tst/a7_prj14_tst/20_temp_lm75_test/temp_lm75_test/temp_lm75_test.runs/synth_1/runme.log
[Thu Apr 18 18:27:23 2019] Launched impl_2...
Run output will be captured here: D:/xilinx_work/a7_prj_tst/a7_prj14_tst/20_temp_lm75_test/temp_lm75_test/temp_lm75_test.runs/impl_2/runme.log
ERROR: [Labtoolstcl 44-513] HW Target shutdown. Closing target: localhost:3121/xilinx_tcf/Digilent/210512180081
disconnect_hw_server localhost:3121
connect_hw_server
INFO: [Labtools 27-2285] Connecting to hw_server url TCP:localhost:3121
ERROR: [Labtoolstcl 44-494] There is no active target available for server at localhost.
 Targets(s) ", jsn-JTAG-HS1-210512180081" may be locked by another hw_server.
disconnect_hw_server localhost:3121
connect_hw_server
INFO: [Labtools 27-2285] Connecting to hw_server url TCP:localhost:3121
open_hw_target
INFO: [Labtoolstcl 44-466] Opening hw_target localhost:3121/xilinx_tcf/Digilent/210512180081
set_property PROGRAM.FILE {D:/xilinx_work/a7_prj_tst/a7_prj14_tst/20_temp_lm75_test/temp_lm75_test/temp_lm75_test.runs/impl_2/temp_test.bit} [get_hw_devices xc7a50t_0]
set_property PROBES.FILE {D:/xilinx_work/a7_prj_tst/a7_prj14_tst/20_temp_lm75_test/temp_lm75_test/temp_lm75_test.runs/impl_2/temp_test.ltx} [get_hw_devices xc7a50t_0]
set_property FULL_PROBES.FILE {D:/xilinx_work/a7_prj_tst/a7_prj14_tst/20_temp_lm75_test/temp_lm75_test/temp_lm75_test.runs/impl_2/temp_test.ltx} [get_hw_devices xc7a50t_0]
current_hw_device [get_hw_devices xc7a50t_0]
refresh_hw_device [lindex [get_hw_devices xc7a50t_0] 0]
INFO: [Labtools 27-2302] Device xc7a50t (JTAG device index = 0) is programmed with a design that has 1 ILA core(s).
display_hw_ila_data [ get_hw_ila_data hw_ila_data_1 -of_objects [get_hw_ilas -of_objects [get_hw_devices xc7a50t_0] -filter {CELL_NAME=~"u_ila_0"}]]
INFO: [Labtools 27-3304] ILA Waveform data saved to file D:/xilinx_work/a7_prj_tst/a7_prj14_tst/20_temp_lm75_test/temp_lm75_test/temp_lm75_test.hw/backup/hw_ila_data_1.ila. Use Tcl command 'import_hw_ila_data' or Vivado File->Import->Import ILA Data menu item to import the previously saved data.
set_property PROBES.FILE {D:/xilinx_work/a7_prj_tst/a7_prj14_tst/20_temp_lm75_test/temp_lm75_test/temp_lm75_test.runs/impl_2/temp_test.ltx} [get_hw_devices xc7a50t_0]
set_property FULL_PROBES.FILE {D:/xilinx_work/a7_prj_tst/a7_prj14_tst/20_temp_lm75_test/temp_lm75_test/temp_lm75_test.runs/impl_2/temp_test.ltx} [get_hw_devices xc7a50t_0]
set_property PROGRAM.FILE {D:/xilinx_work/a7_prj_tst/a7_prj14_tst/20_temp_lm75_test/temp_lm75_test/temp_lm75_test.runs/impl_2/temp_test.bit} [get_hw_devices xc7a50t_0]
program_hw_devices [get_hw_devices xc7a50t_0]
INFO: [Labtools 27-3164] End of startup status: HIGH
refresh_hw_device [lindex [get_hw_devices xc7a50t_0] 0]
INFO: [Labtools 27-2302] Device xc7a50t (JTAG device index = 0) is programmed with a design that has 1 ILA core(s).
INFO: [Labtools 27-3304] ILA Waveform data saved to file D:/xilinx_work/a7_prj_tst/a7_prj14_tst/20_temp_lm75_test/temp_lm75_test/temp_lm75_test.hw/backup/hw_ila_data_1.ila. Use Tcl command 'import_hw_ila_data' or Vivado File->Import->Import ILA Data menu item to import the previously saved data.
run_hw_ila [get_hw_ilas -of_objects [get_hw_devices xc7a50t_0] -filter {CELL_NAME=~"u_ila_0"}]
INFO: [Labtools 27-1964] The ILA core 'hw_ila_1' trigger was armed at 2019-Apr-18 18:34:50
wait_on_hw_ila [get_hw_ilas -of_objects [get_hw_devices xc7a50t_0] -filter {CELL_NAME=~"u_ila_0"}]
display_hw_ila_data [upload_hw_ila_data [get_hw_ilas -of_objects [get_hw_devices xc7a50t_0] -filter {CELL_NAME=~"u_ila_0"}]]
INFO: [Labtools 27-1966] The ILA core 'hw_ila_1' triggered at 2019-Apr-18 18:34:50
INFO: [Labtools 27-3304] ILA Waveform data saved to file D:/xilinx_work/a7_prj_tst/a7_prj14_tst/20_temp_lm75_test/temp_lm75_test/temp_lm75_test.hw/backup/hw_ila_data_1.ila. Use Tcl command 'import_hw_ila_data' or Vivado File->Import->Import ILA Data menu item to import the previously saved data.
reset_run synth_1
launch_runs impl_2 -to_step write_bitstream -jobs 4
[Thu Apr 18 18:36:57 2019] Launched synth_1...
Run output will be captured here: D:/xilinx_work/a7_prj_tst/a7_prj14_tst/20_temp_lm75_test/temp_lm75_test/temp_lm75_test.runs/synth_1/runme.log
[Thu Apr 18 18:36:57 2019] Launched impl_2...
Run output will be captured here: D:/xilinx_work/a7_prj_tst/a7_prj14_tst/20_temp_lm75_test/temp_lm75_test/temp_lm75_test.runs/impl_2/runme.log
set_property PROBES.FILE {D:/xilinx_work/a7_prj_tst/a7_prj14_tst/20_temp_lm75_test/temp_lm75_test/temp_lm75_test.runs/impl_2/temp_test.ltx} [get_hw_devices xc7a50t_0]
set_property FULL_PROBES.FILE {D:/xilinx_work/a7_prj_tst/a7_prj14_tst/20_temp_lm75_test/temp_lm75_test/temp_lm75_test.runs/impl_2/temp_test.ltx} [get_hw_devices xc7a50t_0]
set_property PROGRAM.FILE {D:/xilinx_work/a7_prj_tst/a7_prj14_tst/20_temp_lm75_test/temp_lm75_test/temp_lm75_test.runs/impl_2/temp_test.bit} [get_hw_devices xc7a50t_0]
program_hw_devices [get_hw_devices xc7a50t_0]
INFO: [Labtools 27-3164] End of startup status: HIGH
refresh_hw_device [lindex [get_hw_devices xc7a50t_0] 0]
INFO: [Labtools 27-2302] Device xc7a50t (JTAG device index = 0) is programmed with a design that has 1 ILA core(s).
INFO: [Labtools 27-3304] ILA Waveform data saved to file D:/xilinx_work/a7_prj_tst/a7_prj14_tst/20_temp_lm75_test/temp_lm75_test/temp_lm75_test.hw/backup/hw_ila_data_1.ila. Use Tcl command 'import_hw_ila_data' or Vivado File->Import->Import ILA Data menu item to import the previously saved data.
reset_run synth_1
launch_runs impl_2 -to_step write_bitstream -jobs 4
[Thu Apr 18 18:43:48 2019] Launched synth_1...
Run output will be captured here: D:/xilinx_work/a7_prj_tst/a7_prj14_tst/20_temp_lm75_test/temp_lm75_test/temp_lm75_test.runs/synth_1/runme.log
[Thu Apr 18 18:43:48 2019] Launched impl_2...
Run output will be captured here: D:/xilinx_work/a7_prj_tst/a7_prj14_tst/20_temp_lm75_test/temp_lm75_test/temp_lm75_test.runs/impl_2/runme.log
save_wave_config {D:/xilinx_work/a7_prj_tst/a7_prj14_tst/20_temp_lm75_test/temp_lm75_test/temp_lm75_test.hw/hw_1/wave/hw_ila_data_1/hw_ila_data_1.wcfg}
close_hw
close_hw: Time (s): cpu = 00:00:03 ; elapsed = 00:00:05 . Memory (MB): peak = 1468.172 ; gain = 0.000
open_hw
connect_hw_server
INFO: [Labtools 27-2285] Connecting to hw_server url TCP:localhost:3121
INFO: [Labtools 27-2222] Launching hw_server...
INFO: [Labtools 27-2221] Launch Output:

****** Xilinx hw_server v2017.4
  **** Build date : Dec 15 2017-21:08:27
    ** Copyright 1986-2017 Xilinx, Inc. All Rights Reserved.


open_hw_target
INFO: [Labtoolstcl 44-466] Opening hw_target localhost:3121/xilinx_tcf/Digilent/210512180081
set_property PROGRAM.FILE {D:/xilinx_work/a7_prj_tst/a7_prj14_tst/20_temp_lm75_test/temp_lm75_test/temp_lm75_test.runs/impl_2/temp_test.bit} [get_hw_devices xc7a50t_0]
set_property PROBES.FILE {D:/xilinx_work/a7_prj_tst/a7_prj14_tst/20_temp_lm75_test/temp_lm75_test/temp_lm75_test.runs/impl_2/temp_test.ltx} [get_hw_devices xc7a50t_0]
set_property FULL_PROBES.FILE {D:/xilinx_work/a7_prj_tst/a7_prj14_tst/20_temp_lm75_test/temp_lm75_test/temp_lm75_test.runs/impl_2/temp_test.ltx} [get_hw_devices xc7a50t_0]
current_hw_device [get_hw_devices xc7a50t_0]
refresh_hw_device [lindex [get_hw_devices xc7a50t_0] 0]
INFO: [Labtools 27-2302] Device xc7a50t (JTAG device index = 0) is programmed with a design that has 1 ILA core(s).
display_hw_ila_data [ get_hw_ila_data hw_ila_data_1 -of_objects [get_hw_ilas -of_objects [get_hw_devices xc7a50t_0] -filter {CELL_NAME=~"u_ila_0"}]]
INFO: [Labtools 27-3304] ILA Waveform data saved to file D:/xilinx_work/a7_prj_tst/a7_prj14_tst/20_temp_lm75_test/temp_lm75_test/temp_lm75_test.hw/backup/hw_ila_data_1.ila. Use Tcl command 'import_hw_ila_data' or Vivado File->Import->Import ILA Data menu item to import the previously saved data.
set_property PROBES.FILE {D:/xilinx_work/a7_prj_tst/a7_prj14_tst/20_temp_lm75_test/temp_lm75_test/temp_lm75_test.runs/impl_2/temp_test.ltx} [get_hw_devices xc7a50t_0]
set_property FULL_PROBES.FILE {D:/xilinx_work/a7_prj_tst/a7_prj14_tst/20_temp_lm75_test/temp_lm75_test/temp_lm75_test.runs/impl_2/temp_test.ltx} [get_hw_devices xc7a50t_0]
set_property PROGRAM.FILE {D:/xilinx_work/a7_prj_tst/a7_prj14_tst/20_temp_lm75_test/temp_lm75_test/temp_lm75_test.runs/impl_2/temp_test.bit} [get_hw_devices xc7a50t_0]
program_hw_devices [get_hw_devices xc7a50t_0]
INFO: [Labtools 27-3164] End of startup status: HIGH
refresh_hw_device [lindex [get_hw_devices xc7a50t_0] 0]
INFO: [Labtools 27-2302] Device xc7a50t (JTAG device index = 0) is programmed with a design that has 1 ILA core(s).
INFO: [Labtools 27-3304] ILA Waveform data saved to file D:/xilinx_work/a7_prj_tst/a7_prj14_tst/20_temp_lm75_test/temp_lm75_test/temp_lm75_test.hw/backup/hw_ila_data_1.ila. Use Tcl command 'import_hw_ila_data' or Vivado File->Import->Import ILA Data menu item to import the previously saved data.
set_property PROBES.FILE {D:/xilinx_work/a7_prj_tst/a7_prj14_tst/20_temp_lm75_test/temp_lm75_test/temp_lm75_test.runs/impl_2/temp_test.ltx} [get_hw_devices xc7a50t_0]
set_property FULL_PROBES.FILE {D:/xilinx_work/a7_prj_tst/a7_prj14_tst/20_temp_lm75_test/temp_lm75_test/temp_lm75_test.runs/impl_2/temp_test.ltx} [get_hw_devices xc7a50t_0]
set_property PROGRAM.FILE {D:/xilinx_work/a7_prj_tst/a7_prj14_tst/20_temp_lm75_test/temp_lm75_test/temp_lm75_test.runs/impl_2/temp_test.bit} [get_hw_devices xc7a50t_0]
program_hw_devices [get_hw_devices xc7a50t_0]
INFO: [Labtools 27-3164] End of startup status: HIGH
refresh_hw_device [lindex [get_hw_devices xc7a50t_0] 0]
INFO: [Labtools 27-2302] Device xc7a50t (JTAG device index = 0) is programmed with a design that has 1 ILA core(s).
INFO: [Labtools 27-3304] ILA Waveform data saved to file D:/xilinx_work/a7_prj_tst/a7_prj14_tst/20_temp_lm75_test/temp_lm75_test/temp_lm75_test.hw/backup/hw_ila_data_1.ila. Use Tcl command 'import_hw_ila_data' or Vivado File->Import->Import ILA Data menu item to import the previously saved data.
reset_run synth_1
launch_runs impl_2 -to_step write_bitstream -jobs 4
[Thu Apr 18 18:58:26 2019] Launched synth_1...
Run output will be captured here: D:/xilinx_work/a7_prj_tst/a7_prj14_tst/20_temp_lm75_test/temp_lm75_test/temp_lm75_test.runs/synth_1/runme.log
[Thu Apr 18 18:58:26 2019] Launched impl_2...
Run output will be captured here: D:/xilinx_work/a7_prj_tst/a7_prj14_tst/20_temp_lm75_test/temp_lm75_test/temp_lm75_test.runs/impl_2/runme.log
set_property PROBES.FILE {D:/xilinx_work/a7_prj_tst/a7_prj14_tst/20_temp_lm75_test/temp_lm75_test/temp_lm75_test.runs/impl_2/temp_test.ltx} [get_hw_devices xc7a50t_0]
set_property FULL_PROBES.FILE {D:/xilinx_work/a7_prj_tst/a7_prj14_tst/20_temp_lm75_test/temp_lm75_test/temp_lm75_test.runs/impl_2/temp_test.ltx} [get_hw_devices xc7a50t_0]
set_property PROGRAM.FILE {D:/xilinx_work/a7_prj_tst/a7_prj14_tst/20_temp_lm75_test/temp_lm75_test/temp_lm75_test.runs/impl_2/temp_test.bit} [get_hw_devices xc7a50t_0]
program_hw_devices [get_hw_devices xc7a50t_0]
INFO: [Labtools 27-3164] End of startup status: HIGH
refresh_hw_device [lindex [get_hw_devices xc7a50t_0] 0]
INFO: [Labtools 27-2302] Device xc7a50t (JTAG device index = 0) is programmed with a design that has 1 ILA core(s).
INFO: [Labtools 27-3304] ILA Waveform data saved to file D:/xilinx_work/a7_prj_tst/a7_prj14_tst/20_temp_lm75_test/temp_lm75_test/temp_lm75_test.hw/backup/hw_ila_data_1.ila. Use Tcl command 'import_hw_ila_data' or Vivado File->Import->Import ILA Data menu item to import the previously saved data.
save_wave_config {D:/xilinx_work/a7_prj_tst/a7_prj14_tst/20_temp_lm75_test/temp_lm75_test/temp_lm75_test.hw/hw_1/wave/hw_ila_data_1/hw_ila_data_1.wcfg}
exit
INFO: [Common 17-206] Exiting Vivado at Thu Apr 18 19:10:03 2019...
