#-----------------------------------------------------------
# Vivado v2017.4 (64-bit)
# SW Build 2086221 on Fri Dec 15 20:55:39 MST 2017
# IP Build 2085800 on Fri Dec 15 22:25:07 MST 2017
# Start of session at: Tue Apr  9 12:50:23 2024
# Process ID: 3296
# Current directory: C:/Users/User/Desktop/FPGA/led7 doan
# Command line: vivado.exe -gui_launcher_event rodinguilauncherevent18236 C:\Users\User\Desktop\FPGA\led7 doan\led7 doan.xpr
# Log file: C:/Users/User/Desktop/FPGA/led7 doan/vivado.log
# Journal file: C:/Users/User/Desktop/FPGA/led7 doan\vivado.jou
#-----------------------------------------------------------
start_gui
open_project {C:/Users/User/Desktop/FPGA/led7 doan/led7 doan.xpr}
Scanning sources...
Finished scanning sources
INFO: [IP_Flow 19-234] Refreshing IP repositories
INFO: [IP_Flow 19-1704] No user IP repositories specified
INFO: [IP_Flow 19-2313] Loaded Vivado IP repository 'D:/Vivado/2017.4/data/ip'.
INFO: [Common 17-41] Interrupt caught. Command should exit soon.
INFO: [Common 17-344] 'open_project' was cancelled
exit
INFO: [Common 17-206] Exitireset_run synth_1
launch_runs impl_1 -jobs 4
[Tue Apr  9 12:52:22 2024] Launched synth_1...
Run output will be captured here: C:/Users/User/Desktop/FPGA/led7 doan/led7 doan.runs/synth_1/runme.log
[Tue Apr  9 12:52:22 2024] Launched impl_1...
Run output will be captured here: C:/Users/User/Desktop/FPGA/led7 doan/led7 doan.runs/impl_1/runme.log
launch_runs impl_1 -to_step write_bitstream -jobs 4
[Tue Apr  9 12:55:08 2024] Launched impl_1...
Run output will be captured here: C:/Users/User/Desktop/FPGA/led7 doan/led7 doan.runs/impl_1/runme.log
exit
INFO: [Common 17-206] Exiting Vivado at Tue Apr  9 12:56:46 2024...
