#-----------------------------------------------------------
# Vivado v2017.4 (64-bit)
# SW Build 2086221 on Fri Dec 15 20:55:39 MST 2017
# IP Build 2085800 on Fri Dec 15 22:25:07 MST 2017
# Start of session at: Mon May 27 09:03:57 2024
# Process ID: 30148
# Current directory: C:/xilinx/Downloads/led7 doan
# Command line: vivado.exe -gui_launcher_event rodinguilauncherevent35280 C:\xilinx\Downloads\led7 doan\led7 doan.xpr
# Log file: C:/xilinx/Downloads/led7 doan/vivado.log
# Journal file: C:/xilinx/Downloads/led7 doan\vivado.jou
#-----------------------------------------------------------
start_gui
open_project {C:/xilinx/Downloads/led7 doan/led7 doan.xpr}
INFO: [Project 1-313] Project file moved from 'C:/Users/User/Desktop/FPGA/led7 doan' since last save.
CRITICAL WARNING: [Project 1-311] Could not find the file 'C:/xilinx/Downloads/led_7segment.xdc', nor could it be found using path 'C:/Users/User/Desktop/FPGA/led_7segment.xdc'.
Scanning sources...
Finished scanning sources
INFO: [IP_Flow 19-234] Refreshing IP repositories
INFO: [IP_Flow 19-1704] No user IP repositories specified
INFO: [IP_Flow 19-2313] Loaded Vivado IP repository 'C:/xilinx/Vivado/2017.4/data/ip'.
update_compile_order -fileset sources_1
reset_run synth_1
launch_runs impl_1 -to_step write_bitstream -jobs 8
[Mon May 27 09:04:33 2024] Launched synth_1...
Run output will be captured here: C:/xilinx/Downloads/led7 doan/led7 doan.runs/synth_1/runme.log
[Mon May 27 09:04:33 2024] Launched impl_1...
Run output will be captured here: C:/xilinx/Downloads/led7 doan/led7 doan.runs/impl_1/runme.log
import_files
INFO: [filemgmt 20-348] Importing the appropriate files for fileset: 'constrs_1'
WARNING: [filemgmt 20-342] File / dir doesn't exist, skipping: C:/xilinx/Downloads/led_7segment.xdc
INFO: [filemgmt 20-334] All file(s) are already imported in fileset: 'sources_1'
INFO: [filemgmt 20-348] Importing the appropriate files for fileset: 'sources_1'
export_ip_user_files -of_objects  [get_files C:/xilinx/Downloads/led_7segment.xdc] -no_script -reset -force -quiet
remove_files  -fileset constrs_1 C:/xilinx/Downloads/led_7segment.xdc
file mkdir C:/xilinx/Downloads/led7 doan/led7 doan.srcs/constrs_1
file mkdir C:/xilinx/Downloads/led7 doan/led7 doan.srcs/constrs_1
file mkdir C:/xilinx/Downloads/led7 doan/led7 doan.srcs/constrs_1/new
file mkdir C:/xilinx/Downloads/led7 doan/led7 doan.srcs/constrs_1/new
file mkdir C:/xilinx/Downloads/led7 doan/led7 doan.srcs/constrs_1/new
file mkdir C:/xilinx/Downloads/led7 doan/led7 doan.srcs/constrs_1/new
file mkdir C:/xilinx/Downloads/led7 doan/led7 doan.srcs/constrs_1
file mkdir {C:/xilinx/Downloads/led7 doan/led7 doan.srcs/constrs_1/new}
close [ open {C:/xilinx/Downloads/led7 doan/led7 doan.srcs/constrs_1/new/comse.xdc} w ]
add_files -fileset constrs_1 {{C:/xilinx/Downloads/led7 doan/led7 doan.srcs/constrs_1/new/comse.xdc}}
reset_run synth_1
launch_runs impl_1 -to_step write_bitstream -jobs 8
[Mon May 27 09:07:18 2024] Launched synth_1...
Run output will be captured here: C:/xilinx/Downloads/led7 doan/led7 doan.runs/synth_1/runme.log
[Mon May 27 09:07:18 2024] Launched impl_1...
Run output will be captured here: C:/xilinx/Downloads/led7 doan/led7 doan.runs/impl_1/runme.log
exit
INFO: [Common 17-206] Exiting Vivado at Mon May 27 10:18:47 2024...
