#-----------------------------------------------------------
# Vivado v2019.1 (64-bit)
# SW Build 2552052 on Fri May 24 14:49:42 MDT 2019
# IP Build 2548770 on Fri May 24 18:01:18 MDT 2019
# Start of session at: Mon Jun 30 08:21:48 2025
# Process ID: 20916
# Current directory: C:/Users/VICTUS/Desktop/FPGAthi/Câu2/led7 doan
# Command line: vivado.exe -gui_launcher_event rodinguilauncherevent10004 C:\Users\VICTUS\Desktop\FPGAthi\Câu2\led7 doan\led7 doan.xpr
# Log file: C:/Users/VICTUS/Desktop/FPGAthi/Câu2/led7 doan/vivado.log
# Journal file: C:/Users/VICTUS/Desktop/FPGAthi/Câu2/led7 doan\vivado.jou
#-----------------------------------------------------------
start_gui
open_project {C:/Users/VICTUS/Desktop/FPGAthi/Câu2/led7 doan/led7 doan.xpr}
INFO: [Project 1-313] Project file moved from 'C:/xilinx/Downloads/led7 doan' since last save.
Scanning sources...
Finished scanning sources
INFO: [Project 1-230] Project 'led7 doan.xpr' upgraded for this version of Vivado.
INFO: [IP_Flow 19-234] Refreshing IP repositories
INFO: [IP_Flow 19-1704] No user IP repositories specified
INFO: [IP_Flow 19-2313] Loaded Vivado IP repository 'C:/Xilinx/Vivado/2019.1/data/ip'.
update_compile_order -fileset sources_1
exit
INFO: [Common 17-206] Exiting Vivado at Mon Jun 30 08:45:04 2025...
