#-----------------------------------------------------------
# Vivado v2017.4 (64-bit)
# SW Build 2086221 on Fri Dec 15 20:55:39 MST 2017
# IP Build 2085800 on Fri Dec 15 22:25:07 MST 2017
# Start of session at: Mon May 27 11:07:22 2024
# Process ID: 26652
# Current directory: C:/Users/admin/Desktop/Bai2_FPGA/led7 doan
# Command line: vivado.exe -gui_launcher_event rodinguilauncherevent24184 C:\Users\admin\Desktop\Bai2_FPGA\led7 doan\led7 doan.xpr
# Log file: C:/Users/admin/Desktop/Bai2_FPGA/led7 doan/vivado.log
# Journal file: C:/Users/admin/Desktop/Bai2_FPGA/led7 doan\vivado.jou
#-----------------------------------------------------------
start_gui
open_project {C:/Users/admin/Desktop/Bai2_FPGA/led7 doan/led7 doan.xpr}
INFO: [Project 1-313] Project file moved from 'C:/xilinx/Downloads/led7 doan' since last save.
Scanning sources...
Finished scanning sources
INFO: [IP_Flow 19-234] Refreshing IP repositories
INFO: [IP_Flow 19-1704] No user IP repositories specified
INFO: [IP_Flow 19-2313] Loaded Vivado IP repository 'C:/xilinx/Vivado/2017.4/data/ip'.
update_compile_order -fileset sources_1
