#-----------------------------------------------------------
# Vivado v2017.4 (64-bit)
# SW Build 2086221 on Fri Dec 15 20:55:39 MST 2017
# IP Build 2085800 on Fri Dec 15 22:25:07 MST 2017
# Start of session at: Mon May 27 11:38:46 2024
# Process ID: 13392
# Current directory: C:/Users/admin/Desktop/Bai2_FPGA/serial_to_parallel
# Command line: vivado.exe -gui_launcher_event rodinguilauncherevent5056 C:\Users\admin\Desktop\Bai2_FPGA\serial_to_parallel\serial_to_parallel.xpr
# Log file: C:/Users/admin/Desktop/Bai2_FPGA/serial_to_parallel/vivado.log
# Journal file: C:/Users/admin/Desktop/Bai2_FPGA/serial_to_parallel\vivado.jou
#-----------------------------------------------------------
start_gui
open_project C:/Users/admin/Desktop/Bai2_FPGA/serial_to_parallel/serial_to_parallel.xpr
INFO: [Project 1-313] Project file moved from 'C:/xilinx/Downloads/serial_to_parallel' since last save.
Scanning sources...
Finished scanning sources
INFO: [IP_Flow 19-234] Refreshing IP repositories
INFO: [IP_Flow 19-1704] No user IP repositories specified
INFO: [IP_Flow 19-2313] Loaded Vivado IP repository 'C:/xilinx/Vivado/2017.4/data/ip'.
update_compile_order -fileset sources_1
exit
INFO: [Common 17-206] Exiting Vivado at Mon May 27 12:10:43 2024...
