#-----------------------------------------------------------
# Vivado v2017.4 (64-bit)
# SW Build 2086221 on Fri Dec 15 20:55:39 MST 2017
# IP Build 2085800 on Fri Dec 15 22:25:07 MST 2017
# Start of session at: Mon May 27 11:52:29 2024
# Process ID: 15032
# Current directory: D:/FPGA thi/Câu3/uart_hienthi_led
# Command line: vivado.exe -gui_launcher_event rodinguilauncherevent14776 D:\FPGA thi\Câu3\uart_hienthi_led\uart_loopback.xpr
# Log file: D:/FPGA thi/Câu3/uart_hienthi_led/vivado.log
# Journal file: D:/FPGA thi/Câu3/uart_hienthi_led\vivado.jou
#-----------------------------------------------------------
start_gui
open_project {D:/FPGA thi/Câu3/uart_hienthi_led/uart_loopback.xpr}
INFO: [Project 1-313] Project file moved from 'C:/Users/Admin/Desktop/verilog/uart_hienthi_led' since last save.
Scanning sources...
Finished scanning sources
INFO: [IP_Flow 19-234] Refreshing IP repositories
INFO: [IP_Flow 19-1704] No user IP repositories specified
INFO: [IP_Flow 19-2313] Loaded Vivado IP repository 'C:/Xilinx/Vivado/2017.4/data/ip'.
open_project: Time (s): cpu = 00:00:05 ; elapsed = 00:00:06 . Memory (MB): peak = 879.203 ; gain = 123.453
update_compile_order -fileset sources_1
open_hw
connect_hw_server
INFO: [Labtools 27-2285] Connecting to hw_server url TCP:localhost:3121
INFO: [Common 17-41] Interrupt caught. Command should exit soon.
