#-----------------------------------------------------------
# Vivado v2019.1 (64-bit)
# SW Build 2552052 on Fri May 24 14:49:42 MDT 2019
# IP Build 2548770 on Fri May 24 18:01:18 MDT 2019
# Start of session at: Sat Jun 28 19:36:37 2025
# Process ID: 20312
# Current directory: C:/Users/VICTUS/Desktop/FPGAthi/Câu3/uart_hienthi_led
# Command line: vivado.exe -gui_launcher_event rodinguilauncherevent2276 C:\Users\VICTUS\Desktop\FPGAthi\Câu3\uart_hienthi_led\uart_loopback.xpr
# Log file: C:/Users/VICTUS/Desktop/FPGAthi/Câu3/uart_hienthi_led/vivado.log
# Journal file: C:/Users/VICTUS/Desktop/FPGAthi/Câu3/uart_hienthi_led\vivado.jou
#-----------------------------------------------------------
start_gui
open_project C:/Users/VICTUS/Desktop/FPGAthi/Câu3/uart_hienthi_led/uart_loopback.xpr
Scanning sources...
Finished scanning sources
INFO: [IP_Flow 19-234] Refreshing IP repositories
INFO: [IP_Flow 19-1704] No user IP repositories specified
INFO: [IP_Flow 19-2313] Loaded Vivado IP repository 'C:/Xilinx/Vivado/2019.1/data/ip'.
update_compile_order -fileset sources_1
reset_run synth_1
launch_runs impl_1 -to_step write_bitstream -jobs 6
[Sat Jun 28 19:36:57 2025] Launched synth_1...
Run output will be captured here: C:/Users/VICTUS/Desktop/FPGAthi/Câu3/uart_hienthi_led/uart_loopback.runs/synth_1/runme.log
[Sat Jun 28 19:36:57 2025] Launched impl_1...
Run output will be captured here: C:/Users/VICTUS/Desktop/FPGAthi/Câu3/uart_hienthi_led/uart_loopback.runs/impl_1/runme.log
exit
INFO: [Common 17-206] Exiting Vivado at Sat Jun 28 19:37:40 2025...
