#-----------------------------------------------------------
# Vivado v2019.1 (64-bit)
# SW Build 2552052 on Fri May 24 14:49:42 MDT 2019
# IP Build 2548770 on Fri May 24 18:01:18 MDT 2019
# Start of session at: Mon Jun 30 11:53:13 2025
# Process ID: 19888
# Current directory: C:/Users/VICTUS/Desktop/FPGAthi/bai_3_thi
# Command line: vivado.exe -gui_launcher_event rodinguilauncherevent4568 C:\Users\VICTUS\Desktop\FPGAthi\bai_3_thi\bai_3_thi.xpr
# Log file: C:/Users/VICTUS/Desktop/FPGAthi/bai_3_thi/vivado.log
# Journal file: C:/Users/VICTUS/Desktop/FPGAthi/bai_3_thi\vivado.jou
#-----------------------------------------------------------
start_gui
open_project C:/Users/VICTUS/Desktop/FPGAthi/bai_3_thi/bai_3_thi.xpr
INFO: [Project 1-313] Project file moved from 'C:/Users/user/Desktop/FPGA thi/Cu2/bai_3_thi' since last save.
Scanning sources...
Finished scanning sources
INFO: [Project 1-230] Project 'bai_3_thi.xpr' upgraded for this version of Vivado.
INFO: [IP_Flow 19-234] Refreshing IP repositories
INFO: [IP_Flow 19-1704] No user IP repositories specified
INFO: [IP_Flow 19-2313] Loaded Vivado IP repository 'C:/Xilinx/Vivado/2019.1/data/ip'.
open_project: Time (s): cpu = 00:00:14 ; elapsed = 00:00:05 . Memory (MB): peak = 683.270 ; gain = 25.285
update_compile_order -fileset sources_1
exit
INFO: [Common 17-206] Exiting Vivado at Mon Jun 30 11:56:11 2025...
