Copyright 1986-2019 Xilinx, Inc. All Rights Reserved.
------------------------------------------------------------------------------------------
| Tool Version : Vivado v.2019.1 (win64) Build 2552052 Fri May 24 14:49:42 MDT 2019
| Date         : Mon Jun 30 11:26:09 2025
| Host         : DESKTOP-HQCDAV2 running 64-bit major release  (build 9200)
| Command      : report_control_sets -verbose -file uart_loopback_control_sets_placed.rpt
| Design       : uart_loopback
| Device       : xc7a35t
------------------------------------------------------------------------------------------

Control Set Information

Table of Contents
-----------------
1. Summary
2. Histogram
3. Flip-Flop Distribution
4. Detailed Control Set Information

1. Summary
----------

+----------------------------------------------------------+-------+
|                          Status                          | Count |
+----------------------------------------------------------+-------+
| Total control sets                                       |     4 |
|    Minimum number of control sets                        |     4 |
|    Addition due to synthesis replication                 |     0 |
|    Addition due to physical synthesis replication        |     0 |
| Unused register locations in slices containing registers |    22 |
+----------------------------------------------------------+-------+
* Control sets can be merged at opt_design using control_set_merge or merge_equivalent_drivers
** Run report_qor_suggestions for automated merging and remapping suggestions


2. Histogram
------------

+--------------------+-------+
|       Fanout       | Count |
+--------------------+-------+
| Total control sets |     4 |
| >= 0 to < 4        |     1 |
| >= 4 to < 6        |     0 |
| >= 6 to < 8        |     0 |
| >= 8 to < 10       |     2 |
| >= 10 to < 12      |     0 |
| >= 12 to < 14      |     0 |
| >= 14 to < 16      |     1 |
| >= 16              |     0 |
+--------------------+-------+
* Control sets can be remapped at either synth_design or opt_design


3. Flip-Flop Distribution
-------------------------

+--------------+-----------------------+------------------------+-----------------+--------------+
| Clock Enable | Synchronous Set/Reset | Asynchronous Set/Reset | Total Registers | Total Slices |
+--------------+-----------------------+------------------------+-----------------+--------------+
| No           | No                    | No                     |              15 |            8 |
| No           | No                    | Yes                    |               1 |            1 |
| No           | Yes                   | No                     |               0 |            0 |
| Yes          | No                    | No                     |               9 |            4 |
| Yes          | No                    | Yes                    |               0 |            0 |
| Yes          | Yes                   | No                     |               9 |            4 |
+--------------+-----------------------+------------------------+-----------------+--------------+


4. Detailed Control Set Information
-----------------------------------

+--------------------+------------------------------------------+-------------------------+------------------+----------------+
|    Clock Signal    |               Enable Signal              |     Set/Reset Signal    | Slice Load Count | Bel Load Count |
+--------------------+------------------------------------------+-------------------------+------------------+----------------+
|  sys_clk_IBUF_BUFG |                                          | i_Tx_DV_i_1_n_0         |                1 |              1 |
|  sys_clk_IBUF_BUFG | UART_RX_INST/r_Clock_Count[8]_i_1_n_0    |                         |                4 |              9 |
|  sys_clk_IBUF_BUFG | UART_TX_INST/r_Clock_Count[8]_i_2__0_n_0 | UART_TX_INST/r_Tx_Done0 |                4 |              9 |
|  sys_clk_IBUF_BUFG |                                          |                         |                8 |             15 |
+--------------------+------------------------------------------+-------------------------+------------------+----------------+


