#-----------------------------------------------------------
# Vivado v2019.1 (64-bit)
# SW Build 2552052 on Fri May 24 14:49:42 MDT 2019
# IP Build 2548770 on Fri May 24 18:01:18 MDT 2019
# Start of session at: Sat Jun 28 22:44:29 2025
# Process ID: 23596
# Current directory: C:/Users/VICTUS/Desktop/FPGAthi/Cu3/uart_LED
# Command line: vivado.exe -gui_launcher_event rodinguilauncherevent23192 C:\Users\VICTUS\Desktop\FPGAthi\Cu3\uart_LED\uart_LED.xpr
# Log file: C:/Users/VICTUS/Desktop/FPGAthi/Cu3/uart_LED/vivado.log
# Journal file: C:/Users/VICTUS/Desktop/FPGAthi/Cu3/uart_LED\vivado.jou
#-----------------------------------------------------------
start_gui
open_project C:/Users/VICTUS/Desktop/FPGAthi/Cu3/uart_LED/uart_LED.xpr
INFO: [Project 1-313] Project file moved from 'D:/FPGA thi/Cu3/uart_LED' since last save.
Scanning sources...
Finished scanning sources
INFO: [Project 1-230] Project 'uart_LED.xpr' upgraded for this version of Vivado.
INFO: [IP_Flow 19-234] Refreshing IP repositories
INFO: [IP_Flow 19-1704] No user IP repositories specified
INFO: [IP_Flow 19-2313] Loaded Vivado IP repository 'C:/Xilinx/Vivado/2019.1/data/ip'.
update_compile_order -fileset sources_1
open_hw
connect_hw_server
INFO: [Labtools 27-2285] Connecting to hw_server url TCP:localhost:3121
open_hw_target
INFO: [Labtoolstcl 44-466] Opening hw_target localhost:3121/xilinx_tcf/Digilent/210512180081
set_property PROGRAM.FILE {C:/Users/VICTUS/Desktop/FPGAthi/Cu3/uart_LED/uart_LED.runs/impl_1/uart_loopback.bit} [get_hw_devices xc7a35t_0]
current_hw_device [get_hw_devices xc7a35t_0]
refresh_hw_device -update_hw_probes false [lindex [get_hw_devices xc7a35t_0] 0]
INFO: [Labtools 27-1434] Device xc7a35t (JTAG device index = 0) is programmed with a design that has no supported debug core(s) in it.
set_property PROBES.FILE {} [get_hw_devices xc7a35t_0]
set_property FULL_PROBES.FILE {} [get_hw_devices xc7a35t_0]
set_property PROGRAM.FILE {C:/Users/VICTUS/Desktop/FPGAthi/Cu3/uart_LED/uart_LED.runs/impl_1/uart_loopback.bit} [get_hw_devices xc7a35t_0]
program_hw_devices [get_hw_devices xc7a35t_0]
INFO: [Labtools 27-3164] End of startup status: HIGH
refresh_hw_device [lindex [get_hw_devices xc7a35t_0] 0]
INFO: [Labtools 27-1434] Device xc7a35t (JTAG device index = 0) is programmed with a design that has no supported debug core(s) in it.
close_hw
exit
INFO: [Common 17-206] Exiting Vivado at Sat Jun 28 23:18:02 2025...
