
*** Running vivado
    with args -log uart_loopback.vds -m64 -product Vivado -mode batch -messageDb vivado.pb -notrace -source uart_loopback.tcl


****** Vivado v2017.4 (64-bit)
  **** SW Build 2086221 on Fri Dec 15 20:55:39 MST 2017
  **** IP Build 2085800 on Fri Dec 15 22:25:07 MST 2017
    ** Copyright 1986-2017 Xilinx, Inc. All Rights Reserved.

source uart_loopback.tcl -notrace
Command: synth_design -top uart_loopback -part xc7a35tfgg484-2
Starting synth_design
Attempting to get a license for feature 'Synthesis' and/or device 'xc7a35t'
INFO: [Common 17-349] Got license for feature 'Synthesis' and/or device 'xc7a35t'
INFO: Launching helper process for spawning children vivado processes
INFO: Helper process launched with PID 13328 
WARNING: [Synth 8-2507] parameter declaration becomes local in uart_rx with formal parameter declaration list [D:/FPGA thi/Câu3/uart_hienthi_led/uart_loopback.srcs/sources_1/imports/src/uart_rx.v:10]
WARNING: [Synth 8-2507] parameter declaration becomes local in uart_rx with formal parameter declaration list [D:/FPGA thi/Câu3/uart_hienthi_led/uart_loopback.srcs/sources_1/imports/src/uart_rx.v:11]
WARNING: [Synth 8-2507] parameter declaration becomes local in uart_rx with formal parameter declaration list [D:/FPGA thi/Câu3/uart_hienthi_led/uart_loopback.srcs/sources_1/imports/src/uart_rx.v:12]
WARNING: [Synth 8-2507] parameter declaration becomes local in uart_rx with formal parameter declaration list [D:/FPGA thi/Câu3/uart_hienthi_led/uart_loopback.srcs/sources_1/imports/src/uart_rx.v:13]
WARNING: [Synth 8-2507] parameter declaration becomes local in uart_rx with formal parameter declaration list [D:/FPGA thi/Câu3/uart_hienthi_led/uart_loopback.srcs/sources_1/imports/src/uart_rx.v:14]
WARNING: [Synth 8-2507] parameter declaration becomes local in uart_tx with formal parameter declaration list [D:/FPGA thi/Câu3/uart_hienthi_led/uart_loopback.srcs/sources_1/imports/src/uart_tx.v:14]
WARNING: [Synth 8-2507] parameter declaration becomes local in uart_tx with formal parameter declaration list [D:/FPGA thi/Câu3/uart_hienthi_led/uart_loopback.srcs/sources_1/imports/src/uart_tx.v:15]
WARNING: [Synth 8-2507] parameter declaration becomes local in uart_tx with formal parameter declaration list [D:/FPGA thi/Câu3/uart_hienthi_led/uart_loopback.srcs/sources_1/imports/src/uart_tx.v:16]
WARNING: [Synth 8-2507] parameter declaration becomes local in uart_tx with formal parameter declaration list [D:/FPGA thi/Câu3/uart_hienthi_led/uart_loopback.srcs/sources_1/imports/src/uart_tx.v:17]
WARNING: [Synth 8-2507] parameter declaration becomes local in uart_tx with formal parameter declaration list [D:/FPGA thi/Câu3/uart_hienthi_led/uart_loopback.srcs/sources_1/imports/src/uart_tx.v:18]
---------------------------------------------------------------------------------
Starting RTL Elaboration : Time (s): cpu = 00:00:04 ; elapsed = 00:00:04 . Memory (MB): peak = 399.305 ; gain = 109.102
---------------------------------------------------------------------------------
INFO: [Synth 8-638] synthesizing module 'uart_loopback' [D:/FPGA thi/Câu3/uart_hienthi_led/uart_loopback.srcs/sources_1/new/uart_loopback.v:3]
	Parameter c_CLKS_PER_BIT bound to: 435 - type: integer 
	Parameter CLK_FRE bound to: 50 - type: integer 
INFO: [Synth 8-638] synthesizing module 'uart_rx' [D:/FPGA thi/Câu3/uart_hienthi_led/uart_loopback.srcs/sources_1/imports/src/uart_rx.v:1]
	Parameter CLKS_PER_BIT bound to: 435 - type: integer 
	Parameter s_IDLE bound to: 3'b000 
	Parameter s_RX_START_BIT bound to: 3'b001 
	Parameter s_RX_DATA_BITS bound to: 3'b010 
	Parameter s_RX_STOP_BIT bound to: 3'b011 
	Parameter s_CLEANUP bound to: 3'b100 
INFO: [Synth 8-256] done synthesizing module 'uart_rx' (1#1) [D:/FPGA thi/Câu3/uart_hienthi_led/uart_loopback.srcs/sources_1/imports/src/uart_rx.v:1]
INFO: [Synth 8-638] synthesizing module 'uart_tx' [D:/FPGA thi/Câu3/uart_hienthi_led/uart_loopback.srcs/sources_1/imports/src/uart_tx.v:3]
	Parameter CLKS_PER_BIT bound to: 435 - type: integer 
	Parameter s_IDLE bound to: 3'b000 
	Parameter s_TX_START_BIT bound to: 3'b001 
	Parameter s_TX_DATA_BITS bound to: 3'b010 
	Parameter s_TX_STOP_BIT bound to: 3'b011 
	Parameter s_CLEANUP bound to: 3'b100 
INFO: [Synth 8-256] done synthesizing module 'uart_tx' (2#1) [D:/FPGA thi/Câu3/uart_hienthi_led/uart_loopback.srcs/sources_1/imports/src/uart_tx.v:3]
WARNING: [Synth 8-3848] Net rx_data in module/entity uart_loopback does not have driver. [D:/FPGA thi/Câu3/uart_hienthi_led/uart_loopback.srcs/sources_1/new/uart_loopback.v:23]
WARNING: [Synth 8-3848] Net i_Tx_DV in module/entity uart_loopback does not have driver. [D:/FPGA thi/Câu3/uart_hienthi_led/uart_loopback.srcs/sources_1/new/uart_loopback.v:17]
WARNING: [Synth 8-3848] Net tx_data in module/entity uart_loopback does not have driver. [D:/FPGA thi/Câu3/uart_hienthi_led/uart_loopback.srcs/sources_1/new/uart_loopback.v:22]
INFO: [Synth 8-256] done synthesizing module 'uart_loopback' (3#1) [D:/FPGA thi/Câu3/uart_hienthi_led/uart_loopback.srcs/sources_1/new/uart_loopback.v:3]
---------------------------------------------------------------------------------
Finished RTL Elaboration : Time (s): cpu = 00:00:05 ; elapsed = 00:00:05 . Memory (MB): peak = 430.562 ; gain = 140.359
---------------------------------------------------------------------------------

Report Check Netlist: 
+------+------------------+-------+---------+-------+------------------+
|      |Item              |Errors |Warnings |Status |Description       |
+------+------------------+-------+---------+-------+------------------+
|1     |multi_driven_nets |      0|        0|Passed |Multi driven nets |
+------+------------------+-------+---------+-------+------------------+
WARNING: [Synth 8-3295] tying undriven pin UART_TX_INST:i_Tx_DV to constant 0 [D:/FPGA thi/Câu3/uart_hienthi_led/uart_loopback.srcs/sources_1/new/uart_loopback.v:72]
WARNING: [Synth 8-3295] tying undriven pin UART_TX_INST:i_Tx_Byte[7] to constant 0 [D:/FPGA thi/Câu3/uart_hienthi_led/uart_loopback.srcs/sources_1/new/uart_loopback.v:72]
WARNING: [Synth 8-3295] tying undriven pin UART_TX_INST:i_Tx_Byte[6] to constant 0 [D:/FPGA thi/Câu3/uart_hienthi_led/uart_loopback.srcs/sources_1/new/uart_loopback.v:72]
WARNING: [Synth 8-3295] tying undriven pin UART_TX_INST:i_Tx_Byte[5] to constant 0 [D:/FPGA thi/Câu3/uart_hienthi_led/uart_loopback.srcs/sources_1/new/uart_loopback.v:72]
WARNING: [Synth 8-3295] tying undriven pin UART_TX_INST:i_Tx_Byte[4] to constant 0 [D:/FPGA thi/Câu3/uart_hienthi_led/uart_loopback.srcs/sources_1/new/uart_loopback.v:72]
WARNING: [Synth 8-3295] tying undriven pin UART_TX_INST:i_Tx_Byte[3] to constant 0 [D:/FPGA thi/Câu3/uart_hienthi_led/uart_loopback.srcs/sources_1/new/uart_loopback.v:72]
WARNING: [Synth 8-3295] tying undriven pin UART_TX_INST:i_Tx_Byte[2] to constant 0 [D:/FPGA thi/Câu3/uart_hienthi_led/uart_loopback.srcs/sources_1/new/uart_loopback.v:72]
WARNING: [Synth 8-3295] tying undriven pin UART_TX_INST:i_Tx_Byte[1] to constant 0 [D:/FPGA thi/Câu3/uart_hienthi_led/uart_loopback.srcs/sources_1/new/uart_loopback.v:72]
WARNING: [Synth 8-3295] tying undriven pin UART_TX_INST:i_Tx_Byte[0] to constant 0 [D:/FPGA thi/Câu3/uart_hienthi_led/uart_loopback.srcs/sources_1/new/uart_loopback.v:72]
---------------------------------------------------------------------------------
Finished RTL Optimization Phase 1 : Time (s): cpu = 00:00:05 ; elapsed = 00:00:05 . Memory (MB): peak = 430.562 ; gain = 140.359
---------------------------------------------------------------------------------
INFO: [Device 21-403] Loading part xc7a35tfgg484-2
INFO: [Project 1-570] Preparing netlist for logic optimization

Processing XDC Constraints
Initializing timing engine
Parsing XDC File [D:/FPGA thi/Câu3/uart_hienthi_led/uart_loopback.srcs/constrs_1/new/uart_loopback_cstr.xdc]
Finished Parsing XDC File [D:/FPGA thi/Câu3/uart_hienthi_led/uart_loopback.srcs/constrs_1/new/uart_loopback_cstr.xdc]
INFO: [Project 1-236] Implementation specific constraints were found while reading constraint file [D:/FPGA thi/Câu3/uart_hienthi_led/uart_loopback.srcs/constrs_1/new/uart_loopback_cstr.xdc]. These constraints will be ignored for synthesis but will be used in implementation. Impacted constraints are listed in the file [.Xil/uart_loopback_propImpl.xdc].
Resolution: To avoid this warning, move constraints listed in [.Xil/uart_loopback_propImpl.xdc] to another XDC file and exclude this new file from synthesis with the used_in_synthesis property (File Properties dialog in GUI) and re-run elaboration/synthesis.
Completed Processing XDC Constraints

INFO: [Project 1-111] Unisim Transformation Summary:
No Unisim elements were transformed.

Constraint Validation Runtime : Time (s): cpu = 00:00:00 ; elapsed = 00:00:00.004 . Memory (MB): peak = 784.012 ; gain = 0.000
---------------------------------------------------------------------------------
Finished Constraint Validation : Time (s): cpu = 00:00:14 ; elapsed = 00:00:15 . Memory (MB): peak = 784.012 ; gain = 493.809
---------------------------------------------------------------------------------
---------------------------------------------------------------------------------
Start Loading Part and Timing Information
---------------------------------------------------------------------------------
Loading part: xc7a35tfgg484-2
---------------------------------------------------------------------------------
Finished Loading Part and Timing Information : Time (s): cpu = 00:00:14 ; elapsed = 00:00:15 . Memory (MB): peak = 784.012 ; gain = 493.809
---------------------------------------------------------------------------------
---------------------------------------------------------------------------------
Start Applying 'set_property' XDC Constraints
---------------------------------------------------------------------------------
---------------------------------------------------------------------------------
Finished applying 'set_property' XDC Constraints : Time (s): cpu = 00:00:14 ; elapsed = 00:00:15 . Memory (MB): peak = 784.012 ; gain = 493.809
---------------------------------------------------------------------------------
INFO: [Synth 8-802] inferred FSM for state register 'r_SM_Main_reg' in module 'uart_rx'
INFO: [Synth 8-5544] ROM "r_SM_Main" won't be mapped to Block RAM because address size (1) smaller than threshold (5)
INFO: [Synth 8-5544] ROM "r_SM_Main" won't be mapped to Block RAM because address size (1) smaller than threshold (5)
INFO: [Synth 8-5544] ROM "r_SM_Main" won't be mapped to Block RAM because address size (1) smaller than threshold (5)
INFO: [Synth 8-802] inferred FSM for state register 'r_SM_Main_reg' in module 'uart_tx'
INFO: [Synth 8-5544] ROM "o_Tx_Serial" won't be mapped to Block RAM because address size (3) smaller than threshold (5)
INFO: [Synth 8-5544] ROM "r_SM_Main" won't be mapped to Block RAM because address size (1) smaller than threshold (5)
INFO: [Synth 8-5544] ROM "r_SM_Main" won't be mapped to Block RAM because address size (1) smaller than threshold (5)
INFO: [Synth 8-5546] ROM "r_led1" won't be mapped to RAM because it is too sparse
INFO: [Synth 8-5546] ROM "r_led1" won't be mapped to RAM because it is too sparse
INFO: [Synth 8-5546] ROM "r_led2" won't be mapped to RAM because it is too sparse
INFO: [Synth 8-5546] ROM "r_led3" won't be mapped to RAM because it is too sparse
---------------------------------------------------------------------------------------------------
                   State |                     New Encoding |                Previous Encoding 
---------------------------------------------------------------------------------------------------
                  s_IDLE |                            00001 |                              000
          s_RX_START_BIT |                            00010 |                              001
          s_RX_DATA_BITS |                            00100 |                              010
           s_RX_STOP_BIT |                            01000 |                              011
               s_CLEANUP |                            10000 |                              100
---------------------------------------------------------------------------------------------------
INFO: [Synth 8-3354] encoded FSM with state register 'r_SM_Main_reg' using encoding 'one-hot' in module 'uart_rx'
---------------------------------------------------------------------------------------------------
                   State |                     New Encoding |                Previous Encoding 
---------------------------------------------------------------------------------------------------
                  s_IDLE |                               00 |                              000
          s_TX_START_BIT |                               01 |                              001
          s_TX_DATA_BITS |                               10 |                              010
           s_TX_STOP_BIT |                               11 |                              011
---------------------------------------------------------------------------------------------------
INFO: [Synth 8-3354] encoded FSM with state register 'r_SM_Main_reg' using encoding 'sequential' in module 'uart_tx'
---------------------------------------------------------------------------------
Finished RTL Optimization Phase 2 : Time (s): cpu = 00:00:14 ; elapsed = 00:00:16 . Memory (MB): peak = 784.012 ; gain = 493.809
---------------------------------------------------------------------------------

Report RTL Partitions: 
+-+--------------+------------+----------+
| |RTL Partition |Replication |Instances |
+-+--------------+------------+----------+
+-+--------------+------------+----------+
---------------------------------------------------------------------------------
Start RTL Component Statistics 
---------------------------------------------------------------------------------
Detailed RTL Component Info : 
+---Adders : 
	   2 Input      9 Bit       Adders := 2     
	   2 Input      3 Bit       Adders := 2     
+---Registers : 
	                9 Bit    Registers := 2     
	                8 Bit    Registers := 2     
	                3 Bit    Registers := 2     
	                1 Bit    Registers := 9     
+---Muxes : 
	   2 Input      9 Bit        Muxes := 2     
	   5 Input      9 Bit        Muxes := 1     
	   4 Input      9 Bit        Muxes := 1     
	   2 Input      8 Bit        Muxes := 1     
	   5 Input      8 Bit        Muxes := 1     
	  12 Input      5 Bit        Muxes := 1     
	   2 Input      3 Bit        Muxes := 2     
	   5 Input      3 Bit        Muxes := 1     
	   4 Input      3 Bit        Muxes := 1     
	  10 Input      2 Bit        Muxes := 1     
	   2 Input      1 Bit        Muxes := 9     
	   5 Input      1 Bit        Muxes := 3     
	   4 Input      1 Bit        Muxes := 6     
---------------------------------------------------------------------------------
Finished RTL Component Statistics 
---------------------------------------------------------------------------------
---------------------------------------------------------------------------------
Start RTL Hierarchical Component Statistics 
---------------------------------------------------------------------------------
Hierarchical RTL Component report 
Module uart_loopback 
Detailed RTL Component Info : 
+---Registers : 
	                1 Bit    Registers := 3     
+---Muxes : 
	   2 Input      1 Bit        Muxes := 8     
Module uart_rx 
Detailed RTL Component Info : 
+---Adders : 
	   2 Input      9 Bit       Adders := 1     
	   2 Input      3 Bit       Adders := 1     
+---Registers : 
	                9 Bit    Registers := 1     
	                8 Bit    Registers := 1     
	                3 Bit    Registers := 1     
	                1 Bit    Registers := 3     
+---Muxes : 
	   2 Input      9 Bit        Muxes := 1     
	   5 Input      9 Bit        Muxes := 1     
	   2 Input      8 Bit        Muxes := 1     
	   5 Input      8 Bit        Muxes := 1     
	  12 Input      5 Bit        Muxes := 1     
	   2 Input      3 Bit        Muxes := 1     
	   5 Input      3 Bit        Muxes := 1     
	   2 Input      1 Bit        Muxes := 1     
	   5 Input      1 Bit        Muxes := 3     
Module uart_tx 
Detailed RTL Component Info : 
+---Adders : 
	   2 Input      9 Bit       Adders := 1     
	   2 Input      3 Bit       Adders := 1     
+---Registers : 
	                9 Bit    Registers := 1     
	                8 Bit    Registers := 1     
	                3 Bit    Registers := 1     
	                1 Bit    Registers := 3     
+---Muxes : 
	   2 Input      9 Bit        Muxes := 1     
	   4 Input      9 Bit        Muxes := 1     
	   2 Input      3 Bit        Muxes := 1     
	   4 Input      3 Bit        Muxes := 1     
	  10 Input      2 Bit        Muxes := 1     
	   4 Input      1 Bit        Muxes := 6     
---------------------------------------------------------------------------------
Finished RTL Hierarchical Component Statistics
---------------------------------------------------------------------------------
---------------------------------------------------------------------------------
Start Part Resource Summary
---------------------------------------------------------------------------------
Part Resources:
DSPs: 90 (col length:60)
BRAMs: 100 (col length: RAMB18 60 RAMB36 30)
---------------------------------------------------------------------------------
Finished Part Resource Summary
---------------------------------------------------------------------------------
---------------------------------------------------------------------------------
Start Cross Boundary and Area Optimization
---------------------------------------------------------------------------------
WARNING: [Synth 8-6014] Unused sequential element UART_RX_INST/r_Rx_DV_reg was removed.  [D:/FPGA thi/Câu3/uart_hienthi_led/uart_loopback.srcs/sources_1/imports/src/uart_rx.v:42]
WARNING: [Synth 8-6014] Unused sequential element UART_TX_INST/r_Tx_Active_reg was removed.  [D:/FPGA thi/Câu3/uart_hienthi_led/uart_loopback.srcs/sources_1/imports/src/uart_tx.v:40]
WARNING: [Synth 8-6014] Unused sequential element UART_TX_INST/r_Tx_Done_reg was removed.  [D:/FPGA thi/Câu3/uart_hienthi_led/uart_loopback.srcs/sources_1/imports/src/uart_tx.v:34]
INFO: [Synth 8-3333] propagating constant 0 across sequential element (\UART_TX_INST/r_Tx_Data_reg[7] )
INFO: [Synth 8-3333] propagating constant 0 across sequential element (\UART_TX_INST/r_Tx_Data_reg[6] )
INFO: [Synth 8-3333] propagating constant 0 across sequential element (\UART_TX_INST/r_Tx_Data_reg[5] )
INFO: [Synth 8-3333] propagating constant 0 across sequential element (\UART_TX_INST/r_Tx_Data_reg[4] )
INFO: [Synth 8-3333] propagating constant 0 across sequential element (\UART_TX_INST/r_Tx_Data_reg[3] )
INFO: [Synth 8-3333] propagating constant 0 across sequential element (\UART_TX_INST/r_Tx_Data_reg[2] )
INFO: [Synth 8-3333] propagating constant 0 across sequential element (\UART_TX_INST/r_Tx_Data_reg[1] )
INFO: [Synth 8-3333] propagating constant 0 across sequential element (\UART_TX_INST/r_Tx_Data_reg[0] )
WARNING: [Synth 8-3332] Sequential element (UART_TX_INST/r_Tx_Data_reg[7]) is unused and will be removed from module uart_loopback.
WARNING: [Synth 8-3332] Sequential element (UART_TX_INST/r_Tx_Data_reg[6]) is unused and will be removed from module uart_loopback.
WARNING: [Synth 8-3332] Sequential element (UART_TX_INST/r_Tx_Data_reg[5]) is unused and will be removed from module uart_loopback.
WARNING: [Synth 8-3332] Sequential element (UART_TX_INST/r_Tx_Data_reg[4]) is unused and will be removed from module uart_loopback.
WARNING: [Synth 8-3332] Sequential element (UART_TX_INST/r_Tx_Data_reg[3]) is unused and will be removed from module uart_loopback.
WARNING: [Synth 8-3332] Sequential element (UART_TX_INST/r_Tx_Data_reg[2]) is unused and will be removed from module uart_loopback.
WARNING: [Synth 8-3332] Sequential element (UART_TX_INST/r_Tx_Data_reg[1]) is unused and will be removed from module uart_loopback.
WARNING: [Synth 8-3332] Sequential element (UART_TX_INST/r_Tx_Data_reg[0]) is unused and will be removed from module uart_loopback.
---------------------------------------------------------------------------------
Finished Cross Boundary and Area Optimization : Time (s): cpu = 00:00:14 ; elapsed = 00:00:16 . Memory (MB): peak = 784.012 ; gain = 493.809
---------------------------------------------------------------------------------

Report RTL Partitions: 
+-+--------------+------------+----------+
| |RTL Partition |Replication |Instances |
+-+--------------+------------+----------+
+-+--------------+------------+----------+
---------------------------------------------------------------------------------
Start Applying XDC Timing Constraints
---------------------------------------------------------------------------------
---------------------------------------------------------------------------------
Finished Applying XDC Timing Constraints : Time (s): cpu = 00:00:21 ; elapsed = 00:00:23 . Memory (MB): peak = 784.012 ; gain = 493.809
---------------------------------------------------------------------------------
---------------------------------------------------------------------------------
Start Timing Optimization
---------------------------------------------------------------------------------
---------------------------------------------------------------------------------
Finished Timing Optimization : Time (s): cpu = 00:00:21 ; elapsed = 00:00:23 . Memory (MB): peak = 793.371 ; gain = 503.168
---------------------------------------------------------------------------------

Report RTL Partitions: 
+-+--------------+------------+----------+
| |RTL Partition |Replication |Instances |
+-+--------------+------------+----------+
+-+--------------+------------+----------+
---------------------------------------------------------------------------------
Start Technology Mapping
---------------------------------------------------------------------------------
---------------------------------------------------------------------------------
Finished Technology Mapping : Time (s): cpu = 00:00:21 ; elapsed = 00:00:24 . Memory (MB): peak = 795.215 ; gain = 505.012
---------------------------------------------------------------------------------

Report RTL Partitions: 
+-+--------------+------------+----------+
| |RTL Partition |Replication |Instances |
+-+--------------+------------+----------+
+-+--------------+------------+----------+
---------------------------------------------------------------------------------
Start IO Insertion
---------------------------------------------------------------------------------
---------------------------------------------------------------------------------
Start Flattening Before IO Insertion
---------------------------------------------------------------------------------
---------------------------------------------------------------------------------
Finished Flattening Before IO Insertion
---------------------------------------------------------------------------------
---------------------------------------------------------------------------------
Start Final Netlist Cleanup
---------------------------------------------------------------------------------
---------------------------------------------------------------------------------
Finished Final Netlist Cleanup
---------------------------------------------------------------------------------
---------------------------------------------------------------------------------
Finished IO Insertion : Time (s): cpu = 00:00:22 ; elapsed = 00:00:24 . Memory (MB): peak = 795.215 ; gain = 505.012
---------------------------------------------------------------------------------

Report Check Netlist: 
+------+------------------+-------+---------+-------+------------------+
|      |Item              |Errors |Warnings |Status |Description       |
+------+------------------+-------+---------+-------+------------------+
|1     |multi_driven_nets |      0|        0|Passed |Multi driven nets |
+------+------------------+-------+---------+-------+------------------+
---------------------------------------------------------------------------------
Start Renaming Generated Instances
---------------------------------------------------------------------------------
---------------------------------------------------------------------------------
Finished Renaming Generated Instances : Time (s): cpu = 00:00:22 ; elapsed = 00:00:24 . Memory (MB): peak = 795.215 ; gain = 505.012
---------------------------------------------------------------------------------

Report RTL Partitions: 
+-+--------------+------------+----------+
| |RTL Partition |Replication |Instances |
+-+--------------+------------+----------+
+-+--------------+------------+----------+
---------------------------------------------------------------------------------
Start Rebuilding User Hierarchy
---------------------------------------------------------------------------------
---------------------------------------------------------------------------------
Finished Rebuilding User Hierarchy : Time (s): cpu = 00:00:22 ; elapsed = 00:00:24 . Memory (MB): peak = 795.215 ; gain = 505.012
---------------------------------------------------------------------------------
---------------------------------------------------------------------------------
Start Renaming Generated Ports
---------------------------------------------------------------------------------
---------------------------------------------------------------------------------
Finished Renaming Generated Ports : Time (s): cpu = 00:00:22 ; elapsed = 00:00:24 . Memory (MB): peak = 795.215 ; gain = 505.012
---------------------------------------------------------------------------------
---------------------------------------------------------------------------------
Start Handling Custom Attributes
---------------------------------------------------------------------------------
---------------------------------------------------------------------------------
Finished Handling Custom Attributes : Time (s): cpu = 00:00:22 ; elapsed = 00:00:24 . Memory (MB): peak = 795.215 ; gain = 505.012
---------------------------------------------------------------------------------
---------------------------------------------------------------------------------
Start Renaming Generated Nets
---------------------------------------------------------------------------------
---------------------------------------------------------------------------------
Finished Renaming Generated Nets : Time (s): cpu = 00:00:22 ; elapsed = 00:00:24 . Memory (MB): peak = 795.215 ; gain = 505.012
---------------------------------------------------------------------------------
---------------------------------------------------------------------------------
Start Writing Synthesis Report
---------------------------------------------------------------------------------

Report BlackBoxes: 
+-+--------------+----------+
| |BlackBox name |Instances |
+-+--------------+----------+
+-+--------------+----------+

Report Cell Usage: 
+------+-----+------+
|      |Cell |Count |
+------+-----+------+
|1     |BUFG |     1|
|2     |LUT1 |     1|
|3     |LUT2 |    14|
|4     |LUT3 |     6|
|5     |LUT4 |    11|
|6     |LUT5 |    12|
|7     |LUT6 |    32|
|8     |FDPE |     3|
|9     |FDRE |    42|
|10    |IBUF |     3|
|11    |OBUF |     4|
+------+-----+------+

Report Instance Areas: 
+------+---------------+--------+------+
|      |Instance       |Module  |Cells |
+------+---------------+--------+------+
|1     |top            |        |   129|
|2     |  UART_RX_INST |uart_rx |    82|
|3     |  UART_TX_INST |uart_tx |    35|
+------+---------------+--------+------+
---------------------------------------------------------------------------------
Finished Writing Synthesis Report : Time (s): cpu = 00:00:22 ; elapsed = 00:00:24 . Memory (MB): peak = 795.215 ; gain = 505.012
---------------------------------------------------------------------------------
Synthesis finished with 0 errors, 0 critical warnings and 11 warnings.
Synthesis Optimization Runtime : Time (s): cpu = 00:00:12 ; elapsed = 00:00:18 . Memory (MB): peak = 795.215 ; gain = 151.562
Synthesis Optimization Complete : Time (s): cpu = 00:00:22 ; elapsed = 00:00:24 . Memory (MB): peak = 795.215 ; gain = 505.012
INFO: [Project 1-571] Translating synthesized netlist
INFO: [Netlist 29-17] Analyzing 3 Unisim elements for replacement
INFO: [Netlist 29-28] Unisim Transformation completed in 0 CPU seconds
INFO: [Project 1-570] Preparing netlist for logic optimization
INFO: [Opt 31-138] Pushed 0 inverter(s) to 0 load pin(s).
INFO: [Project 1-111] Unisim Transformation Summary:
No Unisim elements were transformed.

INFO: [Common 17-83] Releasing license: Synthesis
40 Infos, 33 Warnings, 0 Critical Warnings and 0 Errors encountered.
synth_design completed successfully
synth_design: Time (s): cpu = 00:00:23 ; elapsed = 00:00:27 . Memory (MB): peak = 796.965 ; gain = 519.133
INFO: [Common 17-1381] The checkpoint 'D:/FPGA thi/Cu3/uart_LED/uart_LED.runs/synth_1/uart_loopback.dcp' has been generated.
INFO: [runtcl-4] Executing : report_utilization -file uart_loopback_utilization_synth.rpt -pb uart_loopback_utilization_synth.pb
report_utilization: Time (s): cpu = 00:00:00 ; elapsed = 00:00:00.035 . Memory (MB): peak = 796.965 ; gain = 0.000
INFO: [Common 17-206] Exiting Vivado at Mon May 27 13:08:13 2024...
