#-----------------------------------------------------------
# Vivado v2019.1 (64-bit)
# SW Build 2552052 on Fri May 24 14:49:42 MDT 2019
# IP Build 2548770 on Fri May 24 18:01:18 MDT 2019
# Start of session at: Sun Jun 29 22:28:54 2025
# Process ID: 10840
# Current directory: C:/Users/VICTUS/Desktop/FPGAthi/Câu3/hinhsin_rom
# Command line: vivado.exe -gui_launcher_event rodinguilauncherevent16236 C:\Users\VICTUS\Desktop\FPGAthi\Câu3\hinhsin_rom\hinhsin_rom.xpr
# Log file: C:/Users/VICTUS/Desktop/FPGAthi/Câu3/hinhsin_rom/vivado.log
# Journal file: C:/Users/VICTUS/Desktop/FPGAthi/Câu3/hinhsin_rom\vivado.jou
#-----------------------------------------------------------
start_gui
open_project C:/Users/VICTUS/Desktop/FPGAthi/Câu3/hinhsin_rom/hinhsin_rom.xpr
Scanning sources...
Finished scanning sources
INFO: [IP_Flow 19-234] Refreshing IP repositories
INFO: [IP_Flow 19-1704] No user IP repositories specified
INFO: [IP_Flow 19-2313] Loaded Vivado IP repository 'C:/Xilinx/Vivado/2019.1/data/ip'.
update_compile_order -fileset sources_1
WARNING: [IP_Flow 19-4067] Ignoring invalid widget type specified checkbox.Providing a default widget
WARNING: [IP_Flow 19-4067] Ignoring invalid widget type specified checkbox.Providing a default widget
reset_run synth_1
launch_runs synth_1 -jobs 6
[Sun Jun 29 22:32:57 2025] Launched synth_1...
Run output will be captured here: C:/Users/VICTUS/Desktop/FPGAthi/Câu3/hinhsin_rom/hinhsin_rom.runs/synth_1/runme.log
WARNING: [IP_Flow 19-4067] Ignoring invalid widget type specified checkbox.Providing a default widget
exit
INFO: [Common 17-206] Exiting Vivado at Sun Jun 29 22:35:42 2025...
