#-----------------------------------------------------------
# Vivado v2017.4 (64-bit)
# SW Build 2086221 on Fri Dec 15 20:55:39 MST 2017
# IP Build 2085800 on Fri Dec 15 22:25:07 MST 2017
# Start of session at: Sun May 26 22:40:20 2024
# Process ID: 18112
# Current directory: C:/Users/User/Desktop/FPGA/hinhsin_rom
# Command line: vivado.exe -gui_launcher_event rodinguilauncherevent10292 C:\Users\User\Desktop\FPGA\hinhsin_rom\hinhsin_rom.xpr
# Log file: C:/Users/User/Desktop/FPGA/hinhsin_rom/vivado.log
# Journal file: C:/Users/User/Desktop/FPGA/hinhsin_rom\vivado.jou
#-----------------------------------------------------------
start_gui
open_project C:/Users/User/Desktop/FPGA/hinhsin_rom/hinhsin_rom.xpr
Scanning sources...
Finished scanning sources
INFO: [IP_Flow 19-234] Refreshing IP repositories
INFO: [IP_Flow 19-1704] No user IP repositories specified
INFO: [IP_Flow 19-2313] Loaded Vivado IP repository 'D:/Vivado/2017.4/data/ip'.
open_project: Time (s): cpu = 00:00:11 ; elapsed = 00:00:09 . Memory (MB): peak = 751.812 ; gain = 108.785
update_compile_order -fileset sources_1
open_hw
close_hw
WARNING: [IP_Flow 19-4067] Ignoring invalid widget type specified checkbox.Providing a default widget
open_hw
connect_hw_server
INFO: [Labtools 27-2285] Connecting to hw_server url TCP:localhost:3121
INFO: [Labtools 27-2222] Launching hw_server...
INFO: [Labtools 27-2221] Launch Output:

****** Xilinx hw_server v2017.4
  **** Build date : Dec 15 2017-21:08:27
    ** Copyright 1986-2017 Xilinx, Inc. All Rights Reserved.


open_hw_target
INFO: [Labtoolstcl 44-466] Opening hw_target localhost:3121/xilinx_tcf/Digilent/210512180081
set_property PROGRAM.FILE {C:/Users/User/Desktop/FPGA/hinhsin_rom/hinhsin_rom.runs/impl_1/sine_wave.bit} [get_hw_devices xc7a35t_0]
set_property PROBES.FILE {C:/Users/User/Desktop/FPGA/hinhsin_rom/hinhsin_rom.runs/impl_1/sine_wave.ltx} [get_hw_devices xc7a35t_0]
set_property FULL_PROBES.FILE {C:/Users/User/Desktop/FPGA/hinhsin_rom/hinhsin_rom.runs/impl_1/sine_wave.ltx} [get_hw_devices xc7a35t_0]
current_hw_device [get_hw_devices xc7a35t_0]
refresh_hw_device [lindex [get_hw_devices xc7a35t_0] 0]
INFO: [Labtools 27-1434] Device xc7a35t (JTAG device index = 0) is programmed with a design that has no supported debug core(s) in it.
WARNING: [Labtools 27-3361] The debug hub core was not detected.
Resolution: 
1. Make sure the clock connected to the debug hub (dbg_hub) core is a free running clock and is active.
2. Make sure the BSCAN_SWITCH_USER_MASK device property in Vivado Hardware Manager reflects the user scan chain setting in the design and refresh the device.  To determine the user scan chain setting in the design, open the implemented design and use 'get_property C_USER_SCAN_CHAIN [get_debug_cores dbg_hub]'.
For more details on setting the scan chain property, consult the Vivado Debug and Programming User Guide (UG908).
WARNING: [Labtools 27-3403] Dropping logic core with cellname:'my_ila' from probes file, since it cannot be found on the programmed device.
set_property PROBES.FILE {C:/Users/User/Desktop/FPGA/hinhsin_rom/hinhsin_rom.runs/impl_1/sine_wave.ltx} [get_hw_devices xc7a35t_0]
set_property FULL_PROBES.FILE {C:/Users/User/Desktop/FPGA/hinhsin_rom/hinhsin_rom.runs/impl_1/sine_wave.ltx} [get_hw_devices xc7a35t_0]
set_property PROGRAM.FILE {C:/Users/User/Desktop/FPGA/hinhsin_rom/hinhsin_rom.runs/impl_1/sine_wave.bit} [get_hw_devices xc7a35t_0]
program_hw_devices [get_hw_devices xc7a35t_0]
INFO: [Labtools 27-3164] End of startup status: HIGH
refresh_hw_device [lindex [get_hw_devices xc7a35t_0] 0]
INFO: [Labtools 27-2302] Device xc7a35t (JTAG device index = 0) is programmed with a design that has 1 ILA core(s).
display_hw_ila_data [ get_hw_ila_data hw_ila_data_1 -of_objects [get_hw_ilas -of_objects [get_hw_devices xc7a35t_0] -filter {CELL_NAME=~"my_ila"}]]
INFO: [Labtools 27-3304] ILA Waveform data saved to file C:/Users/User/Desktop/FPGA/hinhsin_rom/hinhsin_rom.hw/backup/hw_ila_data_1.ila. Use Tcl command 'import_hw_ila_data' or Vivado File->Import->Import ILA Data menu item to import the previously saved data.
run_hw_ila [get_hw_ilas -of_objects [get_hw_devices xc7a35t_0] -filter {CELL_NAME=~"my_ila"}]
INFO: [Labtools 27-1964] The ILA core 'hw_ila_1' trigger was armed at 2024-May-26 22:54:48
wait_on_hw_ila [get_hw_ilas -of_objects [get_hw_devices xc7a35t_0] -filter {CELL_NAME=~"my_ila"}]
display_hw_ila_data [upload_hw_ila_data [get_hw_ilas -of_objects [get_hw_devices xc7a35t_0] -filter {CELL_NAME=~"my_ila"}]]
INFO: [Labtools 27-1966] The ILA core 'hw_ila_1' triggered at 2024-May-26 22:54:48
INFO: [Labtools 27-3304] ILA Waveform data saved to file C:/Users/User/Desktop/FPGA/hinhsin_rom/hinhsin_rom.hw/backup/hw_ila_data_1.ila. Use Tcl command 'import_hw_ila_data' or Vivado File->Import->Import ILA Data menu item to import the previously saved data.
ERROR: [Labtoolstcl 44-513] HW Target shutdown. Closing target: localhost:3121/xilinx_tcf/Digilent/210512180081
disconnect_hw_server localhost:3121
connect_hw_server
INFO: [Labtools 27-2285] Connecting to hw_server url TCP:localhost:3121
open_hw_target
INFO: [Labtoolstcl 44-466] Opening hw_target localhost:3121/xilinx_tcf/Digilent/210512180081
set_property PROGRAM.FILE {C:/Users/User/Desktop/FPGA/hinhsin_rom/hinhsin_rom.runs/impl_1/sine_wave.bit} [get_hw_devices xc7a35t_0]
set_property PROBES.FILE {C:/Users/User/Desktop/FPGA/hinhsin_rom/hinhsin_rom.runs/impl_1/sine_wave.ltx} [get_hw_devices xc7a35t_0]
set_property FULL_PROBES.FILE {C:/Users/User/Desktop/FPGA/hinhsin_rom/hinhsin_rom.runs/impl_1/sine_wave.ltx} [get_hw_devices xc7a35t_0]
current_hw_device [get_hw_devices xc7a35t_0]
refresh_hw_device [lindex [get_hw_devices xc7a35t_0] 0]
INFO: [Labtools 27-2302] Device xc7a35t (JTAG device index = 0) is programmed with a design that has 1 ILA core(s).
display_hw_ila_data [ get_hw_ila_data hw_ila_data_1 -of_objects [get_hw_ilas -of_objects [get_hw_devices xc7a35t_0] -filter {CELL_NAME=~"my_ila"}]]
INFO: [Labtools 27-3304] ILA Waveform data saved to file C:/Users/User/Desktop/FPGA/hinhsin_rom/hinhsin_rom.hw/backup/hw_ila_data_1.ila. Use Tcl command 'import_hw_ila_data' or Vivado File->Import->Import ILA Data menu item to import the previously saved data.
run_hw_ila [get_hw_ilas -of_objects [get_hw_devices xc7a35t_0] -filter {CELL_NAME=~"my_ila"}]
INFO: [Labtools 27-1964] The ILA core 'hw_ila_1' trigger was armed at 2024-May-26 22:55:21
wait_on_hw_ila [get_hw_ilas -of_objects [get_hw_devices xc7a35t_0] -filter {CELL_NAME=~"my_ila"}]
display_hw_ila_data [upload_hw_ila_data [get_hw_ilas -of_objects [get_hw_devices xc7a35t_0] -filter {CELL_NAME=~"my_ila"}]]
INFO: [Labtools 27-1966] The ILA core 'hw_ila_1' triggered at 2024-May-26 22:55:21
INFO: [Labtools 27-3304] ILA Waveform data saved to file C:/Users/User/Desktop/FPGA/hinhsin_rom/hinhsin_rom.hw/backup/hw_ila_data_1.ila. Use Tcl command 'import_hw_ila_data' or Vivado File->Import->Import ILA Data menu item to import the previously saved data.
run_hw_ila [get_hw_ilas -of_objects [get_hw_devices xc7a35t_0] -filter {CELL_NAME=~"my_ila"}]
INFO: [Labtools 27-1964] The ILA core 'hw_ila_1' trigger was armed at 2024-May-26 22:58:06
wait_on_hw_ila [get_hw_ilas -of_objects [get_hw_devices xc7a35t_0] -filter {CELL_NAME=~"my_ila"}]
display_hw_ila_data [upload_hw_ila_data [get_hw_ilas -of_objects [get_hw_devices xc7a35t_0] -filter {CELL_NAME=~"my_ila"}]]
INFO: [Labtools 27-1966] The ILA core 'hw_ila_1' triggered at 2024-May-26 22:58:06
INFO: [Labtools 27-3304] ILA Waveform data saved to file C:/Users/User/Desktop/FPGA/hinhsin_rom/hinhsin_rom.hw/backup/hw_ila_data_1.ila. Use Tcl command 'import_hw_ila_data' or Vivado File->Import->Import ILA Data menu item to import the previously saved data.
run_hw_ila [get_hw_ilas -of_objects [get_hw_devices xc7a35t_0] -filter {CELL_NAME=~"my_ila"}]
INFO: [Labtools 27-1964] The ILA core 'hw_ila_1' trigger was armed at 2024-May-26 22:58:13
wait_on_hw_ila [get_hw_ilas -of_objects [get_hw_devices xc7a35t_0] -filter {CELL_NAME=~"my_ila"}]
display_hw_ila_data [upload_hw_ila_data [get_hw_ilas -of_objects [get_hw_devices xc7a35t_0] -filter {CELL_NAME=~"my_ila"}]]
INFO: [Labtools 27-1966] The ILA core 'hw_ila_1' triggered at 2024-May-26 22:58:13
INFO: [Labtools 27-3304] ILA Waveform data saved to file C:/Users/User/Desktop/FPGA/hinhsin_rom/hinhsin_rom.hw/backup/hw_ila_data_1.ila. Use Tcl command 'import_hw_ila_data' or Vivado File->Import->Import ILA Data menu item to import the previously saved data.
run_hw_ila [get_hw_ilas -of_objects [get_hw_devices xc7a35t_0] -filter {CELL_NAME=~"my_ila"}]
INFO: [Labtools 27-1964] The ILA core 'hw_ila_1' trigger was armed at 2024-May-26 22:59:02
wait_on_hw_ila [get_hw_ilas -of_objects [get_hw_devices xc7a35t_0] -filter {CELL_NAME=~"my_ila"}]
display_hw_ila_data [upload_hw_ila_data [get_hw_ilas -of_objects [get_hw_devices xc7a35t_0] -filter {CELL_NAME=~"my_ila"}]]
INFO: [Labtools 27-1966] The ILA core 'hw_ila_1' triggered at 2024-May-26 22:59:02
INFO: [Labtools 27-3304] ILA Waveform data saved to file C:/Users/User/Desktop/FPGA/hinhsin_rom/hinhsin_rom.hw/backup/hw_ila_data_1.ila. Use Tcl command 'import_hw_ila_data' or Vivado File->Import->Import ILA Data menu item to import the previously saved data.
WARNING: [IP_Flow 19-4067] Ignoring invalid widget type specified checkbox.Providing a default widget
WARNING: [IP_Flow 19-4331] Invalid usage of property - Setting value property on PARAM_VALUE.ALL_PROBE_SAME_MU is not allowed in procedure update_gui_for_PARAM_VALUE.C_ADV_TRIGGER
save_wave_config {C:/Users/User/Desktop/FPGA/hinhsin_rom/hinhsin_rom.hw/hw_1/wave/hw_ila_data_1/hw_ila_data_1.wcfg}
close_hw
open_hw
connect_hw_server
INFO: [Labtools 27-2285] Connecting to hw_server url TCP:localhost:3121
INFO: [Labtools 27-2222] Launching hw_server...
INFO: [Labtools 27-2221] Launch Output:

****** Xilinx hw_server v2017.4
  **** Build date : Dec 15 2017-21:08:27
    ** Copyright 1986-2017 Xilinx, Inc. All Rights Reserved.


open_hw_target
INFO: [Labtoolstcl 44-466] Opening hw_target localhost:3121/xilinx_tcf/Digilent/210512180081
set_property PROGRAM.FILE {C:/Users/User/Desktop/FPGA/hinhsin_rom/hinhsin_rom.runs/impl_1/sine_wave.bit} [get_hw_devices xc7a35t_0]
set_property PROBES.FILE {C:/Users/User/Desktop/FPGA/hinhsin_rom/hinhsin_rom.runs/impl_1/sine_wave.ltx} [get_hw_devices xc7a35t_0]
set_property FULL_PROBES.FILE {C:/Users/User/Desktop/FPGA/hinhsin_rom/hinhsin_rom.runs/impl_1/sine_wave.ltx} [get_hw_devices xc7a35t_0]
current_hw_device [get_hw_devices xc7a35t_0]
refresh_hw_device [lindex [get_hw_devices xc7a35t_0] 0]
INFO: [Labtools 27-2302] Device xc7a35t (JTAG device index = 0) is programmed with a design that has 1 ILA core(s).
display_hw_ila_data [ get_hw_ila_data hw_ila_data_1 -of_objects [get_hw_ilas -of_objects [get_hw_devices xc7a35t_0] -filter {CELL_NAME=~"my_ila"}]]
INFO: [Labtools 27-3304] ILA Waveform data saved to file C:/Users/User/Desktop/FPGA/hinhsin_rom/hinhsin_rom.hw/backup/hw_ila_data_1.ila. Use Tcl command 'import_hw_ila_data' or Vivado File->Import->Import ILA Data menu item to import the previously saved data.
save_wave_config {C:/Users/User/Desktop/FPGA/hinhsin_rom/hinhsin_rom.hw/hw_1/wave/hw_ila_data_1/hw_ila_data_1.wcfg}
set_property PROBES.FILE {C:/Users/User/Desktop/FPGA/hinhsin_rom/hinhsin_rom.runs/impl_1/sine_wave.ltx} [get_hw_devices xc7a35t_0]
set_property FULL_PROBES.FILE {C:/Users/User/Desktop/FPGA/hinhsin_rom/hinhsin_rom.runs/impl_1/sine_wave.ltx} [get_hw_devices xc7a35t_0]
set_property PROGRAM.FILE {C:/Users/User/Desktop/FPGA/hinhsin_rom/hinhsin_rom.runs/impl_1/sine_wave.bit} [get_hw_devices xc7a35t_0]
program_hw_devices [get_hw_devices xc7a35t_0]
INFO: [Labtools 27-3164] End of startup status: HIGH
refresh_hw_device [lindex [get_hw_devices xc7a35t_0] 0]
INFO: [Labtools 27-2302] Device xc7a35t (JTAG device index = 0) is programmed with a design that has 1 ILA core(s).
display_hw_ila_data [ get_hw_ila_data hw_ila_data_1 -of_objects [get_hw_ilas -of_objects [get_hw_devices xc7a35t_0] -filter {CELL_NAME=~"my_ila"}]]
INFO: [Labtools 27-3304] ILA Waveform data saved to file C:/Users/User/Desktop/FPGA/hinhsin_rom/hinhsin_rom.hw/backup/hw_ila_data_1.ila. Use Tcl command 'import_hw_ila_data' or Vivado File->Import->Import ILA Data menu item to import the previously saved data.
run_hw_ila [get_hw_ilas -of_objects [get_hw_devices xc7a35t_0] -filter {CELL_NAME=~"my_ila"}]
INFO: [Labtools 27-1964] The ILA core 'hw_ila_1' trigger was armed at 2024-May-26 23:04:01
wait_on_hw_ila [get_hw_ilas -of_objects [get_hw_devices xc7a35t_0] -filter {CELL_NAME=~"my_ila"}]
display_hw_ila_data [upload_hw_ila_data [get_hw_ilas -of_objects [get_hw_devices xc7a35t_0] -filter {CELL_NAME=~"my_ila"}]]
INFO: [Labtools 27-1966] The ILA core 'hw_ila_1' triggered at 2024-May-26 23:04:01
INFO: [Labtools 27-3304] ILA Waveform data saved to file C:/Users/User/Desktop/FPGA/hinhsin_rom/hinhsin_rom.hw/backup/hw_ila_data_1.ila. Use Tcl command 'import_hw_ila_data' or Vivado File->Import->Import ILA Data menu item to import the previously saved data.
run_hw_ila [get_hw_ilas -of_objects [get_hw_devices xc7a35t_0] -filter {CELL_NAME=~"my_ila"}]
INFO: [Labtools 27-1964] The ILA core 'hw_ila_1' trigger was armed at 2024-May-26 23:04:11
wait_on_hw_ila [get_hw_ilas -of_objects [get_hw_devices xc7a35t_0] -filter {CELL_NAME=~"my_ila"}]
display_hw_ila_data [upload_hw_ila_data [get_hw_ilas -of_objects [get_hw_devices xc7a35t_0] -filter {CELL_NAME=~"my_ila"}]]
INFO: [Labtools 27-1966] The ILA core 'hw_ila_1' triggered at 2024-May-26 23:04:11
INFO: [Labtools 27-3304] ILA Waveform data saved to file C:/Users/User/Desktop/FPGA/hinhsin_rom/hinhsin_rom.hw/backup/hw_ila_data_1.ila. Use Tcl command 'import_hw_ila_data' or Vivado File->Import->Import ILA Data menu item to import the previously saved data.
run_hw_ila [get_hw_ilas -of_objects [get_hw_devices xc7a35t_0] -filter {CELL_NAME=~"my_ila"}]
INFO: [Labtools 27-1964] The ILA core 'hw_ila_1' trigger was armed at 2024-May-26 23:04:35
wait_on_hw_ila [get_hw_ilas -of_objects [get_hw_devices xc7a35t_0] -filter {CELL_NAME=~"my_ila"}]
display_hw_ila_data [upload_hw_ila_data [get_hw_ilas -of_objects [get_hw_devices xc7a35t_0] -filter {CELL_NAME=~"my_ila"}]]
INFO: [Labtools 27-1966] The ILA core 'hw_ila_1' triggered at 2024-May-26 23:04:35
INFO: [Labtools 27-3304] ILA Waveform data saved to file C:/Users/User/Desktop/FPGA/hinhsin_rom/hinhsin_rom.hw/backup/hw_ila_data_1.ila. Use Tcl command 'import_hw_ila_data' or Vivado File->Import->Import ILA Data menu item to import the previously saved data.
run_hw_ila [get_hw_ilas -of_objects [get_hw_devices xc7a35t_0] -filter {CELL_NAME=~"my_ila"}] -trigger_now
INFO: [Labtools 27-1964] The ILA core 'hw_ila_1' trigger was armed at 2024-May-26 23:04:39
wait_on_hw_ila [get_hw_ilas -of_objects [get_hw_devices xc7a35t_0] -filter {CELL_NAME=~"my_ila"}]
display_hw_ila_data [upload_hw_ila_data [get_hw_ilas -of_objects [get_hw_devices xc7a35t_0] -filter {CELL_NAME=~"my_ila"}]]
INFO: [Labtools 27-1966] The ILA core 'hw_ila_1' triggered at 2024-May-26 23:04:39
INFO: [Labtools 27-3304] ILA Waveform data saved to file C:/Users/User/Desktop/FPGA/hinhsin_rom/hinhsin_rom.hw/backup/hw_ila_data_1.ila. Use Tcl command 'import_hw_ila_data' or Vivado File->Import->Import ILA Data menu item to import the previously saved data.
run_hw_ila [get_hw_ilas -of_objects [get_hw_devices xc7a35t_0] -filter {CELL_NAME=~"my_ila"}]
INFO: [Labtools 27-1964] The ILA core 'hw_ila_1' trigger was armed at 2024-May-26 23:04:41
wait_on_hw_ila [get_hw_ilas -of_objects [get_hw_devices xc7a35t_0] -filter {CELL_NAME=~"my_ila"}]
display_hw_ila_data [upload_hw_ila_data [get_hw_ilas -of_objects [get_hw_devices xc7a35t_0] -filter {CELL_NAME=~"my_ila"}]]
INFO: [Labtools 27-1966] The ILA core 'hw_ila_1' triggered at 2024-May-26 23:04:41
INFO: [Labtools 27-3304] ILA Waveform data saved to file C:/Users/User/Desktop/FPGA/hinhsin_rom/hinhsin_rom.hw/backup/hw_ila_data_1.ila. Use Tcl command 'import_hw_ila_data' or Vivado File->Import->Import ILA Data menu item to import the previously saved data.
run_hw_ila [get_hw_ilas -of_objects [get_hw_devices xc7a35t_0] -filter {CELL_NAME=~"my_ila"}]
INFO: [Labtools 27-1964] The ILA core 'hw_ila_1' trigger was armed at 2024-May-26 23:04:48
wait_on_hw_ila [get_hw_ilas -of_objects [get_hw_devices xc7a35t_0] -filter {CELL_NAME=~"my_ila"}]
display_hw_ila_data [upload_hw_ila_data [get_hw_ilas -of_objects [get_hw_devices xc7a35t_0] -filter {CELL_NAME=~"my_ila"}]]
INFO: [Labtools 27-1966] The ILA core 'hw_ila_1' triggered at 2024-May-26 23:04:48
INFO: [Labtools 27-3304] ILA Waveform data saved to file C:/Users/User/Desktop/FPGA/hinhsin_rom/hinhsin_rom.hw/backup/hw_ila_data_1.ila. Use Tcl command 'import_hw_ila_data' or Vivado File->Import->Import ILA Data menu item to import the previously saved data.
run_hw_ila [get_hw_ilas -of_objects [get_hw_devices xc7a35t_0] -filter {CELL_NAME=~"my_ila"}]
INFO: [Labtools 27-1964] The ILA core 'hw_ila_1' trigger was armed at 2024-May-26 23:05:01
wait_on_hw_ila [get_hw_ilas -of_objects [get_hw_devices xc7a35t_0] -filter {CELL_NAME=~"my_ila"}]
display_hw_ila_data [upload_hw_ila_data [get_hw_ilas -of_objects [get_hw_devices xc7a35t_0] -filter {CELL_NAME=~"my_ila"}]]
INFO: [Labtools 27-1966] The ILA core 'hw_ila_1' triggered at 2024-May-26 23:05:01
INFO: [Labtools 27-3304] ILA Waveform data saved to file C:/Users/User/Desktop/FPGA/hinhsin_rom/hinhsin_rom.hw/backup/hw_ila_data_1.ila. Use Tcl command 'import_hw_ila_data' or Vivado File->Import->Import ILA Data menu item to import the previously saved data.
run_hw_ila [get_hw_ilas -of_objects [get_hw_devices xc7a35t_0] -filter {CELL_NAME=~"my_ila"}]
INFO: [Labtools 27-1964] The ILA core 'hw_ila_1' trigger was armed at 2024-May-26 23:05:13
wait_on_hw_ila [get_hw_ilas -of_objects [get_hw_devices xc7a35t_0] -filter {CELL_NAME=~"my_ila"}]
display_hw_ila_data [upload_hw_ila_data [get_hw_ilas -of_objects [get_hw_devices xc7a35t_0] -filter {CELL_NAME=~"my_ila"}]]
INFO: [Labtools 27-1966] The ILA core 'hw_ila_1' triggered at 2024-May-26 23:05:13
INFO: [Labtools 27-3304] ILA Waveform data saved to file C:/Users/User/Desktop/FPGA/hinhsin_rom/hinhsin_rom.hw/backup/hw_ila_data_1.ila. Use Tcl command 'import_hw_ila_data' or Vivado File->Import->Import ILA Data menu item to import the previously saved data.
run_hw_ila [get_hw_ilas -of_objects [get_hw_devices xc7a35t_0] -filter {CELL_NAME=~"my_ila"}] -trigger_now
INFO: [Labtools 27-1964] The ILA core 'hw_ila_1' trigger was armed at 2024-May-26 23:05:15
wait_on_hw_ila [get_hw_ilas -of_objects [get_hw_devices xc7a35t_0] -filter {CELL_NAME=~"my_ila"}]
display_hw_ila_data [upload_hw_ila_data [get_hw_ilas -of_objects [get_hw_devices xc7a35t_0] -filter {CELL_NAME=~"my_ila"}]]
INFO: [Labtools 27-1966] The ILA core 'hw_ila_1' triggered at 2024-May-26 23:05:15
INFO: [Labtools 27-3304] ILA Waveform data saved to file C:/Users/User/Desktop/FPGA/hinhsin_rom/hinhsin_rom.hw/backup/hw_ila_data_1.ila. Use Tcl command 'import_hw_ila_data' or Vivado File->Import->Import ILA Data menu item to import the previously saved data.
run_hw_ila [get_hw_ilas -of_objects [get_hw_devices xc7a35t_0] -filter {CELL_NAME=~"my_ila"}]
INFO: [Labtools 27-1964] The ILA core 'hw_ila_1' trigger was armed at 2024-May-26 23:05:30
wait_on_hw_ila [get_hw_ilas -of_objects [get_hw_devices xc7a35t_0] -filter {CELL_NAME=~"my_ila"}]
display_hw_ila_data [upload_hw_ila_data [get_hw_ilas -of_objects [get_hw_devices xc7a35t_0] -filter {CELL_NAME=~"my_ila"}]]
INFO: [Labtools 27-1966] The ILA core 'hw_ila_1' triggered at 2024-May-26 23:05:30
INFO: [Labtools 27-3304] ILA Waveform data saved to file C:/Users/User/Desktop/FPGA/hinhsin_rom/hinhsin_rom.hw/backup/hw_ila_data_1.ila. Use Tcl command 'import_hw_ila_data' or Vivado File->Import->Import ILA Data menu item to import the previously saved data.
run_hw_ila [get_hw_ilas -of_objects [get_hw_devices xc7a35t_0] -filter {CELL_NAME=~"my_ila"}]
INFO: [Labtools 27-1964] The ILA core 'hw_ila_1' trigger was armed at 2024-May-26 23:05:33
wait_on_hw_ila [get_hw_ilas -of_objects [get_hw_devices xc7a35t_0] -filter {CELL_NAME=~"my_ila"}]
display_hw_ila_data [upload_hw_ila_data [get_hw_ilas -of_objects [get_hw_devices xc7a35t_0] -filter {CELL_NAME=~"my_ila"}]]
INFO: [Labtools 27-1966] The ILA core 'hw_ila_1' triggered at 2024-May-26 23:05:33
INFO: [Labtools 27-3304] ILA Waveform data saved to file C:/Users/User/Desktop/FPGA/hinhsin_rom/hinhsin_rom.hw/backup/hw_ila_data_1.ila. Use Tcl command 'import_hw_ila_data' or Vivado File->Import->Import ILA Data menu item to import the previously saved data.
run_hw_ila [get_hw_ilas -of_objects [get_hw_devices xc7a35t_0] -filter {CELL_NAME=~"my_ila"}]
INFO: [Labtools 27-1964] The ILA core 'hw_ila_1' trigger was armed at 2024-May-26 23:06:15
wait_on_hw_ila [get_hw_ilas -of_objects [get_hw_devices xc7a35t_0] -filter {CELL_NAME=~"my_ila"}]
display_hw_ila_data [upload_hw_ila_data [get_hw_ilas -of_objects [get_hw_devices xc7a35t_0] -filter {CELL_NAME=~"my_ila"}]]
INFO: [Labtools 27-1966] The ILA core 'hw_ila_1' triggered at 2024-May-26 23:06:15
INFO: [Labtools 27-3304] ILA Waveform data saved to file C:/Users/User/Desktop/FPGA/hinhsin_rom/hinhsin_rom.hw/backup/hw_ila_data_1.ila. Use Tcl command 'import_hw_ila_data' or Vivado File->Import->Import ILA Data menu item to import the previously saved data.
run_hw_ila [get_hw_ilas -of_objects [get_hw_devices xc7a35t_0] -filter {CELL_NAME=~"my_ila"}]
INFO: [Labtools 27-1964] The ILA core 'hw_ila_1' trigger was armed at 2024-May-26 23:06:18
wait_on_hw_ila [get_hw_ilas -of_objects [get_hw_devices xc7a35t_0] -filter {CELL_NAME=~"my_ila"}]
display_hw_ila_data [upload_hw_ila_data [get_hw_ilas -of_objects [get_hw_devices xc7a35t_0] -filter {CELL_NAME=~"my_ila"}]]
INFO: [Labtools 27-1966] The ILA core 'hw_ila_1' triggered at 2024-May-26 23:06:18
INFO: [Labtools 27-3304] ILA Waveform data saved to file C:/Users/User/Desktop/FPGA/hinhsin_rom/hinhsin_rom.hw/backup/hw_ila_data_1.ila. Use Tcl command 'import_hw_ila_data' or Vivado File->Import->Import ILA Data menu item to import the previously saved data.
run_hw_ila [get_hw_ilas -of_objects [get_hw_devices xc7a35t_0] -filter {CELL_NAME=~"my_ila"}]
INFO: [Labtools 27-1964] The ILA core 'hw_ila_1' trigger was armed at 2024-May-26 23:06:22
wait_on_hw_ila [get_hw_ilas -of_objects [get_hw_devices xc7a35t_0] -filter {CELL_NAME=~"my_ila"}]
display_hw_ila_data [upload_hw_ila_data [get_hw_ilas -of_objects [get_hw_devices xc7a35t_0] -filter {CELL_NAME=~"my_ila"}]]
INFO: [Labtools 27-1966] The ILA core 'hw_ila_1' triggered at 2024-May-26 23:06:22
INFO: [Labtools 27-3304] ILA Waveform data saved to file C:/Users/User/Desktop/FPGA/hinhsin_rom/hinhsin_rom.hw/backup/hw_ila_data_1.ila. Use Tcl command 'import_hw_ila_data' or Vivado File->Import->Import ILA Data menu item to import the previously saved data.
run_hw_ila [get_hw_ilas -of_objects [get_hw_devices xc7a35t_0] -filter {CELL_NAME=~"my_ila"}]
INFO: [Labtools 27-1964] The ILA core 'hw_ila_1' trigger was armed at 2024-May-26 23:06:25
wait_on_hw_ila [get_hw_ilas -of_objects [get_hw_devices xc7a35t_0] -filter {CELL_NAME=~"my_ila"}]
display_hw_ila_data [upload_hw_ila_data [get_hw_ilas -of_objects [get_hw_devices xc7a35t_0] -filter {CELL_NAME=~"my_ila"}]]
INFO: [Labtools 27-1966] The ILA core 'hw_ila_1' triggered at 2024-May-26 23:06:25
INFO: [Labtools 27-3304] ILA Waveform data saved to file C:/Users/User/Desktop/FPGA/hinhsin_rom/hinhsin_rom.hw/backup/hw_ila_data_1.ila. Use Tcl command 'import_hw_ila_data' or Vivado File->Import->Import ILA Data menu item to import the previously saved data.
run_hw_ila [get_hw_ilas -of_objects [get_hw_devices xc7a35t_0] -filter {CELL_NAME=~"my_ila"}]
INFO: [Labtools 27-1964] The ILA core 'hw_ila_1' trigger was armed at 2024-May-26 23:06:29
wait_on_hw_ila [get_hw_ilas -of_objects [get_hw_devices xc7a35t_0] -filter {CELL_NAME=~"my_ila"}]
display_hw_ila_data [upload_hw_ila_data [get_hw_ilas -of_objects [get_hw_devices xc7a35t_0] -filter {CELL_NAME=~"my_ila"}]]
INFO: [Labtools 27-1966] The ILA core 'hw_ila_1' triggered at 2024-May-26 23:06:29
INFO: [Labtools 27-3304] ILA Waveform data saved to file C:/Users/User/Desktop/FPGA/hinhsin_rom/hinhsin_rom.hw/backup/hw_ila_data_1.ila. Use Tcl command 'import_hw_ila_data' or Vivado File->Import->Import ILA Data menu item to import the previously saved data.
run_hw_ila [get_hw_ilas -of_objects [get_hw_devices xc7a35t_0] -filter {CELL_NAME=~"my_ila"}]
INFO: [Labtools 27-1964] The ILA core 'hw_ila_1' trigger was armed at 2024-May-26 23:06:32
wait_on_hw_ila [get_hw_ilas -of_objects [get_hw_devices xc7a35t_0] -filter {CELL_NAME=~"my_ila"}]
display_hw_ila_data [upload_hw_ila_data [get_hw_ilas -of_objects [get_hw_devices xc7a35t_0] -filter {CELL_NAME=~"my_ila"}]]
INFO: [Labtools 27-1966] The ILA core 'hw_ila_1' triggered at 2024-May-26 23:06:32
INFO: [Labtools 27-3304] ILA Waveform data saved to file C:/Users/User/Desktop/FPGA/hinhsin_rom/hinhsin_rom.hw/backup/hw_ila_data_1.ila. Use Tcl command 'import_hw_ila_data' or Vivado File->Import->Import ILA Data menu item to import the previously saved data.
run_hw_ila [get_hw_ilas -of_objects [get_hw_devices xc7a35t_0] -filter {CELL_NAME=~"my_ila"}]
INFO: [Labtools 27-1964] The ILA core 'hw_ila_1' trigger was armed at 2024-May-26 23:06:36
wait_on_hw_ila [get_hw_ilas -of_objects [get_hw_devices xc7a35t_0] -filter {CELL_NAME=~"my_ila"}]
display_hw_ila_data [upload_hw_ila_data [get_hw_ilas -of_objects [get_hw_devices xc7a35t_0] -filter {CELL_NAME=~"my_ila"}]]
INFO: [Labtools 27-1966] The ILA core 'hw_ila_1' triggered at 2024-May-26 23:06:36
INFO: [Labtools 27-3304] ILA Waveform data saved to file C:/Users/User/Desktop/FPGA/hinhsin_rom/hinhsin_rom.hw/backup/hw_ila_data_1.ila. Use Tcl command 'import_hw_ila_data' or Vivado File->Import->Import ILA Data menu item to import the previously saved data.
run_hw_ila [get_hw_ilas -of_objects [get_hw_devices xc7a35t_0] -filter {CELL_NAME=~"my_ila"}]
INFO: [Labtools 27-1964] The ILA core 'hw_ila_1' trigger was armed at 2024-May-26 23:06:39
wait_on_hw_ila [get_hw_ilas -of_objects [get_hw_devices xc7a35t_0] -filter {CELL_NAME=~"my_ila"}]
display_hw_ila_data [upload_hw_ila_data [get_hw_ilas -of_objects [get_hw_devices xc7a35t_0] -filter {CELL_NAME=~"my_ila"}]]
INFO: [Labtools 27-1966] The ILA core 'hw_ila_1' triggered at 2024-May-26 23:06:39
INFO: [Labtools 27-3304] ILA Waveform data saved to file C:/Users/User/Desktop/FPGA/hinhsin_rom/hinhsin_rom.hw/backup/hw_ila_data_1.ila. Use Tcl command 'import_hw_ila_data' or Vivado File->Import->Import ILA Data menu item to import the previously saved data.
run_hw_ila [get_hw_ilas -of_objects [get_hw_devices xc7a35t_0] -filter {CELL_NAME=~"my_ila"}]
INFO: [Labtools 27-1964] The ILA core 'hw_ila_1' trigger was armed at 2024-May-26 23:06:43
wait_on_hw_ila [get_hw_ilas -of_objects [get_hw_devices xc7a35t_0] -filter {CELL_NAME=~"my_ila"}]
display_hw_ila_data [upload_hw_ila_data [get_hw_ilas -of_objects [get_hw_devices xc7a35t_0] -filter {CELL_NAME=~"my_ila"}]]
INFO: [Labtools 27-1966] The ILA core 'hw_ila_1' triggered at 2024-May-26 23:06:43
INFO: [Labtools 27-3304] ILA Waveform data saved to file C:/Users/User/Desktop/FPGA/hinhsin_rom/hinhsin_rom.hw/backup/hw_ila_data_1.ila. Use Tcl command 'import_hw_ila_data' or Vivado File->Import->Import ILA Data menu item to import the previously saved data.
run_hw_ila [get_hw_ilas -of_objects [get_hw_devices xc7a35t_0] -filter {CELL_NAME=~"my_ila"}]
INFO: [Labtools 27-1964] The ILA core 'hw_ila_1' trigger was armed at 2024-May-26 23:06:46
wait_on_hw_ila [get_hw_ilas -of_objects [get_hw_devices xc7a35t_0] -filter {CELL_NAME=~"my_ila"}]
display_hw_ila_data [upload_hw_ila_data [get_hw_ilas -of_objects [get_hw_devices xc7a35t_0] -filter {CELL_NAME=~"my_ila"}]]
INFO: [Labtools 27-1966] The ILA core 'hw_ila_1' triggered at 2024-May-26 23:06:46
INFO: [Labtools 27-3304] ILA Waveform data saved to file C:/Users/User/Desktop/FPGA/hinhsin_rom/hinhsin_rom.hw/backup/hw_ila_data_1.ila. Use Tcl command 'import_hw_ila_data' or Vivado File->Import->Import ILA Data menu item to import the previously saved data.
run_hw_ila [get_hw_ilas -of_objects [get_hw_devices xc7a35t_0] -filter {CELL_NAME=~"my_ila"}]
INFO: [Labtools 27-1964] The ILA core 'hw_ila_1' trigger was armed at 2024-May-26 23:06:49
wait_on_hw_ila [get_hw_ilas -of_objects [get_hw_devices xc7a35t_0] -filter {CELL_NAME=~"my_ila"}]
display_hw_ila_data [upload_hw_ila_data [get_hw_ilas -of_objects [get_hw_devices xc7a35t_0] -filter {CELL_NAME=~"my_ila"}]]
INFO: [Labtools 27-1966] The ILA core 'hw_ila_1' triggered at 2024-May-26 23:06:49
INFO: [Labtools 27-3304] ILA Waveform data saved to file C:/Users/User/Desktop/FPGA/hinhsin_rom/hinhsin_rom.hw/backup/hw_ila_data_1.ila. Use Tcl command 'import_hw_ila_data' or Vivado File->Import->Import ILA Data menu item to import the previously saved data.
run_hw_ila [get_hw_ilas -of_objects [get_hw_devices xc7a35t_0] -filter {CELL_NAME=~"my_ila"}]
INFO: [Labtools 27-1964] The ILA core 'hw_ila_1' trigger was armed at 2024-May-26 23:06:53
wait_on_hw_ila [get_hw_ilas -of_objects [get_hw_devices xc7a35t_0] -filter {CELL_NAME=~"my_ila"}]
display_hw_ila_data [upload_hw_ila_data [get_hw_ilas -of_objects [get_hw_devices xc7a35t_0] -filter {CELL_NAME=~"my_ila"}]]
INFO: [Labtools 27-1966] The ILA core 'hw_ila_1' triggered at 2024-May-26 23:06:53
INFO: [Labtools 27-3304] ILA Waveform data saved to file C:/Users/User/Desktop/FPGA/hinhsin_rom/hinhsin_rom.hw/backup/hw_ila_data_1.ila. Use Tcl command 'import_hw_ila_data' or Vivado File->Import->Import ILA Data menu item to import the previously saved data.
run_hw_ila [get_hw_ilas -of_objects [get_hw_devices xc7a35t_0] -filter {CELL_NAME=~"my_ila"}]
INFO: [Labtools 27-1964] The ILA core 'hw_ila_1' trigger was armed at 2024-May-26 23:06:56
wait_on_hw_ila [get_hw_ilas -of_objects [get_hw_devices xc7a35t_0] -filter {CELL_NAME=~"my_ila"}]
display_hw_ila_data [upload_hw_ila_data [get_hw_ilas -of_objects [get_hw_devices xc7a35t_0] -filter {CELL_NAME=~"my_ila"}]]
INFO: [Labtools 27-1966] The ILA core 'hw_ila_1' triggered at 2024-May-26 23:06:56
INFO: [Labtools 27-3304] ILA Waveform data saved to file C:/Users/User/Desktop/FPGA/hinhsin_rom/hinhsin_rom.hw/backup/hw_ila_data_1.ila. Use Tcl command 'import_hw_ila_data' or Vivado File->Import->Import ILA Data menu item to import the previously saved data.
run_hw_ila [get_hw_ilas -of_objects [get_hw_devices xc7a35t_0] -filter {CELL_NAME=~"my_ila"}]
INFO: [Labtools 27-1964] The ILA core 'hw_ila_1' trigger was armed at 2024-May-26 23:08:26
wait_on_hw_ila [get_hw_ilas -of_objects [get_hw_devices xc7a35t_0] -filter {CELL_NAME=~"my_ila"}]
display_hw_ila_data [upload_hw_ila_data [get_hw_ilas -of_objects [get_hw_devices xc7a35t_0] -filter {CELL_NAME=~"my_ila"}]]
INFO: [Labtools 27-1966] The ILA core 'hw_ila_1' triggered at 2024-May-26 23:08:26
INFO: [Labtools 27-3304] ILA Waveform data saved to file C:/Users/User/Desktop/FPGA/hinhsin_rom/hinhsin_rom.hw/backup/hw_ila_data_1.ila. Use Tcl command 'import_hw_ila_data' or Vivado File->Import->Import ILA Data menu item to import the previously saved data.
run_hw_ila [get_hw_ilas -of_objects [get_hw_devices xc7a35t_0] -filter {CELL_NAME=~"my_ila"}] -trigger_now
INFO: [Labtools 27-1964] The ILA core 'hw_ila_1' trigger was armed at 2024-May-26 23:08:29
wait_on_hw_ila [get_hw_ilas -of_objects [get_hw_devices xc7a35t_0] -filter {CELL_NAME=~"my_ila"}]
display_hw_ila_data [upload_hw_ila_data [get_hw_ilas -of_objects [get_hw_devices xc7a35t_0] -filter {CELL_NAME=~"my_ila"}]]
INFO: [Labtools 27-1966] The ILA core 'hw_ila_1' triggered at 2024-May-26 23:08:29
INFO: [Labtools 27-3304] ILA Waveform data saved to file C:/Users/User/Desktop/FPGA/hinhsin_rom/hinhsin_rom.hw/backup/hw_ila_data_1.ila. Use Tcl command 'import_hw_ila_data' or Vivado File->Import->Import ILA Data menu item to import the previously saved data.
run_hw_ila [get_hw_ilas -of_objects [get_hw_devices xc7a35t_0] -filter {CELL_NAME=~"my_ila"}] -trigger_now
INFO: [Labtools 27-1964] The ILA core 'hw_ila_1' trigger was armed at 2024-May-26 23:08:32
wait_on_hw_ila [get_hw_ilas -of_objects [get_hw_devices xc7a35t_0] -filter {CELL_NAME=~"my_ila"}]
display_hw_ila_data [upload_hw_ila_data [get_hw_ilas -of_objects [get_hw_devices xc7a35t_0] -filter {CELL_NAME=~"my_ila"}]]
INFO: [Labtools 27-1966] The ILA core 'hw_ila_1' triggered at 2024-May-26 23:08:32
INFO: [Labtools 27-3304] ILA Waveform data saved to file C:/Users/User/Desktop/FPGA/hinhsin_rom/hinhsin_rom.hw/backup/hw_ila_data_1.ila. Use Tcl command 'import_hw_ila_data' or Vivado File->Import->Import ILA Data menu item to import the previously saved data.
run_hw_ila [get_hw_ilas -of_objects [get_hw_devices xc7a35t_0] -filter {CELL_NAME=~"my_ila"}] -trigger_now
INFO: [Labtools 27-1964] The ILA core 'hw_ila_1' trigger was armed at 2024-May-26 23:08:36
wait_on_hw_ila [get_hw_ilas -of_objects [get_hw_devices xc7a35t_0] -filter {CELL_NAME=~"my_ila"}]
display_hw_ila_data [upload_hw_ila_data [get_hw_ilas -of_objects [get_hw_devices xc7a35t_0] -filter {CELL_NAME=~"my_ila"}]]
INFO: [Labtools 27-1966] The ILA core 'hw_ila_1' triggered at 2024-May-26 23:08:36
INFO: [Labtools 27-3304] ILA Waveform data saved to file C:/Users/User/Desktop/FPGA/hinhsin_rom/hinhsin_rom.hw/backup/hw_ila_data_1.ila. Use Tcl command 'import_hw_ila_data' or Vivado File->Import->Import ILA Data menu item to import the previously saved data.
run_hw_ila [get_hw_ilas -of_objects [get_hw_devices xc7a35t_0] -filter {CELL_NAME=~"my_ila"}] -trigger_now
INFO: [Labtools 27-1964] The ILA core 'hw_ila_1' trigger was armed at 2024-May-26 23:08:40
wait_on_hw_ila [get_hw_ilas -of_objects [get_hw_devices xc7a35t_0] -filter {CELL_NAME=~"my_ila"}]
display_hw_ila_data [upload_hw_ila_data [get_hw_ilas -of_objects [get_hw_devices xc7a35t_0] -filter {CELL_NAME=~"my_ila"}]]
INFO: [Labtools 27-1966] The ILA core 'hw_ila_1' triggered at 2024-May-26 23:08:40
INFO: [Labtools 27-3304] ILA Waveform data saved to file C:/Users/User/Desktop/FPGA/hinhsin_rom/hinhsin_rom.hw/backup/hw_ila_data_1.ila. Use Tcl command 'import_hw_ila_data' or Vivado File->Import->Import ILA Data menu item to import the previously saved data.
run_hw_ila [get_hw_ilas -of_objects [get_hw_devices xc7a35t_0] -filter {CELL_NAME=~"my_ila"}] -trigger_now
INFO: [Labtools 27-1964] The ILA core 'hw_ila_1' trigger was armed at 2024-May-26 23:08:43
wait_on_hw_ila [get_hw_ilas -of_objects [get_hw_devices xc7a35t_0] -filter {CELL_NAME=~"my_ila"}]
display_hw_ila_data [upload_hw_ila_data [get_hw_ilas -of_objects [get_hw_devices xc7a35t_0] -filter {CELL_NAME=~"my_ila"}]]
INFO: [Labtools 27-1966] The ILA core 'hw_ila_1' triggered at 2024-May-26 23:08:43
INFO: [Labtools 27-3304] ILA Waveform data saved to file C:/Users/User/Desktop/FPGA/hinhsin_rom/hinhsin_rom.hw/backup/hw_ila_data_1.ila. Use Tcl command 'import_hw_ila_data' or Vivado File->Import->Import ILA Data menu item to import the previously saved data.
run_hw_ila [get_hw_ilas -of_objects [get_hw_devices xc7a35t_0] -filter {CELL_NAME=~"my_ila"}] -trigger_now
INFO: [Labtools 27-1964] The ILA core 'hw_ila_1' trigger was armed at 2024-May-26 23:08:46
wait_on_hw_ila [get_hw_ilas -of_objects [get_hw_devices xc7a35t_0] -filter {CELL_NAME=~"my_ila"}]
display_hw_ila_data [upload_hw_ila_data [get_hw_ilas -of_objects [get_hw_devices xc7a35t_0] -filter {CELL_NAME=~"my_ila"}]]
INFO: [Labtools 27-1966] The ILA core 'hw_ila_1' triggered at 2024-May-26 23:08:46
INFO: [Labtools 27-3304] ILA Waveform data saved to file C:/Users/User/Desktop/FPGA/hinhsin_rom/hinhsin_rom.hw/backup/hw_ila_data_1.ila. Use Tcl command 'import_hw_ila_data' or Vivado File->Import->Import ILA Data menu item to import the previously saved data.
run_hw_ila [get_hw_ilas -of_objects [get_hw_devices xc7a35t_0] -filter {CELL_NAME=~"my_ila"}] -trigger_now
INFO: [Labtools 27-1964] The ILA core 'hw_ila_1' trigger was armed at 2024-May-26 23:08:50
wait_on_hw_ila [get_hw_ilas -of_objects [get_hw_devices xc7a35t_0] -filter {CELL_NAME=~"my_ila"}]
display_hw_ila_data [upload_hw_ila_data [get_hw_ilas -of_objects [get_hw_devices xc7a35t_0] -filter {CELL_NAME=~"my_ila"}]]
INFO: [Labtools 27-1966] The ILA core 'hw_ila_1' triggered at 2024-May-26 23:08:50
INFO: [Labtools 27-3304] ILA Waveform data saved to file C:/Users/User/Desktop/FPGA/hinhsin_rom/hinhsin_rom.hw/backup/hw_ila_data_1.ila. Use Tcl command 'import_hw_ila_data' or Vivado File->Import->Import ILA Data menu item to import the previously saved data.
run_hw_ila [get_hw_ilas -of_objects [get_hw_devices xc7a35t_0] -filter {CELL_NAME=~"my_ila"}] -trigger_now
INFO: [Labtools 27-1964] The ILA core 'hw_ila_1' trigger was armed at 2024-May-26 23:08:53
wait_on_hw_ila [get_hw_ilas -of_objects [get_hw_devices xc7a35t_0] -filter {CELL_NAME=~"my_ila"}]
display_hw_ila_data [upload_hw_ila_data [get_hw_ilas -of_objects [get_hw_devices xc7a35t_0] -filter {CELL_NAME=~"my_ila"}]]
INFO: [Labtools 27-1966] The ILA core 'hw_ila_1' triggered at 2024-May-26 23:08:53
INFO: [Labtools 27-3304] ILA Waveform data saved to file C:/Users/User/Desktop/FPGA/hinhsin_rom/hinhsin_rom.hw/backup/hw_ila_data_1.ila. Use Tcl command 'import_hw_ila_data' or Vivado File->Import->Import ILA Data menu item to import the previously saved data.
run_hw_ila [get_hw_ilas -of_objects [get_hw_devices xc7a35t_0] -filter {CELL_NAME=~"my_ila"}] -trigger_now
INFO: [Labtools 27-1964] The ILA core 'hw_ila_1' trigger was armed at 2024-May-26 23:08:57
wait_on_hw_ila [get_hw_ilas -of_objects [get_hw_devices xc7a35t_0] -filter {CELL_NAME=~"my_ila"}]
display_hw_ila_data [upload_hw_ila_data [get_hw_ilas -of_objects [get_hw_devices xc7a35t_0] -filter {CELL_NAME=~"my_ila"}]]
INFO: [Labtools 27-1966] The ILA core 'hw_ila_1' triggered at 2024-May-26 23:08:57
INFO: [Labtools 27-3304] ILA Waveform data saved to file C:/Users/User/Desktop/FPGA/hinhsin_rom/hinhsin_rom.hw/backup/hw_ila_data_1.ila. Use Tcl command 'import_hw_ila_data' or Vivado File->Import->Import ILA Data menu item to import the previously saved data.
run_hw_ila [get_hw_ilas -of_objects [get_hw_devices xc7a35t_0] -filter {CELL_NAME=~"my_ila"}] -trigger_now
INFO: [Labtools 27-1964] The ILA core 'hw_ila_1' trigger was armed at 2024-May-26 23:09:00
wait_on_hw_ila [get_hw_ilas -of_objects [get_hw_devices xc7a35t_0] -filter {CELL_NAME=~"my_ila"}]
display_hw_ila_data [upload_hw_ila_data [get_hw_ilas -of_objects [get_hw_devices xc7a35t_0] -filter {CELL_NAME=~"my_ila"}]]
INFO: [Labtools 27-1966] The ILA core 'hw_ila_1' triggered at 2024-May-26 23:09:00
INFO: [Labtools 27-3304] ILA Waveform data saved to file C:/Users/User/Desktop/FPGA/hinhsin_rom/hinhsin_rom.hw/backup/hw_ila_data_1.ila. Use Tcl command 'import_hw_ila_data' or Vivado File->Import->Import ILA Data menu item to import the previously saved data.
run_hw_ila [get_hw_ilas -of_objects [get_hw_devices xc7a35t_0] -filter {CELL_NAME=~"my_ila"}] -trigger_now
INFO: [Labtools 27-1964] The ILA core 'hw_ila_1' trigger was armed at 2024-May-26 23:09:04
wait_on_hw_ila [get_hw_ilas -of_objects [get_hw_devices xc7a35t_0] -filter {CELL_NAME=~"my_ila"}]
display_hw_ila_data [upload_hw_ila_data [get_hw_ilas -of_objects [get_hw_devices xc7a35t_0] -filter {CELL_NAME=~"my_ila"}]]
INFO: [Labtools 27-1966] The ILA core 'hw_ila_1' triggered at 2024-May-26 23:09:04
INFO: [Labtools 27-3304] ILA Waveform data saved to file C:/Users/User/Desktop/FPGA/hinhsin_rom/hinhsin_rom.hw/backup/hw_ila_data_1.ila. Use Tcl command 'import_hw_ila_data' or Vivado File->Import->Import ILA Data menu item to import the previously saved data.
run_hw_ila [get_hw_ilas -of_objects [get_hw_devices xc7a35t_0] -filter {CELL_NAME=~"my_ila"}] -trigger_now
INFO: [Labtools 27-1964] The ILA core 'hw_ila_1' trigger was armed at 2024-May-26 23:09:07
wait_on_hw_ila [get_hw_ilas -of_objects [get_hw_devices xc7a35t_0] -filter {CELL_NAME=~"my_ila"}]
display_hw_ila_data [upload_hw_ila_data [get_hw_ilas -of_objects [get_hw_devices xc7a35t_0] -filter {CELL_NAME=~"my_ila"}]]
INFO: [Labtools 27-1966] The ILA core 'hw_ila_1' triggered at 2024-May-26 23:09:07
INFO: [Labtools 27-3304] ILA Waveform data saved to file C:/Users/User/Desktop/FPGA/hinhsin_rom/hinhsin_rom.hw/backup/hw_ila_data_1.ila. Use Tcl command 'import_hw_ila_data' or Vivado File->Import->Import ILA Data menu item to import the previously saved data.
run_hw_ila [get_hw_ilas -of_objects [get_hw_devices xc7a35t_0] -filter {CELL_NAME=~"my_ila"}] -trigger_now
INFO: [Labtools 27-1964] The ILA core 'hw_ila_1' trigger was armed at 2024-May-26 23:09:11
wait_on_hw_ila [get_hw_ilas -of_objects [get_hw_devices xc7a35t_0] -filter {CELL_NAME=~"my_ila"}]
display_hw_ila_data [upload_hw_ila_data [get_hw_ilas -of_objects [get_hw_devices xc7a35t_0] -filter {CELL_NAME=~"my_ila"}]]
INFO: [Labtools 27-1966] The ILA core 'hw_ila_1' triggered at 2024-May-26 23:09:11
INFO: [Labtools 27-3304] ILA Waveform data saved to file C:/Users/User/Desktop/FPGA/hinhsin_rom/hinhsin_rom.hw/backup/hw_ila_data_1.ila. Use Tcl command 'import_hw_ila_data' or Vivado File->Import->Import ILA Data menu item to import the previously saved data.
run_hw_ila [get_hw_ilas -of_objects [get_hw_devices xc7a35t_0] -filter {CELL_NAME=~"my_ila"}] -trigger_now
INFO: [Labtools 27-1964] The ILA core 'hw_ila_1' trigger was armed at 2024-May-26 23:09:14
wait_on_hw_ila [get_hw_ilas -of_objects [get_hw_devices xc7a35t_0] -filter {CELL_NAME=~"my_ila"}]
display_hw_ila_data [upload_hw_ila_data [get_hw_ilas -of_objects [get_hw_devices xc7a35t_0] -filter {CELL_NAME=~"my_ila"}]]
INFO: [Labtools 27-1966] The ILA core 'hw_ila_1' triggered at 2024-May-26 23:09:14
INFO: [Labtools 27-3304] ILA Waveform data saved to file C:/Users/User/Desktop/FPGA/hinhsin_rom/hinhsin_rom.hw/backup/hw_ila_data_1.ila. Use Tcl command 'import_hw_ila_data' or Vivado File->Import->Import ILA Data menu item to import the previously saved data.
run_hw_ila [get_hw_ilas -of_objects [get_hw_devices xc7a35t_0] -filter {CELL_NAME=~"my_ila"}] -trigger_now
INFO: [Labtools 27-1964] The ILA core 'hw_ila_1' trigger was armed at 2024-May-26 23:09:17
wait_on_hw_ila [get_hw_ilas -of_objects [get_hw_devices xc7a35t_0] -filter {CELL_NAME=~"my_ila"}]
display_hw_ila_data [upload_hw_ila_data [get_hw_ilas -of_objects [get_hw_devices xc7a35t_0] -filter {CELL_NAME=~"my_ila"}]]
INFO: [Labtools 27-1966] The ILA core 'hw_ila_1' triggered at 2024-May-26 23:09:17
INFO: [Labtools 27-3304] ILA Waveform data saved to file C:/Users/User/Desktop/FPGA/hinhsin_rom/hinhsin_rom.hw/backup/hw_ila_data_1.ila. Use Tcl command 'import_hw_ila_data' or Vivado File->Import->Import ILA Data menu item to import the previously saved data.
run_hw_ila [get_hw_ilas -of_objects [get_hw_devices xc7a35t_0] -filter {CELL_NAME=~"my_ila"}] -trigger_now
INFO: [Labtools 27-1964] The ILA core 'hw_ila_1' trigger was armed at 2024-May-26 23:09:21
wait_on_hw_ila [get_hw_ilas -of_objects [get_hw_devices xc7a35t_0] -filter {CELL_NAME=~"my_ila"}]
display_hw_ila_data [upload_hw_ila_data [get_hw_ilas -of_objects [get_hw_devices xc7a35t_0] -filter {CELL_NAME=~"my_ila"}]]
INFO: [Labtools 27-1966] The ILA core 'hw_ila_1' triggered at 2024-May-26 23:09:21
INFO: [Labtools 27-3304] ILA Waveform data saved to file C:/Users/User/Desktop/FPGA/hinhsin_rom/hinhsin_rom.hw/backup/hw_ila_data_1.ila. Use Tcl command 'import_hw_ila_data' or Vivado File->Import->Import ILA Data menu item to import the previously saved data.
run_hw_ila [get_hw_ilas -of_objects [get_hw_devices xc7a35t_0] -filter {CELL_NAME=~"my_ila"}] -trigger_now
INFO: [Labtools 27-1964] The ILA core 'hw_ila_1' trigger was armed at 2024-May-26 23:09:24
wait_on_hw_ila [get_hw_ilas -of_objects [get_hw_devices xc7a35t_0] -filter {CELL_NAME=~"my_ila"}]
display_hw_ila_data [upload_hw_ila_data [get_hw_ilas -of_objects [get_hw_devices xc7a35t_0] -filter {CELL_NAME=~"my_ila"}]]
INFO: [Labtools 27-1966] The ILA core 'hw_ila_1' triggered at 2024-May-26 23:09:24
INFO: [Labtools 27-3304] ILA Waveform data saved to file C:/Users/User/Desktop/FPGA/hinhsin_rom/hinhsin_rom.hw/backup/hw_ila_data_1.ila. Use Tcl command 'import_hw_ila_data' or Vivado File->Import->Import ILA Data menu item to import the previously saved data.
run_hw_ila [get_hw_ilas -of_objects [get_hw_devices xc7a35t_0] -filter {CELL_NAME=~"my_ila"}] -trigger_now
INFO: [Labtools 27-1964] The ILA core 'hw_ila_1' trigger was armed at 2024-May-26 23:09:28
wait_on_hw_ila [get_hw_ilas -of_objects [get_hw_devices xc7a35t_0] -filter {CELL_NAME=~"my_ila"}]
display_hw_ila_data [upload_hw_ila_data [get_hw_ilas -of_objects [get_hw_devices xc7a35t_0] -filter {CELL_NAME=~"my_ila"}]]
INFO: [Labtools 27-1966] The ILA core 'hw_ila_1' triggered at 2024-May-26 23:09:28
INFO: [Labtools 27-3304] ILA Waveform data saved to file C:/Users/User/Desktop/FPGA/hinhsin_rom/hinhsin_rom.hw/backup/hw_ila_data_1.ila. Use Tcl command 'import_hw_ila_data' or Vivado File->Import->Import ILA Data menu item to import the previously saved data.
run_hw_ila [get_hw_ilas -of_objects [get_hw_devices xc7a35t_0] -filter {CELL_NAME=~"my_ila"}] -trigger_now
INFO: [Labtools 27-1964] The ILA core 'hw_ila_1' trigger was armed at 2024-May-26 23:09:31
wait_on_hw_ila [get_hw_ilas -of_objects [get_hw_devices xc7a35t_0] -filter {CELL_NAME=~"my_ila"}]
display_hw_ila_data [upload_hw_ila_data [get_hw_ilas -of_objects [get_hw_devices xc7a35t_0] -filter {CELL_NAME=~"my_ila"}]]
INFO: [Labtools 27-1966] The ILA core 'hw_ila_1' triggered at 2024-May-26 23:09:31
INFO: [Labtools 27-3304] ILA Waveform data saved to file C:/Users/User/Desktop/FPGA/hinhsin_rom/hinhsin_rom.hw/backup/hw_ila_data_1.ila. Use Tcl command 'import_hw_ila_data' or Vivado File->Import->Import ILA Data menu item to import the previously saved data.
run_hw_ila [get_hw_ilas -of_objects [get_hw_devices xc7a35t_0] -filter {CELL_NAME=~"my_ila"}] -trigger_now
INFO: [Labtools 27-1964] The ILA core 'hw_ila_1' trigger was armed at 2024-May-26 23:09:35
wait_on_hw_ila [get_hw_ilas -of_objects [get_hw_devices xc7a35t_0] -filter {CELL_NAME=~"my_ila"}]
display_hw_ila_data [upload_hw_ila_data [get_hw_ilas -of_objects [get_hw_devices xc7a35t_0] -filter {CELL_NAME=~"my_ila"}]]
INFO: [Labtools 27-1966] The ILA core 'hw_ila_1' triggered at 2024-May-26 23:09:35
INFO: [Labtools 27-3304] ILA Waveform data saved to file C:/Users/User/Desktop/FPGA/hinhsin_rom/hinhsin_rom.hw/backup/hw_ila_data_1.ila. Use Tcl command 'import_hw_ila_data' or Vivado File->Import->Import ILA Data menu item to import the previously saved data.
run_hw_ila [get_hw_ilas -of_objects [get_hw_devices xc7a35t_0] -filter {CELL_NAME=~"my_ila"}] -trigger_now
INFO: [Labtools 27-1964] The ILA core 'hw_ila_1' trigger was armed at 2024-May-26 23:09:38
wait_on_hw_ila [get_hw_ilas -of_objects [get_hw_devices xc7a35t_0] -filter {CELL_NAME=~"my_ila"}]
display_hw_ila_data [upload_hw_ila_data [get_hw_ilas -of_objects [get_hw_devices xc7a35t_0] -filter {CELL_NAME=~"my_ila"}]]
INFO: [Labtools 27-1966] The ILA core 'hw_ila_1' triggered at 2024-May-26 23:09:38
INFO: [Labtools 27-3304] ILA Waveform data saved to file C:/Users/User/Desktop/FPGA/hinhsin_rom/hinhsin_rom.hw/backup/hw_ila_data_1.ila. Use Tcl command 'import_hw_ila_data' or Vivado File->Import->Import ILA Data menu item to import the previously saved data.
run_hw_ila [get_hw_ilas -of_objects [get_hw_devices xc7a35t_0] -filter {CELL_NAME=~"my_ila"}] -trigger_now
INFO: [Labtools 27-1964] The ILA core 'hw_ila_1' trigger was armed at 2024-May-26 23:09:42
wait_on_hw_ila [get_hw_ilas -of_objects [get_hw_devices xc7a35t_0] -filter {CELL_NAME=~"my_ila"}]
display_hw_ila_data [upload_hw_ila_data [get_hw_ilas -of_objects [get_hw_devices xc7a35t_0] -filter {CELL_NAME=~"my_ila"}]]
INFO: [Labtools 27-1966] The ILA core 'hw_ila_1' triggered at 2024-May-26 23:09:42
INFO: [Labtools 27-3304] ILA Waveform data saved to file C:/Users/User/Desktop/FPGA/hinhsin_rom/hinhsin_rom.hw/backup/hw_ila_data_1.ila. Use Tcl command 'import_hw_ila_data' or Vivado File->Import->Import ILA Data menu item to import the previously saved data.
run_hw_ila [get_hw_ilas -of_objects [get_hw_devices xc7a35t_0] -filter {CELL_NAME=~"my_ila"}] -trigger_now
INFO: [Labtools 27-1964] The ILA core 'hw_ila_1' trigger was armed at 2024-May-26 23:09:45
wait_on_hw_ila [get_hw_ilas -of_objects [get_hw_devices xc7a35t_0] -filter {CELL_NAME=~"my_ila"}]
display_hw_ila_data [upload_hw_ila_data [get_hw_ilas -of_objects [get_hw_devices xc7a35t_0] -filter {CELL_NAME=~"my_ila"}]]
INFO: [Labtools 27-1966] The ILA core 'hw_ila_1' triggered at 2024-May-26 23:09:45
INFO: [Labtools 27-3304] ILA Waveform data saved to file C:/Users/User/Desktop/FPGA/hinhsin_rom/hinhsin_rom.hw/backup/hw_ila_data_1.ila. Use Tcl command 'import_hw_ila_data' or Vivado File->Import->Import ILA Data menu item to import the previously saved data.
run_hw_ila [get_hw_ilas -of_objects [get_hw_devices xc7a35t_0] -filter {CELL_NAME=~"my_ila"}] -trigger_now
INFO: [Labtools 27-1964] The ILA core 'hw_ila_1' trigger was armed at 2024-May-26 23:09:49
wait_on_hw_ila [get_hw_ilas -of_objects [get_hw_devices xc7a35t_0] -filter {CELL_NAME=~"my_ila"}]
display_hw_ila_data [upload_hw_ila_data [get_hw_ilas -of_objects [get_hw_devices xc7a35t_0] -filter {CELL_NAME=~"my_ila"}]]
INFO: [Labtools 27-1966] The ILA core 'hw_ila_1' triggered at 2024-May-26 23:09:49
INFO: [Labtools 27-3304] ILA Waveform data saved to file C:/Users/User/Desktop/FPGA/hinhsin_rom/hinhsin_rom.hw/backup/hw_ila_data_1.ila. Use Tcl command 'import_hw_ila_data' or Vivado File->Import->Import ILA Data menu item to import the previously saved data.
run_hw_ila [get_hw_ilas -of_objects [get_hw_devices xc7a35t_0] -filter {CELL_NAME=~"my_ila"}] -trigger_now
INFO: [Labtools 27-1964] The ILA core 'hw_ila_1' trigger was armed at 2024-May-26 23:09:52
wait_on_hw_ila [get_hw_ilas -of_objects [get_hw_devices xc7a35t_0] -filter {CELL_NAME=~"my_ila"}]
display_hw_ila_data [upload_hw_ila_data [get_hw_ilas -of_objects [get_hw_devices xc7a35t_0] -filter {CELL_NAME=~"my_ila"}]]
INFO: [Labtools 27-1966] The ILA core 'hw_ila_1' triggered at 2024-May-26 23:09:52
INFO: [Labtools 27-3304] ILA Waveform data saved to file C:/Users/User/Desktop/FPGA/hinhsin_rom/hinhsin_rom.hw/backup/hw_ila_data_1.ila. Use Tcl command 'import_hw_ila_data' or Vivado File->Import->Import ILA Data menu item to import the previously saved data.
run_hw_ila [get_hw_ilas -of_objects [get_hw_devices xc7a35t_0] -filter {CELL_NAME=~"my_ila"}] -trigger_now
INFO: [Labtools 27-1964] The ILA core 'hw_ila_1' trigger was armed at 2024-May-26 23:09:59
wait_on_hw_ila [get_hw_ilas -of_objects [get_hw_devices xc7a35t_0] -filter {CELL_NAME=~"my_ila"}]
display_hw_ila_data [upload_hw_ila_data [get_hw_ilas -of_objects [get_hw_devices xc7a35t_0] -filter {CELL_NAME=~"my_ila"}]]
INFO: [Labtools 27-1966] The ILA core 'hw_ila_1' triggered at 2024-May-26 23:09:59
INFO: [Labtools 27-3304] ILA Waveform data saved to file C:/Users/User/Desktop/FPGA/hinhsin_rom/hinhsin_rom.hw/backup/hw_ila_data_1.ila. Use Tcl command 'import_hw_ila_data' or Vivado File->Import->Import ILA Data menu item to import the previously saved data.
run_hw_ila [get_hw_ilas -of_objects [get_hw_devices xc7a35t_0] -filter {CELL_NAME=~"my_ila"}] -trigger_now
INFO: [Labtools 27-1964] The ILA core 'hw_ila_1' trigger was armed at 2024-May-26 23:10:05
wait_on_hw_ila [get_hw_ilas -of_objects [get_hw_devices xc7a35t_0] -filter {CELL_NAME=~"my_ila"}]
display_hw_ila_data [upload_hw_ila_data [get_hw_ilas -of_objects [get_hw_devices xc7a35t_0] -filter {CELL_NAME=~"my_ila"}]]
INFO: [Labtools 27-1966] The ILA core 'hw_ila_1' triggered at 2024-May-26 23:10:05
INFO: [Labtools 27-3304] ILA Waveform data saved to file C:/Users/User/Desktop/FPGA/hinhsin_rom/hinhsin_rom.hw/backup/hw_ila_data_1.ila. Use Tcl command 'import_hw_ila_data' or Vivado File->Import->Import ILA Data menu item to import the previously saved data.
run_hw_ila [get_hw_ilas -of_objects [get_hw_devices xc7a35t_0] -filter {CELL_NAME=~"my_ila"}] -trigger_now
INFO: [Labtools 27-1964] The ILA core 'hw_ila_1' trigger was armed at 2024-May-26 23:10:09
wait_on_hw_ila [get_hw_ilas -of_objects [get_hw_devices xc7a35t_0] -filter {CELL_NAME=~"my_ila"}]
display_hw_ila_data [upload_hw_ila_data [get_hw_ilas -of_objects [get_hw_devices xc7a35t_0] -filter {CELL_NAME=~"my_ila"}]]
INFO: [Labtools 27-1966] The ILA core 'hw_ila_1' triggered at 2024-May-26 23:10:09
INFO: [Labtools 27-3304] ILA Waveform data saved to file C:/Users/User/Desktop/FPGA/hinhsin_rom/hinhsin_rom.hw/backup/hw_ila_data_1.ila. Use Tcl command 'import_hw_ila_data' or Vivado File->Import->Import ILA Data menu item to import the previously saved data.
run_hw_ila [get_hw_ilas -of_objects [get_hw_devices xc7a35t_0] -filter {CELL_NAME=~"my_ila"}] -trigger_now
INFO: [Labtools 27-1964] The ILA core 'hw_ila_1' trigger was armed at 2024-May-26 23:10:12
wait_on_hw_ila [get_hw_ilas -of_objects [get_hw_devices xc7a35t_0] -filter {CELL_NAME=~"my_ila"}]
display_hw_ila_data [upload_hw_ila_data [get_hw_ilas -of_objects [get_hw_devices xc7a35t_0] -filter {CELL_NAME=~"my_ila"}]]
INFO: [Labtools 27-1966] The ILA core 'hw_ila_1' triggered at 2024-May-26 23:10:12
INFO: [Labtools 27-3304] ILA Waveform data saved to file C:/Users/User/Desktop/FPGA/hinhsin_rom/hinhsin_rom.hw/backup/hw_ila_data_1.ila. Use Tcl command 'import_hw_ila_data' or Vivado File->Import->Import ILA Data menu item to import the previously saved data.
run_hw_ila [get_hw_ilas -of_objects [get_hw_devices xc7a35t_0] -filter {CELL_NAME=~"my_ila"}] -trigger_now
INFO: [Labtools 27-1964] The ILA core 'hw_ila_1' trigger was armed at 2024-May-26 23:10:16
wait_on_hw_ila [get_hw_ilas -of_objects [get_hw_devices xc7a35t_0] -filter {CELL_NAME=~"my_ila"}]
display_hw_ila_data [upload_hw_ila_data [get_hw_ilas -of_objects [get_hw_devices xc7a35t_0] -filter {CELL_NAME=~"my_ila"}]]
INFO: [Labtools 27-1966] The ILA core 'hw_ila_1' triggered at 2024-May-26 23:10:16
INFO: [Labtools 27-3304] ILA Waveform data saved to file C:/Users/User/Desktop/FPGA/hinhsin_rom/hinhsin_rom.hw/backup/hw_ila_data_1.ila. Use Tcl command 'import_hw_ila_data' or Vivado File->Import->Import ILA Data menu item to import the previously saved data.
run_hw_ila [get_hw_ilas -of_objects [get_hw_devices xc7a35t_0] -filter {CELL_NAME=~"my_ila"}] -trigger_now
INFO: [Labtools 27-1964] The ILA core 'hw_ila_1' trigger was armed at 2024-May-26 23:10:19
wait_on_hw_ila [get_hw_ilas -of_objects [get_hw_devices xc7a35t_0] -filter {CELL_NAME=~"my_ila"}]
display_hw_ila_data [upload_hw_ila_data [get_hw_ilas -of_objects [get_hw_devices xc7a35t_0] -filter {CELL_NAME=~"my_ila"}]]
INFO: [Labtools 27-1966] The ILA core 'hw_ila_1' triggered at 2024-May-26 23:10:19
INFO: [Labtools 27-3304] ILA Waveform data saved to file C:/Users/User/Desktop/FPGA/hinhsin_rom/hinhsin_rom.hw/backup/hw_ila_data_1.ila. Use Tcl command 'import_hw_ila_data' or Vivado File->Import->Import ILA Data menu item to import the previously saved data.
run_hw_ila [get_hw_ilas -of_objects [get_hw_devices xc7a35t_0] -filter {CELL_NAME=~"my_ila"}] -trigger_now
INFO: [Labtools 27-1964] The ILA core 'hw_ila_1' trigger was armed at 2024-May-26 23:10:23
wait_on_hw_ila [get_hw_ilas -of_objects [get_hw_devices xc7a35t_0] -filter {CELL_NAME=~"my_ila"}]
display_hw_ila_data [upload_hw_ila_data [get_hw_ilas -of_objects [get_hw_devices xc7a35t_0] -filter {CELL_NAME=~"my_ila"}]]
INFO: [Labtools 27-1966] The ILA core 'hw_ila_1' triggered at 2024-May-26 23:10:23
INFO: [Labtools 27-3304] ILA Waveform data saved to file C:/Users/User/Desktop/FPGA/hinhsin_rom/hinhsin_rom.hw/backup/hw_ila_data_1.ila. Use Tcl command 'import_hw_ila_data' or Vivado File->Import->Import ILA Data menu item to import the previously saved data.
run_hw_ila [get_hw_ilas -of_objects [get_hw_devices xc7a35t_0] -filter {CELL_NAME=~"my_ila"}] -trigger_now
INFO: [Labtools 27-1964] The ILA core 'hw_ila_1' trigger was armed at 2024-May-26 23:10:26
wait_on_hw_ila [get_hw_ilas -of_objects [get_hw_devices xc7a35t_0] -filter {CELL_NAME=~"my_ila"}]
display_hw_ila_data [upload_hw_ila_data [get_hw_ilas -of_objects [get_hw_devices xc7a35t_0] -filter {CELL_NAME=~"my_ila"}]]
INFO: [Labtools 27-1966] The ILA core 'hw_ila_1' triggered at 2024-May-26 23:10:26
INFO: [Labtools 27-3304] ILA Waveform data saved to file C:/Users/User/Desktop/FPGA/hinhsin_rom/hinhsin_rom.hw/backup/hw_ila_data_1.ila. Use Tcl command 'import_hw_ila_data' or Vivado File->Import->Import ILA Data menu item to import the previously saved data.
run_hw_ila [get_hw_ilas -of_objects [get_hw_devices xc7a35t_0] -filter {CELL_NAME=~"my_ila"}] -trigger_now
INFO: [Labtools 27-1964] The ILA core 'hw_ila_1' trigger was armed at 2024-May-26 23:10:30
wait_on_hw_ila [get_hw_ilas -of_objects [get_hw_devices xc7a35t_0] -filter {CELL_NAME=~"my_ila"}]
display_hw_ila_data [upload_hw_ila_data [get_hw_ilas -of_objects [get_hw_devices xc7a35t_0] -filter {CELL_NAME=~"my_ila"}]]
INFO: [Labtools 27-1966] The ILA core 'hw_ila_1' triggered at 2024-May-26 23:10:30
INFO: [Labtools 27-3304] ILA Waveform data saved to file C:/Users/User/Desktop/FPGA/hinhsin_rom/hinhsin_rom.hw/backup/hw_ila_data_1.ila. Use Tcl command 'import_hw_ila_data' or Vivado File->Import->Import ILA Data menu item to import the previously saved data.
run_hw_ila [get_hw_ilas -of_objects [get_hw_devices xc7a35t_0] -filter {CELL_NAME=~"my_ila"}] -trigger_now
INFO: [Labtools 27-1964] The ILA core 'hw_ila_1' trigger was armed at 2024-May-26 23:10:33
wait_on_hw_ila [get_hw_ilas -of_objects [get_hw_devices xc7a35t_0] -filter {CELL_NAME=~"my_ila"}]
display_hw_ila_data [upload_hw_ila_data [get_hw_ilas -of_objects [get_hw_devices xc7a35t_0] -filter {CELL_NAME=~"my_ila"}]]
INFO: [Labtools 27-1966] The ILA core 'hw_ila_1' triggered at 2024-May-26 23:10:33
INFO: [Labtools 27-3304] ILA Waveform data saved to file C:/Users/User/Desktop/FPGA/hinhsin_rom/hinhsin_rom.hw/backup/hw_ila_data_1.ila. Use Tcl command 'import_hw_ila_data' or Vivado File->Import->Import ILA Data menu item to import the previously saved data.
run_hw_ila [get_hw_ilas -of_objects [get_hw_devices xc7a35t_0] -filter {CELL_NAME=~"my_ila"}] -trigger_now
INFO: [Labtools 27-1964] The ILA core 'hw_ila_1' trigger was armed at 2024-May-26 23:10:37
wait_on_hw_ila [get_hw_ilas -of_objects [get_hw_devices xc7a35t_0] -filter {CELL_NAME=~"my_ila"}]
display_hw_ila_data [upload_hw_ila_data [get_hw_ilas -of_objects [get_hw_devices xc7a35t_0] -filter {CELL_NAME=~"my_ila"}]]
INFO: [Labtools 27-1966] The ILA core 'hw_ila_1' triggered at 2024-May-26 23:10:37
INFO: [Labtools 27-3304] ILA Waveform data saved to file C:/Users/User/Desktop/FPGA/hinhsin_rom/hinhsin_rom.hw/backup/hw_ila_data_1.ila. Use Tcl command 'import_hw_ila_data' or Vivado File->Import->Import ILA Data menu item to import the previously saved data.
