#-----------------------------------------------------------
# Vivado v2017.4 (64-bit)
# SW Build 2086221 on Fri Dec 15 20:55:39 MST 2017
# IP Build 2085800 on Fri Dec 15 22:25:07 MST 2017
# Start of session at: Mon May 27 08:34:52 2024
# Process ID: 8636
# Current directory: C:/Users/Admin/Desktop/verilog/hinhsin_rom
# Command line: vivado.exe -gui_launcher_event rodinguilauncherevent17624 C:\Users\Admin\Desktop\verilog\hinhsin_rom\hinhsin_rom.xpr
# Log file: C:/Users/Admin/Desktop/verilog/hinhsin_rom/vivado.log
# Journal file: C:/Users/Admin/Desktop/verilog/hinhsin_rom\vivado.jou
#-----------------------------------------------------------
start_gui
open_project C:/Users/Admin/Desktop/verilog/hinhsin_rom/hinhsin_rom.xpr
Scanning sources...
Finished scanning sources
INFO: [IP_Flow 19-234] Refreshing IP repositories
INFO: [IP_Flow 19-1704] No user IP repositories specified
INFO: [IP_Flow 19-2313] Loaded Vivado IP repository 'C:/Xilinx/Vivado/2017.4/data/ip'.
update_compile_order -fileset sources_1
exit
INFO: [Common 17-206] Exiting Vivado at Mon May 27 08:39:03 2024...
