#-----------------------------------------------------------
# Vivado v2017.4 (64-bit)
# SW Build 2086221 on Fri Dec 15 20:55:39 MST 2017
# IP Build 2085800 on Fri Dec 15 22:25:07 MST 2017
# Start of session at: Thu Mar 28 07:46:24 2024
# Process ID: 2100
# Current directory: C:/Users/Admin/Desktop/verilog/clock_disp
# Command line: vivado.exe -gui_launcher_event rodinguilauncherevent18280 C:\Users\Admin\Desktop\verilog\clock_disp\clock_disp.xpr
# Log file: C:/Users/Admin/Desktop/verilog/clock_disp/vivado.log
# Journal file: C:/Users/Admin/Desktop/verilog/clock_disp\vivado.jou
#-----------------------------------------------------------
start_gui
open_project C:/Users/Admin/Desktop/verilog/clock_disp/clock_disp.xpr
INFO: [Project 1-313] Project file moved from 'C:/Vidu/clock_disp' since last save.
Scanning sources...
Finished scanning sources
INFO: [IP_Flow 19-234] Refreshing IP repositories
INFO: [IP_Flow 19-1704] No user IP repositories specified
INFO: [IP_Flow 19-2313] Loaded Vivado IP repository 'C:/Xilinx/Vivado/2017.4/data/ip'.
update_compile_order -fileset sources_1
reset_run synth_1
launch_runs synth_1 -jobs 6
[Thu Mar 28 11:05:31 2024] Launched synth_1...
Run output will be captured here: C:/Users/Admin/Desktop/verilog/clock_disp/clock_disp.runs/synth_1/runme.log
exit
INFO: [Common 17-206] Exiting Vivado at Thu Mar 28 11:06:42 2024...
