#-----------------------------------------------------------
# Vivado v2017.4 (64-bit)
# SW Build 2086221 on Fri Dec 15 20:55:39 MST 2017
# IP Build 2085800 on Fri Dec 15 22:25:07 MST 2017
# Start of session at: Mon May 27 09:57:12 2024
# Process ID: 2912
# Current directory: C:/xilinx/Downloads/Sine_wave
# Command line: vivado.exe -gui_launcher_event rodinguilauncherevent8204 C:\xilinx\Downloads\Sine_wave\Sine_wave.xpr
# Log file: C:/xilinx/Downloads/Sine_wave/vivado.log
# Journal file: C:/xilinx/Downloads/Sine_wave\vivado.jou
#-----------------------------------------------------------
start_gui
open_project C:/xilinx/Downloads/Sine_wave/Sine_wave.xpr
Scanning sources...
Finished scanning sources
INFO: [IP_Flow 19-234] Refreshing IP repositories
INFO: [IP_Flow 19-1704] No user IP repositories specified
INFO: [IP_Flow 19-2313] Loaded Vivado IP repository 'C:/xilinx/Vivado/2017.4/data/ip'.
open_project: Time (s): cpu = 00:00:06 ; elapsed = 00:00:07 . Memory (MB): peak = 871.258 ; gain = 137.262
update_compile_order -fileset sources_1
open_hw
connect_hw_server
INFO: [Labtools 27-2285] Connecting to hw_server url TCP:localhost:3121
open_hw_target
INFO: [Labtoolstcl 44-466] Opening hw_target localhost:3121/xilinx_tcf/Digilent/210512180081
set_property PROGRAM.FILE {C:/xilinx/Downloads/Sine_wave/Sine_wave.runs/impl_1/sine_wave.bit} [get_hw_devices xc7a35t_0]
set_property PROBES.FILE {C:/xilinx/Downloads/Sine_wave/Sine_wave.runs/impl_1/sine_wave.ltx} [get_hw_devices xc7a35t_0]
set_property FULL_PROBES.FILE {C:/xilinx/Downloads/Sine_wave/Sine_wave.runs/impl_1/sine_wave.ltx} [get_hw_devices xc7a35t_0]
current_hw_device [get_hw_devices xc7a35t_0]
refresh_hw_device [lindex [get_hw_devices xc7a35t_0] 0]
INFO: [Labtools 27-1434] Device xc7a35t (JTAG device index = 0) is programmed with a design that has no supported debug core(s) in it.
WARNING: [Labtools 27-3361] The debug hub core was not detected.
Resolution: 
1. Make sure the clock connected to the debug hub (dbg_hub) core is a free running clock and is active.
2. Make sure the BSCAN_SWITCH_USER_MASK device property in Vivado Hardware Manager reflects the user scan chain setting in the design and refresh the device.  To determine the user scan chain setting in the design, open the implemented design and use 'get_property C_USER_SCAN_CHAIN [get_debug_cores dbg_hub]'.
For more details on setting the scan chain property, consult the Vivado Debug and Programming User Guide (UG908).
WARNING: [Labtools 27-3403] Dropping logic core with cellname:'ila' from probes file, since it cannot be found on the programmed device.
set_property PROBES.FILE {C:/xilinx/Downloads/Sine_wave/Sine_wave.runs/impl_1/sine_wave.ltx} [get_hw_devices xc7a35t_0]
set_property FULL_PROBES.FILE {C:/xilinx/Downloads/Sine_wave/Sine_wave.runs/impl_1/sine_wave.ltx} [get_hw_devices xc7a35t_0]
set_property PROGRAM.FILE {C:/xilinx/Downloads/Sine_wave/Sine_wave.runs/impl_1/sine_wave.bit} [get_hw_devices xc7a35t_0]
program_hw_devices [get_hw_devices xc7a35t_0]
INFO: [Labtools 27-3164] End of startup status: HIGH
refresh_hw_device [lindex [get_hw_devices xc7a35t_0] 0]
INFO: [Labtools 27-2302] Device xc7a35t (JTAG device index = 0) is programmed with a design that has 1 ILA core(s).
display_hw_ila_data [ get_hw_ila_data hw_ila_data_1 -of_objects [get_hw_ilas -of_objects [get_hw_devices xc7a35t_0] -filter {CELL_NAME=~"ila"}]]
INFO: [Labtools 27-3304] ILA Waveform data saved to file C:/xilinx/Downloads/Sine_wave/Sine_wave.hw/backup/hw_ila_data_1.ila. Use Tcl command 'import_hw_ila_data' or Vivado File->Import->Import ILA Data menu item to import the previously saved data.
run_hw_ila [get_hw_ilas -of_objects [get_hw_devices xc7a35t_0] -filter {CELL_NAME=~"ila"}]
INFO: [Labtools 27-1964] The ILA core 'hw_ila_1' trigger was armed at 2024-May-27 10:06:01
wait_on_hw_ila [get_hw_ilas -of_objects [get_hw_devices xc7a35t_0] -filter {CELL_NAME=~"ila"}]
display_hw_ila_data [upload_hw_ila_data [get_hw_ilas -of_objects [get_hw_devices xc7a35t_0] -filter {CELL_NAME=~"ila"}]]
INFO: [Labtools 27-1966] The ILA core 'hw_ila_1' triggered at 2024-May-27 10:06:01
INFO: [Labtools 27-3304] ILA Waveform data saved to file C:/xilinx/Downloads/Sine_wave/Sine_wave.hw/backup/hw_ila_data_1.ila. Use Tcl command 'import_hw_ila_data' or Vivado File->Import->Import ILA Data menu item to import the previously saved data.
save_wave_config {C:/xilinx/Downloads/Sine_wave/Sine_wave.hw/hw_1/wave/hw_ila_data_1/hw_ila_data_1.wcfg}
exit
INFO: [Common 17-206] Exiting Vivado at Mon May 27 10:06:15 2024...
