#-----------------------------------------------------------
# Vivado v2017.4 (64-bit)
# SW Build 2086221 on Fri Dec 15 20:55:39 MST 2017
# IP Build 2085800 on Fri Dec 15 22:25:07 MST 2017
# Start of session at: Sun May 26 22:33:53 2024
# Process ID: 19676
# Current directory: C:/Users/User/Desktop/FPGA/hinhsin_rom
# Command line: vivado.exe -gui_launcher_event rodinguilauncherevent5884 C:\Users\User\Desktop\FPGA\hinhsin_rom\hinhsin_rom.xpr
# Log file: C:/Users/User/Desktop/FPGA/hinhsin_rom/vivado.log
# Journal file: C:/Users/User/Desktop/FPGA/hinhsin_rom\vivado.jou
#-----------------------------------------------------------
start_gui
open_project C:/Users/User/Desktop/FPGA/hinhsin_rom/hinhsin_rom.xpr
Scanning sources...
Finished scanning sources
INFO: [IP_Flow 19-234] Refreshing IP repositories
INFO: [IP_Flow 19-1704] No user IP repositories specified
INFO: [IP_Flow 19-2313] Loaded Vivado IP repository 'D:/Vivado/2017.4/data/ip'.
open_project: Time (s): cpu = 00:00:12 ; elapsed = 00:00:08 . Memory (MB): peak = 812.863 ; gain = 117.992
update_compile_order -fileset sources_1
open_hw
open_hw: Time (s): cpu = 00:00:01 ; elapsed = 00:00:10 . Memory (MB): peak = 822.520 ; gain = 0.000
exit
INFO: [Common 17-206] Exiting Vivado at Sun May 26 22:40:13 2024...
